[0.060s] Invoking command in '/home/pi/axior_ws/src/axior_software/build/aruco_msgs': CMAKE_PREFIX_PATH=/opt/ros/humble /usr/bin/cmake /home/pi/axior_ws/src/axior_software/packages/aruco_localization/aruco_msgs -DCMAKE_INSTALL_PREFIX=/home/pi/axior_ws/src/axior_software/install/aruco_msgs
[0.129s] -- Found ament_cmake: 1.3.8 (/opt/ros/humble/share/ament_cmake/cmake)
[0.890s] -- Found std_msgs: 4.2.3 (/opt/ros/humble/share/std_msgs/cmake)
[1.153s] -- Found rosidl_generator_c: 3.1.5 (/opt/ros/humble/share/rosidl_generator_c/cmake)
[1.158s] -- Found rosidl_adapter: 3.1.5 (/opt/ros/humble/share/rosidl_adapter/cmake)
[1.191s] -- Found rosidl_generator_cpp: 3.1.5 (/opt/ros/humble/share/rosidl_generator_cpp/cmake)
[1.251s] -- Using all available rosidl_typesupport_c: rosidl_typesupport_fastrtps_c;rosidl_typesupport_introspection_c
[1.337s] -- Using all available rosidl_typesupport_cpp: rosidl_typesupport_fastrtps_cpp;rosidl_typesupport_introspection_cpp
[1.594s] -- Found geometry_msgs: 4.2.3 (/opt/ros/humble/share/geometry_msgs/cmake)
[1.775s] -- Found rosidl_default_generators: 1.2.0 (/opt/ros/humble/share/rosidl_default_generators/cmake)
[3.277s] -- Found ament_cmake_ros: 0.10.0 (/opt/ros/humble/share/ament_cmake_ros/cmake)
[5.431s] -- Using all available rosidl_typesupport_c: rosidl_typesupport_fastrtps_c;rosidl_typesupport_introspection_c
[6.194s] -- Using all available rosidl_typesupport_cpp: rosidl_typesupport_fastrtps_cpp;rosidl_typesupport_introspection_cpp
[6.313s] -- Found python_cmake_module: 0.10.0 (/opt/ros/humble/share/python_cmake_module/cmake)
[6.429s] -- Using PYTHON_EXECUTABLE: /usr/bin/python3
[6.430s] -- Using PYTHON_INCLUDE_DIRS: /usr/include/python3.10
[6.431s] -- Using PYTHON_LIBRARIES: /usr/lib/aarch64-linux-gnu/libpython3.10.so
[6.737s] [31mCMake Error at CMakeLists.txt:21 (find_package):
[6.738s]   By not providing "Findament_lint_auto.cmake" in CMAKE_MODULE_PATH this
[6.738s]   project has asked CMake to find a package configuration file provided by
[6.739s]   "ament_lint_auto", but CMake did not find one.
[6.739s] 
[6.739s]   Could not find a package configuration file provided by "ament_lint_auto"
[6.740s]   with any of the following names:
[6.741s] 
[6.741s]     ament_lint_autoConfig.cmake
[6.742s]     ament_lint_auto-config.cmake
[6.751s] 
[6.757s]   Add the installation prefix of "ament_lint_auto" to CMAKE_PREFIX_PATH or
[6.759s]   set "ament_lint_auto_DIR" to a directory containing one of the above files.
[6.761s]   If "ament_lint_auto" provides a separate development package or SDK, be
[6.762s]   sure it has been installed.
[6.763s] 
[6.764s] [0m
[6.768s] -- Configuring incomplete, errors occurred!
[6.770s] See also "/home/pi/axior_ws/src/axior_software/build/aruco_msgs/CMakeFiles/CMakeOutput.log".
[6.772s] Invoked command in '/home/pi/axior_ws/src/axior_software/build/aruco_msgs' returned '1': CMAKE_PREFIX_PATH=/opt/ros/humble /usr/bin/cmake /home/pi/axior_ws/src/axior_software/packages/aruco_localization/aruco_msgs -DCMAKE_INSTALL_PREFIX=/home/pi/axior_ws/src/axior_software/install/aruco_msgs
