[0.056s] Invoking command in '/home/pi/axior_ws/src/axior_software/build/aruco': CMAKE_PREFIX_PATH=/opt/ros/humble /usr/bin/cmake --build /home/pi/axior_ws/src/axior_software/build/aruco -- -j4 -l4
[0.299s] [100%] Built target aruco
[0.344s] Invoked command in '/home/pi/axior_ws/src/axior_software/build/aruco' returned '0': CMAKE_PREFIX_PATH=/opt/ros/humble /usr/bin/cmake --build /home/pi/axior_ws/src/axior_software/build/aruco -- -j4 -l4
[0.763s] Invoking command in '/home/pi/axior_ws/src/axior_software/build/aruco': CMAKE_PREFIX_PATH=/opt/ros/humble /usr/bin/cmake --install /home/pi/axior_ws/src/axior_software/build/aruco
[0.789s] -- Install configuration: ""
[0.791s] -- Execute custom install script
[0.792s] -- Up-to-date symlink: /home/pi/axior_ws/src/axior_software/install/aruco/lib/libaruco.so
[0.796s] -- Up-to-date symlink: /home/pi/axior_ws/src/axior_software/install/aruco/include/aruco/aruco.h
[0.800s] -- Up-to-date symlink: /home/pi/axior_ws/src/axior_software/install/aruco/include/aruco/aruco_cvversioning.h
[0.803s] -- Up-to-date symlink: /home/pi/axior_ws/src/axior_software/install/aruco/include/aruco/aruco_export.h
[0.806s] -- Up-to-date symlink: /home/pi/axior_ws/src/axior_software/install/aruco/include/aruco/cameraparameters.h
[0.811s] -- Up-to-date symlink: /home/pi/axior_ws/src/axior_software/install/aruco/include/aruco/cvdrawingutils.h
[0.814s] -- Up-to-date symlink: /home/pi/axior_ws/src/axior_software/install/aruco/include/aruco/debug.h
[0.834s] -- Up-to-date symlink: /home/pi/axior_ws/src/axior_software/install/aruco/include/aruco/dictionary.h
[0.836s] -- Up-to-date symlink: /home/pi/axior_ws/src/axior_software/install/aruco/include/aruco/dictionary_based.h
[0.837s] -- Up-to-date symlink: /home/pi/axior_ws/src/axior_software/install/aruco/include/aruco/fractaldetector.h
[0.837s] -- Up-to-date symlink: /home/pi/axior_ws/src/axior_software/install/aruco/include/aruco/fractallabelers/fractallabeler.h
[0.838s] -- Up-to-date symlink: /home/pi/axior_ws/src/axior_software/install/aruco/include/aruco/fractallabelers/fractalmarker.h
[0.838s] -- Up-to-date symlink: /home/pi/axior_ws/src/axior_software/install/aruco/include/aruco/fractallabelers/fractalmarkerset.h
[0.838s] -- Up-to-date symlink: /home/pi/axior_ws/src/axior_software/install/aruco/include/aruco/fractallabelers/fractalposetracker.h
[0.839s] -- Up-to-date symlink: /home/pi/axior_ws/src/axior_software/install/aruco/include/aruco/ippe.h
[0.839s] -- Up-to-date symlink: /home/pi/axior_ws/src/axior_software/install/aruco/include/aruco/levmarq.h
[0.839s] -- Up-to-date symlink: /home/pi/axior_ws/src/axior_software/install/aruco/include/aruco/marker.h
[0.840s] -- Up-to-date symlink: /home/pi/axior_ws/src/axior_software/install/aruco/include/aruco/markerdetector.h
[0.840s] -- Up-to-date symlink: /home/pi/axior_ws/src/axior_software/install/aruco/include/aruco/markerdetector_impl.h
[0.840s] -- Up-to-date symlink: /home/pi/axior_ws/src/axior_software/install/aruco/include/aruco/markerlabeler.h
[0.841s] -- Up-to-date symlink: /home/pi/axior_ws/src/axior_software/install/aruco/include/aruco/markermap.h
[0.841s] -- Up-to-date symlink: /home/pi/axior_ws/src/axior_software/install/aruco/include/aruco/picoflann.h
[0.841s] -- Up-to-date symlink: /home/pi/axior_ws/src/axior_software/install/aruco/include/aruco/posetracker.h
[0.842s] -- Up-to-date symlink: /home/pi/axior_ws/src/axior_software/install/aruco/include/aruco/timers.h
[0.842s] -- Up-to-date symlink: /home/pi/axior_ws/src/axior_software/install/aruco/share/aruco/environment/library_path.sh
[0.842s] -- Up-to-date symlink: /home/pi/axior_ws/src/axior_software/install/aruco/share/aruco/environment/library_path.dsv
[0.842s] -- Up-to-date symlink: /home/pi/axior_ws/src/axior_software/install/aruco/share/ament_index/resource_index/package_run_dependencies/aruco
[0.843s] -- Up-to-date symlink: /home/pi/axior_ws/src/axior_software/install/aruco/share/ament_index/resource_index/parent_prefix_path/aruco
[0.845s] -- Up-to-date symlink: /home/pi/axior_ws/src/axior_software/install/aruco/share/aruco/environment/ament_prefix_path.sh
[0.845s] -- Up-to-date symlink: /home/pi/axior_ws/src/axior_software/install/aruco/share/aruco/environment/ament_prefix_path.dsv
[0.847s] -- Up-to-date symlink: /home/pi/axior_ws/src/axior_software/install/aruco/share/aruco/environment/path.sh
[0.847s] -- Up-to-date symlink: /home/pi/axior_ws/src/axior_software/install/aruco/share/aruco/environment/path.dsv
[0.848s] -- Up-to-date symlink: /home/pi/axior_ws/src/axior_software/install/aruco/share/aruco/local_setup.bash
[0.848s] -- Up-to-date symlink: /home/pi/axior_ws/src/axior_software/install/aruco/share/aruco/local_setup.sh
[0.848s] -- Up-to-date symlink: /home/pi/axior_ws/src/axior_software/install/aruco/share/aruco/local_setup.zsh
[0.848s] -- Up-to-date symlink: /home/pi/axior_ws/src/axior_software/install/aruco/share/aruco/local_setup.dsv
[0.849s] -- Symlinking: /home/pi/axior_ws/src/axior_software/install/aruco/share/aruco/package.dsv
[0.878s] -- Up-to-date symlink: /home/pi/axior_ws/src/axior_software/install/aruco/share/ament_index/resource_index/packages/aruco
[0.880s] -- Up-to-date symlink: /home/pi/axior_ws/src/axior_software/install/aruco/share/aruco/cmake/ament_cmake_export_include_directories-extras.cmake
[0.882s] -- Up-to-date symlink: /home/pi/axior_ws/src/axior_software/install/aruco/share/aruco/cmake/ament_cmake_export_libraries-extras.cmake
[0.885s] -- Up-to-date symlink: /home/pi/axior_ws/src/axior_software/install/aruco/share/aruco/cmake/arucoConfig.cmake
[0.886s] -- Up-to-date symlink: /home/pi/axior_ws/src/axior_software/install/aruco/share/aruco/cmake/arucoConfig-version.cmake
[0.889s] -- Up-to-date symlink: /home/pi/axior_ws/src/axior_software/install/aruco/share/aruco/package.xml
[0.890s] Invoked command in '/home/pi/axior_ws/src/axior_software/build/aruco' returned '0': CMAKE_PREFIX_PATH=/opt/ros/humble /usr/bin/cmake --install /home/pi/axior_ws/src/axior_software/build/aruco
