[0.804s] DEBUG:colcon:Command line arguments: ['/usr/bin/colcon', 'build', '--symlink-install']
[0.805s] DEBUG:colcon:Parsed command line arguments: Namespace(log_base=None, log_level=None, verb_name='build', build_base='build', install_base='install', merge_install=False, symlink_install=True, test_result_base=None, continue_on_error=False, executor='parallel', parallel_workers=4, event_handlers=None, ignore_user_meta=False, metas=['./colcon.meta'], base_paths=['.'], packages_ignore=None, packages_ignore_regex=None, paths=None, packages_up_to=None, packages_up_to_regex=None, packages_above=None, packages_above_and_dependencies=None, packages_above_depth=None, packages_select_by_dep=None, packages_skip_by_dep=None, packages_skip_up_to=None, packages_select_build_failed=False, packages_skip_build_finished=False, packages_select_test_failures=False, packages_skip_test_passed=False, packages_select=None, packages_skip=None, packages_select_regex=None, packages_skip_regex=None, packages_start=None, packages_end=None, allow_overriding=[], cmake_args=None, cmake_target=None, cmake_target_skip_unavailable=False, cmake_clean_cache=False, cmake_clean_first=False, cmake_force_configure=False, ament_cmake_args=None, catkin_cmake_args=None, catkin_skip_building_tests=False, verb_parser=<colcon_defaults.argument_parser.defaults.DefaultArgumentsDecorator object at 0xffffa29bd240>, verb_extension=<colcon_core.verb.build.BuildVerb object at 0xffffa2afde40>, main=<bound method BuildVerb.main of <colcon_core.verb.build.BuildVerb object at 0xffffa2afde40>>)
[1.778s] Level 1:colcon.colcon_core.package_discovery:discover_packages(colcon_meta) check parameters
[1.778s] Level 1:colcon.colcon_core.package_discovery:discover_packages(recursive) check parameters
[1.778s] Level 1:colcon.colcon_core.package_discovery:discover_packages(ignore) check parameters
[1.779s] Level 1:colcon.colcon_core.package_discovery:discover_packages(path) check parameters
[1.779s] Level 1:colcon.colcon_core.package_discovery:discover_packages(colcon_meta) discover
[1.779s] Level 1:colcon.colcon_core.package_discovery:discover_packages(recursive) discover
[1.779s] INFO:colcon.colcon_core.package_discovery:Crawling recursively for packages in '/home/pi/axior_ws/src/axior_software'
[1.780s] Level 1:colcon.colcon_core.package_identification:_identify(.) by extensions ['ignore', 'ignore_ament_install']
[1.780s] Level 1:colcon.colcon_core.package_identification:_identify(.) by extension 'ignore'
[1.781s] Level 1:colcon.colcon_core.package_identification:_identify(.) by extension 'ignore_ament_install'
[1.781s] Level 1:colcon.colcon_core.package_identification:_identify(.) by extensions ['colcon_pkg']
[1.781s] Level 1:colcon.colcon_core.package_identification:_identify(.) by extension 'colcon_pkg'
[1.781s] Level 1:colcon.colcon_core.package_identification:_identify(.) by extensions ['colcon_meta']
[1.782s] Level 1:colcon.colcon_core.package_identification:_identify(.) by extension 'colcon_meta'
[1.782s] Level 1:colcon.colcon_core.package_identification:_identify(.) by extensions ['ros']
[1.782s] Level 1:colcon.colcon_core.package_identification:_identify(.) by extension 'ros'
[1.826s] Level 1:colcon.colcon_core.package_identification:_identify(.) by extensions ['cmake', 'python']
[1.826s] Level 1:colcon.colcon_core.package_identification:_identify(.) by extension 'cmake'
[1.827s] Level 1:colcon.colcon_core.package_identification:_identify(.) by extension 'python'
[1.827s] Level 1:colcon.colcon_core.package_identification:_identify(.) by extensions ['python_setup_py']
[1.828s] Level 1:colcon.colcon_core.package_identification:_identify(.) by extension 'python_setup_py'
[1.828s] Level 1:colcon.colcon_core.package_identification:_identify(build) by extensions ['ignore', 'ignore_ament_install']
[1.829s] Level 1:colcon.colcon_core.package_identification:_identify(build) by extension 'ignore'
[1.829s] Level 1:colcon.colcon_core.package_identification:_identify(build) ignored
[1.830s] Level 1:colcon.colcon_core.package_identification:_identify(docs) by extensions ['ignore', 'ignore_ament_install']
[1.830s] Level 1:colcon.colcon_core.package_identification:_identify(docs) by extension 'ignore'
[1.831s] Level 1:colcon.colcon_core.package_identification:_identify(docs) by extension 'ignore_ament_install'
[1.831s] Level 1:colcon.colcon_core.package_identification:_identify(docs) by extensions ['colcon_pkg']
[1.831s] Level 1:colcon.colcon_core.package_identification:_identify(docs) by extension 'colcon_pkg'
[1.831s] Level 1:colcon.colcon_core.package_identification:_identify(docs) by extensions ['colcon_meta']
[1.831s] Level 1:colcon.colcon_core.package_identification:_identify(docs) by extension 'colcon_meta'
[1.832s] Level 1:colcon.colcon_core.package_identification:_identify(docs) by extensions ['ros']
[1.832s] Level 1:colcon.colcon_core.package_identification:_identify(docs) by extension 'ros'
[1.832s] Level 1:colcon.colcon_core.package_identification:_identify(docs) by extensions ['cmake', 'python']
[1.832s] Level 1:colcon.colcon_core.package_identification:_identify(docs) by extension 'cmake'
[1.833s] Level 1:colcon.colcon_core.package_identification:_identify(docs) by extension 'python'
[1.833s] Level 1:colcon.colcon_core.package_identification:_identify(docs) by extensions ['python_setup_py']
[1.833s] Level 1:colcon.colcon_core.package_identification:_identify(docs) by extension 'python_setup_py'
[1.833s] Level 1:colcon.colcon_core.package_identification:_identify(install) by extensions ['ignore', 'ignore_ament_install']
[1.834s] Level 1:colcon.colcon_core.package_identification:_identify(install) by extension 'ignore'
[1.834s] Level 1:colcon.colcon_core.package_identification:_identify(install) ignored
[1.835s] Level 1:colcon.colcon_core.package_identification:_identify(log) by extensions ['ignore', 'ignore_ament_install']
[1.835s] Level 1:colcon.colcon_core.package_identification:_identify(log) by extension 'ignore'
[1.835s] Level 1:colcon.colcon_core.package_identification:_identify(log) ignored
[1.836s] Level 1:colcon.colcon_core.package_identification:_identify(packages) by extensions ['ignore', 'ignore_ament_install']
[1.836s] Level 1:colcon.colcon_core.package_identification:_identify(packages) by extension 'ignore'
[1.836s] Level 1:colcon.colcon_core.package_identification:_identify(packages) by extension 'ignore_ament_install'
[1.836s] Level 1:colcon.colcon_core.package_identification:_identify(packages) by extensions ['colcon_pkg']
[1.837s] Level 1:colcon.colcon_core.package_identification:_identify(packages) by extension 'colcon_pkg'
[1.837s] Level 1:colcon.colcon_core.package_identification:_identify(packages) by extensions ['colcon_meta']
[1.837s] Level 1:colcon.colcon_core.package_identification:_identify(packages) by extension 'colcon_meta'
[1.837s] Level 1:colcon.colcon_core.package_identification:_identify(packages) by extensions ['ros']
[1.837s] Level 1:colcon.colcon_core.package_identification:_identify(packages) by extension 'ros'
[1.838s] Level 1:colcon.colcon_core.package_identification:_identify(packages) by extensions ['cmake', 'python']
[1.838s] Level 1:colcon.colcon_core.package_identification:_identify(packages) by extension 'cmake'
[1.838s] Level 1:colcon.colcon_core.package_identification:_identify(packages) by extension 'python'
[1.838s] Level 1:colcon.colcon_core.package_identification:_identify(packages) by extensions ['python_setup_py']
[1.838s] Level 1:colcon.colcon_core.package_identification:_identify(packages) by extension 'python_setup_py'
[1.839s] Level 1:colcon.colcon_core.package_identification:_identify(packages/aruco_localization) by extensions ['ignore', 'ignore_ament_install']
[1.839s] Level 1:colcon.colcon_core.package_identification:_identify(packages/aruco_localization) by extension 'ignore'
[1.839s] Level 1:colcon.colcon_core.package_identification:_identify(packages/aruco_localization) by extension 'ignore_ament_install'
[1.840s] Level 1:colcon.colcon_core.package_identification:_identify(packages/aruco_localization) by extensions ['colcon_pkg']
[1.840s] Level 1:colcon.colcon_core.package_identification:_identify(packages/aruco_localization) by extension 'colcon_pkg'
[1.840s] Level 1:colcon.colcon_core.package_identification:_identify(packages/aruco_localization) by extensions ['colcon_meta']
[1.840s] Level 1:colcon.colcon_core.package_identification:_identify(packages/aruco_localization) by extension 'colcon_meta'
[1.841s] Level 1:colcon.colcon_core.package_identification:_identify(packages/aruco_localization) by extensions ['ros']
[1.841s] Level 1:colcon.colcon_core.package_identification:_identify(packages/aruco_localization) by extension 'ros'
[1.841s] Level 1:colcon.colcon_core.package_identification:_identify(packages/aruco_localization) by extensions ['cmake', 'python']
[1.841s] Level 1:colcon.colcon_core.package_identification:_identify(packages/aruco_localization) by extension 'cmake'
[1.841s] Level 1:colcon.colcon_core.package_identification:_identify(packages/aruco_localization) by extension 'python'
[1.842s] Level 1:colcon.colcon_core.package_identification:_identify(packages/aruco_localization) by extensions ['python_setup_py']
[1.842s] Level 1:colcon.colcon_core.package_identification:_identify(packages/aruco_localization) by extension 'python_setup_py'
[1.842s] Level 1:colcon.colcon_core.package_identification:_identify(packages/aruco_localization/aruco) by extensions ['ignore', 'ignore_ament_install']
[1.843s] Level 1:colcon.colcon_core.package_identification:_identify(packages/aruco_localization/aruco) by extension 'ignore'
[1.843s] Level 1:colcon.colcon_core.package_identification:_identify(packages/aruco_localization/aruco) by extension 'ignore_ament_install'
[1.843s] Level 1:colcon.colcon_core.package_identification:_identify(packages/aruco_localization/aruco) by extensions ['colcon_pkg']
[1.843s] Level 1:colcon.colcon_core.package_identification:_identify(packages/aruco_localization/aruco) by extension 'colcon_pkg'
[1.844s] Level 1:colcon.colcon_core.package_identification:_identify(packages/aruco_localization/aruco) by extensions ['colcon_meta']
[1.844s] Level 1:colcon.colcon_core.package_identification:_identify(packages/aruco_localization/aruco) by extension 'colcon_meta'
[1.844s] Level 1:colcon.colcon_core.package_identification:_identify(packages/aruco_localization/aruco) by extensions ['ros']
[1.844s] Level 1:colcon.colcon_core.package_identification:_identify(packages/aruco_localization/aruco) by extension 'ros'
[1.853s] DEBUG:colcon.colcon_core.package_identification:Package 'packages/aruco_localization/aruco' with type 'ros.ament_cmake' and name 'aruco'
[1.854s] Level 1:colcon.colcon_core.package_identification:_identify(packages/aruco_localization/aruco_msgs) by extensions ['ignore', 'ignore_ament_install']
[1.854s] Level 1:colcon.colcon_core.package_identification:_identify(packages/aruco_localization/aruco_msgs) by extension 'ignore'
[1.855s] Level 1:colcon.colcon_core.package_identification:_identify(packages/aruco_localization/aruco_msgs) by extension 'ignore_ament_install'
[1.855s] Level 1:colcon.colcon_core.package_identification:_identify(packages/aruco_localization/aruco_msgs) by extensions ['colcon_pkg']
[1.855s] Level 1:colcon.colcon_core.package_identification:_identify(packages/aruco_localization/aruco_msgs) by extension 'colcon_pkg'
[1.856s] Level 1:colcon.colcon_core.package_identification:_identify(packages/aruco_localization/aruco_msgs) by extensions ['colcon_meta']
[1.856s] Level 1:colcon.colcon_core.package_identification:_identify(packages/aruco_localization/aruco_msgs) by extension 'colcon_meta'
[1.857s] Level 1:colcon.colcon_core.package_identification:_identify(packages/aruco_localization/aruco_msgs) by extensions ['ros']
[1.857s] Level 1:colcon.colcon_core.package_identification:_identify(packages/aruco_localization/aruco_msgs) by extension 'ros'
[1.865s] DEBUG:colcon.colcon_core.package_identification:Package 'packages/aruco_localization/aruco_msgs' with type 'ros.ament_cmake' and name 'aruco_msgs'
[1.866s] Level 1:colcon.colcon_core.package_identification:_identify(packages/aruco_localization/aruco_ros) by extensions ['ignore', 'ignore_ament_install']
[1.866s] Level 1:colcon.colcon_core.package_identification:_identify(packages/aruco_localization/aruco_ros) by extension 'ignore'
[1.867s] Level 1:colcon.colcon_core.package_identification:_identify(packages/aruco_localization/aruco_ros) by extension 'ignore_ament_install'
[1.867s] Level 1:colcon.colcon_core.package_identification:_identify(packages/aruco_localization/aruco_ros) by extensions ['colcon_pkg']
[1.867s] Level 1:colcon.colcon_core.package_identification:_identify(packages/aruco_localization/aruco_ros) by extension 'colcon_pkg'
[1.867s] Level 1:colcon.colcon_core.package_identification:_identify(packages/aruco_localization/aruco_ros) by extensions ['colcon_meta']
[1.868s] Level 1:colcon.colcon_core.package_identification:_identify(packages/aruco_localization/aruco_ros) by extension 'colcon_meta'
[1.868s] Level 1:colcon.colcon_core.package_identification:_identify(packages/aruco_localization/aruco_ros) by extensions ['ros']
[1.868s] Level 1:colcon.colcon_core.package_identification:_identify(packages/aruco_localization/aruco_ros) by extension 'ros'
[1.873s] DEBUG:colcon.colcon_core.package_identification:Package 'packages/aruco_localization/aruco_ros' with type 'ros.ament_cmake' and name 'aruco_ros'
[1.874s] Level 1:colcon.colcon_core.package_identification:_identify(scripts) by extensions ['ignore', 'ignore_ament_install']
[1.875s] Level 1:colcon.colcon_core.package_identification:_identify(scripts) by extension 'ignore'
[1.875s] Level 1:colcon.colcon_core.package_identification:_identify(scripts) by extension 'ignore_ament_install'
[1.875s] Level 1:colcon.colcon_core.package_identification:_identify(scripts) by extensions ['colcon_pkg']
[1.875s] Level 1:colcon.colcon_core.package_identification:_identify(scripts) by extension 'colcon_pkg'
[1.875s] Level 1:colcon.colcon_core.package_identification:_identify(scripts) by extensions ['colcon_meta']
[1.876s] Level 1:colcon.colcon_core.package_identification:_identify(scripts) by extension 'colcon_meta'
[1.876s] Level 1:colcon.colcon_core.package_identification:_identify(scripts) by extensions ['ros']
[1.876s] Level 1:colcon.colcon_core.package_identification:_identify(scripts) by extension 'ros'
[1.876s] Level 1:colcon.colcon_core.package_identification:_identify(scripts) by extensions ['cmake', 'python']
[1.877s] Level 1:colcon.colcon_core.package_identification:_identify(scripts) by extension 'cmake'
[1.877s] Level 1:colcon.colcon_core.package_identification:_identify(scripts) by extension 'python'
[1.877s] Level 1:colcon.colcon_core.package_identification:_identify(scripts) by extensions ['python_setup_py']
[1.877s] Level 1:colcon.colcon_core.package_identification:_identify(scripts) by extension 'python_setup_py'
[1.878s] Level 1:colcon.colcon_core.package_identification:_identify(setup) by extensions ['ignore', 'ignore_ament_install']
[1.878s] Level 1:colcon.colcon_core.package_identification:_identify(setup) by extension 'ignore'
[1.878s] Level 1:colcon.colcon_core.package_identification:_identify(setup) by extension 'ignore_ament_install'
[1.878s] Level 1:colcon.colcon_core.package_identification:_identify(setup) by extensions ['colcon_pkg']
[1.879s] Level 1:colcon.colcon_core.package_identification:_identify(setup) by extension 'colcon_pkg'
[1.879s] Level 1:colcon.colcon_core.package_identification:_identify(setup) by extensions ['colcon_meta']
[1.879s] Level 1:colcon.colcon_core.package_identification:_identify(setup) by extension 'colcon_meta'
[1.879s] Level 1:colcon.colcon_core.package_identification:_identify(setup) by extensions ['ros']
[1.879s] Level 1:colcon.colcon_core.package_identification:_identify(setup) by extension 'ros'
[1.880s] Level 1:colcon.colcon_core.package_identification:_identify(setup) by extensions ['cmake', 'python']
[1.880s] Level 1:colcon.colcon_core.package_identification:_identify(setup) by extension 'cmake'
[1.880s] Level 1:colcon.colcon_core.package_identification:_identify(setup) by extension 'python'
[1.880s] Level 1:colcon.colcon_core.package_identification:_identify(setup) by extensions ['python_setup_py']
[1.880s] Level 1:colcon.colcon_core.package_identification:_identify(setup) by extension 'python_setup_py'
[1.881s] Level 1:colcon.colcon_core.package_discovery:discover_packages(recursive) using defaults
[1.881s] Level 1:colcon.colcon_core.package_discovery:discover_packages(ignore) discover
[1.881s] Level 1:colcon.colcon_core.package_discovery:discover_packages(ignore) using defaults
[1.881s] Level 1:colcon.colcon_core.package_discovery:discover_packages(path) discover
[1.881s] Level 1:colcon.colcon_core.package_discovery:discover_packages(path) using defaults
[1.957s] Level 1:colcon.colcon_core.package_discovery:discover_packages(prefix_path) check parameters
[1.957s] Level 1:colcon.colcon_core.package_discovery:discover_packages(prefix_path) discover
[1.966s] DEBUG:colcon.colcon_installed_package_information.package_discovery:Found 96 installed packages in /opt/ros/humble
[1.969s] Level 1:colcon.colcon_core.package_discovery:discover_packages(prefix_path) using defaults
[2.025s] Level 5:colcon.colcon_core.verb:set package 'aruco' build argument 'cmake_args' from command line to 'None'
[2.025s] Level 5:colcon.colcon_core.verb:set package 'aruco' build argument 'cmake_target' from command line to 'None'
[2.025s] Level 5:colcon.colcon_core.verb:set package 'aruco' build argument 'cmake_target_skip_unavailable' from command line to 'False'
[2.025s] Level 5:colcon.colcon_core.verb:set package 'aruco' build argument 'cmake_clean_cache' from command line to 'False'
[2.026s] Level 5:colcon.colcon_core.verb:set package 'aruco' build argument 'cmake_clean_first' from command line to 'False'
[2.026s] Level 5:colcon.colcon_core.verb:set package 'aruco' build argument 'cmake_force_configure' from command line to 'False'
[2.026s] Level 5:colcon.colcon_core.verb:set package 'aruco' build argument 'ament_cmake_args' from command line to 'None'
[2.026s] Level 5:colcon.colcon_core.verb:set package 'aruco' build argument 'catkin_cmake_args' from command line to 'None'
[2.026s] Level 5:colcon.colcon_core.verb:set package 'aruco' build argument 'catkin_skip_building_tests' from command line to 'False'
[2.026s] DEBUG:colcon.colcon_core.verb:Building package 'aruco' with the following arguments: {'ament_cmake_args': None, 'build_base': '/home/pi/axior_ws/src/axior_software/build/aruco', 'catkin_cmake_args': None, 'catkin_skip_building_tests': False, 'cmake_args': None, 'cmake_clean_cache': False, 'cmake_clean_first': False, 'cmake_force_configure': False, 'cmake_target': None, 'cmake_target_skip_unavailable': False, 'install_base': '/home/pi/axior_ws/src/axior_software/install/aruco', 'merge_install': False, 'path': '/home/pi/axior_ws/src/axior_software/packages/aruco_localization/aruco', 'symlink_install': True, 'test_result_base': None}
[2.028s] Level 5:colcon.colcon_core.verb:set package 'aruco_msgs' build argument 'cmake_args' from command line to 'None'
[2.028s] Level 5:colcon.colcon_core.verb:set package 'aruco_msgs' build argument 'cmake_target' from command line to 'None'
[2.029s] Level 5:colcon.colcon_core.verb:set package 'aruco_msgs' build argument 'cmake_target_skip_unavailable' from command line to 'False'
[2.029s] Level 5:colcon.colcon_core.verb:set package 'aruco_msgs' build argument 'cmake_clean_cache' from command line to 'False'
[2.029s] Level 5:colcon.colcon_core.verb:set package 'aruco_msgs' build argument 'cmake_clean_first' from command line to 'False'
[2.029s] Level 5:colcon.colcon_core.verb:set package 'aruco_msgs' build argument 'cmake_force_configure' from command line to 'False'
[2.029s] Level 5:colcon.colcon_core.verb:set package 'aruco_msgs' build argument 'ament_cmake_args' from command line to 'None'
[2.029s] Level 5:colcon.colcon_core.verb:set package 'aruco_msgs' build argument 'catkin_cmake_args' from command line to 'None'
[2.029s] Level 5:colcon.colcon_core.verb:set package 'aruco_msgs' build argument 'catkin_skip_building_tests' from command line to 'False'
[2.030s] DEBUG:colcon.colcon_core.verb:Building package 'aruco_msgs' with the following arguments: {'ament_cmake_args': None, 'build_base': '/home/pi/axior_ws/src/axior_software/build/aruco_msgs', 'catkin_cmake_args': None, 'catkin_skip_building_tests': False, 'cmake_args': None, 'cmake_clean_cache': False, 'cmake_clean_first': False, 'cmake_force_configure': False, 'cmake_target': None, 'cmake_target_skip_unavailable': False, 'install_base': '/home/pi/axior_ws/src/axior_software/install/aruco_msgs', 'merge_install': False, 'path': '/home/pi/axior_ws/src/axior_software/packages/aruco_localization/aruco_msgs', 'symlink_install': True, 'test_result_base': None}
[2.031s] Level 5:colcon.colcon_core.verb:set package 'aruco_ros' build argument 'cmake_args' from command line to 'None'
[2.032s] Level 5:colcon.colcon_core.verb:set package 'aruco_ros' build argument 'cmake_target' from command line to 'None'
[2.032s] Level 5:colcon.colcon_core.verb:set package 'aruco_ros' build argument 'cmake_target_skip_unavailable' from command line to 'False'
[2.032s] Level 5:colcon.colcon_core.verb:set package 'aruco_ros' build argument 'cmake_clean_cache' from command line to 'False'
[2.032s] Level 5:colcon.colcon_core.verb:set package 'aruco_ros' build argument 'cmake_clean_first' from command line to 'False'
[2.032s] Level 5:colcon.colcon_core.verb:set package 'aruco_ros' build argument 'cmake_force_configure' from command line to 'False'
[2.032s] Level 5:colcon.colcon_core.verb:set package 'aruco_ros' build argument 'ament_cmake_args' from command line to 'None'
[2.032s] Level 5:colcon.colcon_core.verb:set package 'aruco_ros' build argument 'catkin_cmake_args' from command line to 'None'
[2.033s] Level 5:colcon.colcon_core.verb:set package 'aruco_ros' build argument 'catkin_skip_building_tests' from command line to 'False'
[2.033s] DEBUG:colcon.colcon_core.verb:Building package 'aruco_ros' with the following arguments: {'ament_cmake_args': None, 'build_base': '/home/pi/axior_ws/src/axior_software/build/aruco_ros', 'catkin_cmake_args': None, 'catkin_skip_building_tests': False, 'cmake_args': None, 'cmake_clean_cache': False, 'cmake_clean_first': False, 'cmake_force_configure': False, 'cmake_target': None, 'cmake_target_skip_unavailable': False, 'install_base': '/home/pi/axior_ws/src/axior_software/install/aruco_ros', 'merge_install': False, 'path': '/home/pi/axior_ws/src/axior_software/packages/aruco_localization/aruco_ros', 'symlink_install': True, 'test_result_base': None}
[2.034s] INFO:colcon.colcon_core.executor:Executing jobs using 'parallel' executor
[2.038s] DEBUG:colcon.colcon_parallel_executor.executor.parallel:run_until_complete
[2.039s] INFO:colcon.colcon_ros.task.ament_cmake.build:Building ROS package in '/home/pi/axior_ws/src/axior_software/packages/aruco_localization/aruco' with build type 'ament_cmake'
[2.040s] INFO:colcon.colcon_cmake.task.cmake.build:Building CMake package in '/home/pi/axior_ws/src/axior_software/packages/aruco_localization/aruco'
[2.050s] INFO:colcon.colcon_core.plugin_system:Skipping extension 'colcon_core.shell.bat': Not used on non-Windows systems
[2.051s] INFO:colcon.colcon_core.shell:Skip shell extension 'powershell' for command environment: Not usable outside of PowerShell
[2.051s] DEBUG:colcon.colcon_core.shell:Skip shell extension 'dsv' for command environment
[2.062s] INFO:colcon.colcon_ros.task.ament_cmake.build:Building ROS package in '/home/pi/axior_ws/src/axior_software/packages/aruco_localization/aruco_msgs' with build type 'ament_cmake'
[2.063s] INFO:colcon.colcon_cmake.task.cmake.build:Building CMake package in '/home/pi/axior_ws/src/axior_software/packages/aruco_localization/aruco_msgs'
[2.064s] INFO:colcon.colcon_core.shell:Skip shell extension 'powershell' for command environment: Not usable outside of PowerShell
[2.064s] DEBUG:colcon.colcon_core.shell:Skip shell extension 'dsv' for command environment
[2.098s] DEBUG:colcon.colcon_core.event_handler.log_command:Invoking command in '/home/pi/axior_ws/src/axior_software/build/aruco': CMAKE_PREFIX_PATH=/opt/ros/humble /usr/bin/cmake --build /home/pi/axior_ws/src/axior_software/build/aruco -- -j4 -l4
[2.121s] DEBUG:colcon.colcon_core.event_handler.log_command:Invoking command in '/home/pi/axior_ws/src/axior_software/build/aruco_msgs': CMAKE_PREFIX_PATH=/opt/ros/humble /usr/bin/cmake /home/pi/axior_ws/src/axior_software/packages/aruco_localization/aruco_msgs -DAMENT_CMAKE_SYMLINK_INSTALL=1 -DCMAKE_INSTALL_PREFIX=/home/pi/axior_ws/src/axior_software/install/aruco_msgs
[2.381s] DEBUG:colcon.colcon_core.event_handler.log_command:Invoked command in '/home/pi/axior_ws/src/axior_software/build/aruco' returned '0': CMAKE_PREFIX_PATH=/opt/ros/humble /usr/bin/cmake --build /home/pi/axior_ws/src/axior_software/build/aruco -- -j4 -l4
[2.804s] DEBUG:colcon.colcon_core.event_handler.log_command:Invoking command in '/home/pi/axior_ws/src/axior_software/build/aruco': CMAKE_PREFIX_PATH=/opt/ros/humble /usr/bin/cmake --install /home/pi/axior_ws/src/axior_software/build/aruco
[2.914s] Level 1:colcon.colcon_core.environment:create_environment_scripts_only(aruco)
[2.915s] DEBUG:colcon.colcon_core.event_handler.log_command:Invoked command in '/home/pi/axior_ws/src/axior_software/build/aruco' returned '0': CMAKE_PREFIX_PATH=/opt/ros/humble /usr/bin/cmake --install /home/pi/axior_ws/src/axior_software/build/aruco
[2.925s] Level 1:colcon.colcon_core.environment:checking '/home/pi/axior_ws/src/axior_software/install/aruco' for CMake module files
[2.948s] Level 1:colcon.colcon_core.environment:checking '/home/pi/axior_ws/src/axior_software/install/aruco' for CMake config files
[2.951s] Level 1:colcon.colcon_core.shell:create_environment_hook('aruco', 'cmake_prefix_path')
[2.952s] INFO:colcon.colcon_core.shell:Creating environment hook '/home/pi/axior_ws/src/axior_software/install/aruco/share/aruco/hook/cmake_prefix_path.ps1'
[2.956s] INFO:colcon.colcon_core.shell:Creating environment descriptor '/home/pi/axior_ws/src/axior_software/install/aruco/share/aruco/hook/cmake_prefix_path.dsv'
[2.958s] INFO:colcon.colcon_core.shell:Creating environment hook '/home/pi/axior_ws/src/axior_software/install/aruco/share/aruco/hook/cmake_prefix_path.sh'
[2.962s] Level 1:colcon.colcon_core.environment:checking '/home/pi/axior_ws/src/axior_software/install/aruco/lib'
[2.963s] Level 1:colcon.colcon_core.shell:create_environment_hook('aruco', 'ld_library_path_lib')
[2.964s] INFO:colcon.colcon_core.shell:Creating environment hook '/home/pi/axior_ws/src/axior_software/install/aruco/share/aruco/hook/ld_library_path_lib.ps1'
[2.966s] INFO:colcon.colcon_core.shell:Creating environment descriptor '/home/pi/axior_ws/src/axior_software/install/aruco/share/aruco/hook/ld_library_path_lib.dsv'
[2.967s] INFO:colcon.colcon_core.shell:Creating environment hook '/home/pi/axior_ws/src/axior_software/install/aruco/share/aruco/hook/ld_library_path_lib.sh'
[2.970s] Level 1:colcon.colcon_core.environment:checking '/home/pi/axior_ws/src/axior_software/install/aruco/bin'
[2.971s] Level 1:colcon.colcon_core.environment:checking '/home/pi/axior_ws/src/axior_software/install/aruco/lib/pkgconfig/aruco.pc'
[2.972s] Level 1:colcon.colcon_core.environment:checking '/home/pi/axior_ws/src/axior_software/install/aruco/lib/python3.10/site-packages'
[2.973s] Level 1:colcon.colcon_core.environment:checking '/home/pi/axior_ws/src/axior_software/install/aruco/bin'
[2.975s] INFO:colcon.colcon_core.shell:Creating package script '/home/pi/axior_ws/src/axior_software/install/aruco/share/aruco/package.ps1'
[2.979s] INFO:colcon.colcon_core.shell:Creating package descriptor '/home/pi/axior_ws/src/axior_software/install/aruco/share/aruco/package.dsv'
[2.982s] INFO:colcon.colcon_core.shell:Creating package script '/home/pi/axior_ws/src/axior_software/install/aruco/share/aruco/package.sh'
[2.985s] INFO:colcon.colcon_core.shell:Creating package script '/home/pi/axior_ws/src/axior_software/install/aruco/share/aruco/package.bash'
[3.030s] INFO:colcon.colcon_core.shell:Creating package script '/home/pi/axior_ws/src/axior_software/install/aruco/share/aruco/package.zsh'
[3.034s] Level 1:colcon.colcon_core.environment:create_file_with_runtime_dependencies(/home/pi/axior_ws/src/axior_software/install/aruco/share/colcon-core/packages/aruco)
[3.430s] Level 1:colcon.colcon_core.environment:create_environment_scripts_only(aruco)
[3.432s] Level 1:colcon.colcon_core.environment:checking '/home/pi/axior_ws/src/axior_software/install/aruco' for CMake module files
[3.435s] Level 1:colcon.colcon_core.environment:checking '/home/pi/axior_ws/src/axior_software/install/aruco' for CMake config files
[3.437s] Level 1:colcon.colcon_core.shell:create_environment_hook('aruco', 'cmake_prefix_path')
[3.438s] INFO:colcon.colcon_core.shell:Creating environment hook '/home/pi/axior_ws/src/axior_software/install/aruco/share/aruco/hook/cmake_prefix_path.ps1'
[3.441s] INFO:colcon.colcon_core.shell:Creating environment descriptor '/home/pi/axior_ws/src/axior_software/install/aruco/share/aruco/hook/cmake_prefix_path.dsv'
[3.443s] INFO:colcon.colcon_core.shell:Creating environment hook '/home/pi/axior_ws/src/axior_software/install/aruco/share/aruco/hook/cmake_prefix_path.sh'
[3.446s] Level 1:colcon.colcon_core.environment:checking '/home/pi/axior_ws/src/axior_software/install/aruco/lib'
[3.446s] Level 1:colcon.colcon_core.shell:create_environment_hook('aruco', 'ld_library_path_lib')
[3.448s] INFO:colcon.colcon_core.shell:Creating environment hook '/home/pi/axior_ws/src/axior_software/install/aruco/share/aruco/hook/ld_library_path_lib.ps1'
[3.451s] INFO:colcon.colcon_core.shell:Creating environment descriptor '/home/pi/axior_ws/src/axior_software/install/aruco/share/aruco/hook/ld_library_path_lib.dsv'
[3.453s] INFO:colcon.colcon_core.shell:Creating environment hook '/home/pi/axior_ws/src/axior_software/install/aruco/share/aruco/hook/ld_library_path_lib.sh'
[3.455s] Level 1:colcon.colcon_core.environment:checking '/home/pi/axior_ws/src/axior_software/install/aruco/bin'
[3.456s] Level 1:colcon.colcon_core.environment:checking '/home/pi/axior_ws/src/axior_software/install/aruco/lib/pkgconfig/aruco.pc'
[3.457s] Level 1:colcon.colcon_core.environment:checking '/home/pi/axior_ws/src/axior_software/install/aruco/lib/python3.10/site-packages'
[3.459s] Level 1:colcon.colcon_core.environment:checking '/home/pi/axior_ws/src/axior_software/install/aruco/bin'
[3.460s] INFO:colcon.colcon_core.shell:Creating package script '/home/pi/axior_ws/src/axior_software/install/aruco/share/aruco/package.ps1'
[3.463s] INFO:colcon.colcon_core.shell:Creating package descriptor '/home/pi/axior_ws/src/axior_software/install/aruco/share/aruco/package.dsv'
[3.466s] INFO:colcon.colcon_core.shell:Creating package script '/home/pi/axior_ws/src/axior_software/install/aruco/share/aruco/package.sh'
[3.468s] INFO:colcon.colcon_core.shell:Creating package script '/home/pi/axior_ws/src/axior_software/install/aruco/share/aruco/package.bash'
[3.471s] INFO:colcon.colcon_core.shell:Creating package script '/home/pi/axior_ws/src/axior_software/install/aruco/share/aruco/package.zsh'
[3.473s] Level 1:colcon.colcon_core.environment:create_file_with_runtime_dependencies(/home/pi/axior_ws/src/axior_software/install/aruco/share/colcon-core/packages/aruco)
[8.018s] DEBUG:colcon.colcon_core.event_handler.log_command:Invoked command in '/home/pi/axior_ws/src/axior_software/build/aruco_msgs' returned '1': CMAKE_PREFIX_PATH=/opt/ros/humble /usr/bin/cmake /home/pi/axior_ws/src/axior_software/packages/aruco_localization/aruco_msgs -DAMENT_CMAKE_SYMLINK_INSTALL=1 -DCMAKE_INSTALL_PREFIX=/home/pi/axior_ws/src/axior_software/install/aruco_msgs
[8.062s] Level 1:colcon.colcon_core.environment:create_environment_scripts_only(aruco_msgs)
[8.063s] Level 1:colcon.colcon_core.environment:checking '/home/pi/axior_ws/src/axior_software/install/aruco_msgs' for CMake module files
[8.066s] Level 1:colcon.colcon_core.environment:checking '/home/pi/axior_ws/src/axior_software/install/aruco_msgs' for CMake config files
[8.068s] Level 1:colcon.colcon_core.environment:checking '/home/pi/axior_ws/src/axior_software/install/aruco_msgs/bin'
[8.068s] Level 1:colcon.colcon_core.environment:checking '/home/pi/axior_ws/src/axior_software/install/aruco_msgs/lib/pkgconfig/aruco_msgs.pc'
[8.070s] Level 1:colcon.colcon_core.environment:checking '/home/pi/axior_ws/src/axior_software/install/aruco_msgs/lib/python3.10/site-packages'
[8.071s] Level 1:colcon.colcon_core.environment:checking '/home/pi/axior_ws/src/axior_software/install/aruco_msgs/bin'
[8.072s] INFO:colcon.colcon_core.shell:Creating package script '/home/pi/axior_ws/src/axior_software/install/aruco_msgs/share/aruco_msgs/package.ps1'
[8.074s] INFO:colcon.colcon_core.shell:Creating package descriptor '/home/pi/axior_ws/src/axior_software/install/aruco_msgs/share/aruco_msgs/package.dsv'
[8.075s] INFO:colcon.colcon_core.shell:Creating package script '/home/pi/axior_ws/src/axior_software/install/aruco_msgs/share/aruco_msgs/package.sh'
[8.077s] INFO:colcon.colcon_core.shell:Creating package script '/home/pi/axior_ws/src/axior_software/install/aruco_msgs/share/aruco_msgs/package.bash'
[8.079s] INFO:colcon.colcon_core.shell:Creating package script '/home/pi/axior_ws/src/axior_software/install/aruco_msgs/share/aruco_msgs/package.zsh'
[8.081s] Level 1:colcon.colcon_core.environment:create_file_with_runtime_dependencies(/home/pi/axior_ws/src/axior_software/install/aruco_msgs/share/colcon-core/packages/aruco_msgs)
[8.093s] DEBUG:colcon.colcon_parallel_executor.executor.parallel:closing loop
[8.093s] DEBUG:colcon.colcon_parallel_executor.executor.parallel:loop closed
[8.094s] DEBUG:colcon.colcon_parallel_executor.executor.parallel:run_until_complete finished with '1'
[8.094s] DEBUG:colcon.colcon_core.event_reactor:joining thread
[8.118s] INFO:colcon.colcon_core.plugin_system:Skipping extension 'colcon_notification.desktop_notification.terminal_notifier': Not used on non-Darwin systems
[8.119s] INFO:colcon.colcon_core.plugin_system:Skipping extension 'colcon_notification.desktop_notification.win32': Not used on non-Windows systems
[8.119s] INFO:colcon.colcon_notification.desktop_notification:Sending desktop notification using 'notify2'
[8.161s] DEBUG:colcon.colcon_core.event_reactor:joined thread
[8.163s] INFO:colcon.colcon_core.shell:Creating prefix script '/home/pi/axior_ws/src/axior_software/install/local_setup.ps1'
[8.166s] INFO:colcon.colcon_core.shell:Creating prefix util module '/home/pi/axior_ws/src/axior_software/install/_local_setup_util_ps1.py'
[8.172s] INFO:colcon.colcon_core.shell:Creating prefix chain script '/home/pi/axior_ws/src/axior_software/install/setup.ps1'
[8.178s] INFO:colcon.colcon_core.shell:Creating prefix script '/home/pi/axior_ws/src/axior_software/install/local_setup.sh'
[8.180s] INFO:colcon.colcon_core.shell:Creating prefix util module '/home/pi/axior_ws/src/axior_software/install/_local_setup_util_sh.py'
[8.183s] INFO:colcon.colcon_core.shell:Creating prefix chain script '/home/pi/axior_ws/src/axior_software/install/setup.sh'
[8.187s] INFO:colcon.colcon_core.shell:Creating prefix script '/home/pi/axior_ws/src/axior_software/install/local_setup.bash'
[8.189s] INFO:colcon.colcon_core.shell:Creating prefix chain script '/home/pi/axior_ws/src/axior_software/install/setup.bash'
[8.193s] INFO:colcon.colcon_core.shell:Creating prefix script '/home/pi/axior_ws/src/axior_software/install/local_setup.zsh'
[8.196s] INFO:colcon.colcon_core.shell:Creating prefix chain script '/home/pi/axior_ws/src/axior_software/install/setup.zsh'
