[0.069s] Invoking command in '/home/pi/axior_ws/src/axior_software/build/aruco_msgs': /usr/bin/cmake /home/pi/axior_ws/src/axior_software/packages/aruco_localization/aruco_msgs -DCMAKE_INSTALL_PREFIX=/home/pi/axior_ws/src/axior_software/install/aruco_msgs
[0.790s] -- The C compiler identification is GNU 11.4.0
[1.482s] -- The CXX compiler identification is GNU 11.4.0
[1.539s] -- Detecting C compiler ABI info
[2.092s] -- Detecting C compiler ABI info - done
[2.129s] -- Check for working C compiler: /usr/bin/cc - skipped
[2.130s] -- Detecting C compile features
[2.133s] -- Detecting C compile features - done
[2.151s] -- Detecting CXX compiler ABI info
[2.829s] -- Detecting CXX compiler ABI info - done
[2.866s] -- Check for working CXX compiler: /usr/bin/c++ - skipped
[2.871s] -- Detecting CXX compile features
[2.874s] -- Detecting CXX compile features - done
[3.046s] [33mCMake Warning at CMakeLists.txt:9 (find_package):
[3.047s]   By not providing "Findament_cmake.cmake" in CMAKE_MODULE_PATH this project
[3.047s]   has asked CMake to find a package configuration file provided by
[3.048s]   "ament_cmake", but CMake did not find one.
[3.049s] 
[3.050s]   Could not find a package configuration file provided by "ament_cmake" with
[3.050s]   any of the following names:
[3.063s] 
[3.063s]     ament_cmakeConfig.cmake
[3.064s]     ament_cmake-config.cmake
[3.064s] 
[3.064s]   Add the installation prefix of "ament_cmake" to CMAKE_PREFIX_PATH or set
[3.064s]   "ament_cmake_DIR" to a directory containing one of the above files.  If
[3.065s]   "ament_cmake" provides a separate development package or SDK, be sure it
[3.065s]   has been installed.
[3.066s] 
[3.086s] [0m
[3.202s] [31mCMake Error at CMakeLists.txt:10 (find_package):
[3.202s]   By not providing "Findstd_msgs.cmake" in CMAKE_MODULE_PATH this project has
[3.203s]   asked CMake to find a package configuration file provided by "std_msgs",
[3.203s]   but CMake did not find one.
[3.204s] 
[3.205s]   Could not find a package configuration file provided by "std_msgs" with any
[3.211s]   of the following names:
[3.212s] 
[3.213s]     std_msgsConfig.cmake
[3.213s]     std_msgs-config.cmake
[3.214s] 
[3.216s]   Add the installation prefix of "std_msgs" to CMAKE_PREFIX_PATH or set
[3.217s]   "std_msgs_DIR" to a directory containing one of the above files.  If
[3.218s]   "std_msgs" provides a separate development package or SDK, be sure it has
[3.218s]   been installed.
[3.231s] 
[3.231s] [0m
[3.232s] -- Configuring incomplete, errors occurred!
[3.233s] See also "/home/pi/axior_ws/src/axior_software/build/aruco_msgs/CMakeFiles/CMakeOutput.log".
[3.235s] Invoked command in '/home/pi/axior_ws/src/axior_software/build/aruco_msgs' returned '1': /usr/bin/cmake /home/pi/axior_ws/src/axior_software/packages/aruco_localization/aruco_msgs -DCMAKE_INSTALL_PREFIX=/home/pi/axior_ws/src/axior_software/install/aruco_msgs
