[0.057s] Invoking command in '/home/pi/axior_ws/src/axior_software/build/aruco_msgs': CMAKE_PREFIX_PATH=/opt/ros/humble /usr/bin/cmake /home/pi/axior_ws/src/axior_software/packages/aruco_localization/aruco_msgs -DAMENT_CMAKE_SYMLINK_INSTALL=1 -DCMAKE_INSTALL_PREFIX=/home/pi/axior_ws/src/axior_software/install/aruco_msgs
[0.105s] -- Found ament_cmake: 1.3.8 (/opt/ros/humble/share/ament_cmake/cmake)
[0.719s] -- Override CMake install command with custom implementation using symlinks instead of copying resources
[0.757s] -- Found std_msgs: 4.2.3 (/opt/ros/humble/share/std_msgs/cmake)
[0.965s] -- Found rosidl_generator_c: 3.1.5 (/opt/ros/humble/share/rosidl_generator_c/cmake)
[0.966s] -- Found rosidl_adapter: 3.1.5 (/opt/ros/humble/share/rosidl_adapter/cmake)
[0.972s] -- Found rosidl_generator_cpp: 3.1.5 (/opt/ros/humble/share/rosidl_generator_cpp/cmake)
[1.026s] -- Using all available rosidl_typesupport_c: rosidl_typesupport_fastrtps_c;rosidl_typesupport_introspection_c
[1.095s] -- Using all available rosidl_typesupport_cpp: rosidl_typesupport_fastrtps_cpp;rosidl_typesupport_introspection_cpp
[1.340s] -- Found geometry_msgs: 4.2.3 (/opt/ros/humble/share/geometry_msgs/cmake)
[1.508s] -- Found rosidl_default_generators: 1.2.0 (/opt/ros/humble/share/rosidl_default_generators/cmake)
[2.822s] -- Found ament_cmake_ros: 0.10.0 (/opt/ros/humble/share/ament_cmake_ros/cmake)
[4.683s] -- Using all available rosidl_typesupport_c: rosidl_typesupport_fastrtps_c;rosidl_typesupport_introspection_c
[5.415s] -- Using all available rosidl_typesupport_cpp: rosidl_typesupport_fastrtps_cpp;rosidl_typesupport_introspection_cpp
[5.519s] -- Found python_cmake_module: 0.10.0 (/opt/ros/humble/share/python_cmake_module/cmake)
[5.626s] -- Using PYTHON_EXECUTABLE: /usr/bin/python3
[5.626s] -- Using PYTHON_INCLUDE_DIRS: /usr/include/python3.10
[5.627s] -- Using PYTHON_LIBRARIES: /usr/lib/aarch64-linux-gnu/libpython3.10.so
[5.920s] [31mCMake Error at CMakeLists.txt:21 (find_package):
[5.921s]   By not providing "Findament_lint_auto.cmake" in CMAKE_MODULE_PATH this
[5.921s]   project has asked CMake to find a package configuration file provided by
[5.922s]   "ament_lint_auto", but CMake did not find one.
[5.922s] 
[5.922s]   Could not find a package configuration file provided by "ament_lint_auto"
[5.922s]   with any of the following names:
[5.923s] 
[5.923s]     ament_lint_autoConfig.cmake
[5.923s]     ament_lint_auto-config.cmake
[5.924s] 
[5.924s]   Add the installation prefix of "ament_lint_auto" to CMAKE_PREFIX_PATH or
[5.924s]   set "ament_lint_auto_DIR" to a directory containing one of the above files.
[5.924s]   If "ament_lint_auto" provides a separate development package or SDK, be
[5.925s]   sure it has been installed.
[5.925s] 
[5.925s] [0m
[5.926s] -- Configuring incomplete, errors occurred!
[5.926s] See also "/home/pi/axior_ws/src/axior_software/build/aruco_msgs/CMakeFiles/CMakeOutput.log".
[5.955s] Invoked command in '/home/pi/axior_ws/src/axior_software/build/aruco_msgs' returned '1': CMAKE_PREFIX_PATH=/opt/ros/humble /usr/bin/cmake /home/pi/axior_ws/src/axior_software/packages/aruco_localization/aruco_msgs -DAMENT_CMAKE_SYMLINK_INSTALL=1 -DCMAKE_INSTALL_PREFIX=/home/pi/axior_ws/src/axior_software/install/aruco_msgs
