[0.555s] DEBUG:colcon:Command line arguments: ['/usr/bin/colcon', 'build']
[0.555s] DEBUG:colcon:Parsed command line arguments: Namespace(log_base=None, log_level=None, verb_name='build', build_base='build', install_base='install', merge_install=False, symlink_install=False, test_result_base=None, continue_on_error=False, executor='parallel', parallel_workers=4, event_handlers=None, ignore_user_meta=False, metas=['./colcon.meta'], base_paths=['.'], packages_ignore=None, packages_ignore_regex=None, paths=None, packages_up_to=None, packages_up_to_regex=None, packages_above=None, packages_above_and_dependencies=None, packages_above_depth=None, packages_select_by_dep=None, packages_skip_by_dep=None, packages_skip_up_to=None, packages_select_build_failed=False, packages_skip_build_finished=False, packages_select_test_failures=False, packages_skip_test_passed=False, packages_select=None, packages_skip=None, packages_select_regex=None, packages_skip_regex=None, packages_start=None, packages_end=None, allow_overriding=[], cmake_args=None, cmake_target=None, cmake_target_skip_unavailable=False, cmake_clean_cache=False, cmake_clean_first=False, cmake_force_configure=False, ament_cmake_args=None, catkin_cmake_args=None, catkin_skip_building_tests=False, verb_parser=<colcon_defaults.argument_parser.defaults.DefaultArgumentsDecorator object at 0xffffa08f1120>, verb_extension=<colcon_core.verb.build.BuildVerb object at 0xffffa0a31d20>, main=<bound method BuildVerb.main of <colcon_core.verb.build.BuildVerb object at 0xffffa0a31d20>>)
[1.830s] Level 1:colcon.colcon_core.package_discovery:discover_packages(colcon_meta) check parameters
[1.831s] Level 1:colcon.colcon_core.package_discovery:discover_packages(recursive) check parameters
[1.832s] Level 1:colcon.colcon_core.package_discovery:discover_packages(ignore) check parameters
[1.833s] Level 1:colcon.colcon_core.package_discovery:discover_packages(path) check parameters
[1.834s] Level 1:colcon.colcon_core.package_discovery:discover_packages(colcon_meta) discover
[1.835s] Level 1:colcon.colcon_core.package_discovery:discover_packages(recursive) discover
[1.835s] INFO:colcon.colcon_core.package_discovery:Crawling recursively for packages in '/home/pi/axior_ws/src/axior_software'
[1.839s] Level 1:colcon.colcon_core.package_identification:_identify(.) by extensions ['ignore', 'ignore_ament_install']
[1.840s] Level 1:colcon.colcon_core.package_identification:_identify(.) by extension 'ignore'
[1.841s] Level 1:colcon.colcon_core.package_identification:_identify(.) by extension 'ignore_ament_install'
[1.842s] Level 1:colcon.colcon_core.package_identification:_identify(.) by extensions ['colcon_pkg']
[1.843s] Level 1:colcon.colcon_core.package_identification:_identify(.) by extension 'colcon_pkg'
[1.844s] Level 1:colcon.colcon_core.package_identification:_identify(.) by extensions ['colcon_meta']
[1.845s] Level 1:colcon.colcon_core.package_identification:_identify(.) by extension 'colcon_meta'
[1.846s] Level 1:colcon.colcon_core.package_identification:_identify(.) by extensions ['ros']
[1.846s] Level 1:colcon.colcon_core.package_identification:_identify(.) by extension 'ros'
[1.927s] Level 1:colcon.colcon_core.package_identification:_identify(.) by extensions ['cmake', 'python']
[1.928s] Level 1:colcon.colcon_core.package_identification:_identify(.) by extension 'cmake'
[1.929s] Level 1:colcon.colcon_core.package_identification:_identify(.) by extension 'python'
[1.930s] Level 1:colcon.colcon_core.package_identification:_identify(.) by extensions ['python_setup_py']
[1.930s] Level 1:colcon.colcon_core.package_identification:_identify(.) by extension 'python_setup_py'
[1.932s] Level 1:colcon.colcon_core.package_identification:_identify(build) by extensions ['ignore', 'ignore_ament_install']
[1.933s] Level 1:colcon.colcon_core.package_identification:_identify(build) by extension 'ignore'
[1.934s] Level 1:colcon.colcon_core.package_identification:_identify(build) ignored
[1.935s] Level 1:colcon.colcon_core.package_identification:_identify(docs) by extensions ['ignore', 'ignore_ament_install']
[1.935s] Level 1:colcon.colcon_core.package_identification:_identify(docs) by extension 'ignore'
[1.936s] Level 1:colcon.colcon_core.package_identification:_identify(docs) by extension 'ignore_ament_install'
[1.938s] Level 1:colcon.colcon_core.package_identification:_identify(docs) by extensions ['colcon_pkg']
[1.939s] Level 1:colcon.colcon_core.package_identification:_identify(docs) by extension 'colcon_pkg'
[1.939s] Level 1:colcon.colcon_core.package_identification:_identify(docs) by extensions ['colcon_meta']
[1.940s] Level 1:colcon.colcon_core.package_identification:_identify(docs) by extension 'colcon_meta'
[1.940s] Level 1:colcon.colcon_core.package_identification:_identify(docs) by extensions ['ros']
[1.941s] Level 1:colcon.colcon_core.package_identification:_identify(docs) by extension 'ros'
[1.941s] Level 1:colcon.colcon_core.package_identification:_identify(docs) by extensions ['cmake', 'python']
[1.942s] Level 1:colcon.colcon_core.package_identification:_identify(docs) by extension 'cmake'
[1.943s] Level 1:colcon.colcon_core.package_identification:_identify(docs) by extension 'python'
[1.943s] Level 1:colcon.colcon_core.package_identification:_identify(docs) by extensions ['python_setup_py']
[1.944s] Level 1:colcon.colcon_core.package_identification:_identify(docs) by extension 'python_setup_py'
[1.945s] Level 1:colcon.colcon_core.package_identification:_identify(install) by extensions ['ignore', 'ignore_ament_install']
[1.946s] Level 1:colcon.colcon_core.package_identification:_identify(install) by extension 'ignore'
[1.947s] Level 1:colcon.colcon_core.package_identification:_identify(install) ignored
[1.948s] Level 1:colcon.colcon_core.package_identification:_identify(log) by extensions ['ignore', 'ignore_ament_install']
[1.950s] Level 1:colcon.colcon_core.package_identification:_identify(log) by extension 'ignore'
[1.951s] Level 1:colcon.colcon_core.package_identification:_identify(log) ignored
[1.952s] Level 1:colcon.colcon_core.package_identification:_identify(packages) by extensions ['ignore', 'ignore_ament_install']
[1.953s] Level 1:colcon.colcon_core.package_identification:_identify(packages) by extension 'ignore'
[1.954s] Level 1:colcon.colcon_core.package_identification:_identify(packages) by extension 'ignore_ament_install'
[1.955s] Level 1:colcon.colcon_core.package_identification:_identify(packages) by extensions ['colcon_pkg']
[1.955s] Level 1:colcon.colcon_core.package_identification:_identify(packages) by extension 'colcon_pkg'
[1.956s] Level 1:colcon.colcon_core.package_identification:_identify(packages) by extensions ['colcon_meta']
[1.956s] Level 1:colcon.colcon_core.package_identification:_identify(packages) by extension 'colcon_meta'
[1.958s] Level 1:colcon.colcon_core.package_identification:_identify(packages) by extensions ['ros']
[1.959s] Level 1:colcon.colcon_core.package_identification:_identify(packages) by extension 'ros'
[1.960s] Level 1:colcon.colcon_core.package_identification:_identify(packages) by extensions ['cmake', 'python']
[1.960s] Level 1:colcon.colcon_core.package_identification:_identify(packages) by extension 'cmake'
[1.961s] Level 1:colcon.colcon_core.package_identification:_identify(packages) by extension 'python'
[1.961s] Level 1:colcon.colcon_core.package_identification:_identify(packages) by extensions ['python_setup_py']
[1.962s] Level 1:colcon.colcon_core.package_identification:_identify(packages) by extension 'python_setup_py'
[1.963s] Level 1:colcon.colcon_core.package_identification:_identify(packages/aruco_localization) by extensions ['ignore', 'ignore_ament_install']
[1.964s] Level 1:colcon.colcon_core.package_identification:_identify(packages/aruco_localization) by extension 'ignore'
[1.965s] Level 1:colcon.colcon_core.package_identification:_identify(packages/aruco_localization) by extension 'ignore_ament_install'
[1.966s] Level 1:colcon.colcon_core.package_identification:_identify(packages/aruco_localization) by extensions ['colcon_pkg']
[1.966s] Level 1:colcon.colcon_core.package_identification:_identify(packages/aruco_localization) by extension 'colcon_pkg'
[1.967s] Level 1:colcon.colcon_core.package_identification:_identify(packages/aruco_localization) by extensions ['colcon_meta']
[1.967s] Level 1:colcon.colcon_core.package_identification:_identify(packages/aruco_localization) by extension 'colcon_meta'
[1.968s] Level 1:colcon.colcon_core.package_identification:_identify(packages/aruco_localization) by extensions ['ros']
[1.970s] Level 1:colcon.colcon_core.package_identification:_identify(packages/aruco_localization) by extension 'ros'
[1.971s] Level 1:colcon.colcon_core.package_identification:_identify(packages/aruco_localization) by extensions ['cmake', 'python']
[1.971s] Level 1:colcon.colcon_core.package_identification:_identify(packages/aruco_localization) by extension 'cmake'
[1.972s] Level 1:colcon.colcon_core.package_identification:_identify(packages/aruco_localization) by extension 'python'
[1.973s] Level 1:colcon.colcon_core.package_identification:_identify(packages/aruco_localization) by extensions ['python_setup_py']
[1.973s] Level 1:colcon.colcon_core.package_identification:_identify(packages/aruco_localization) by extension 'python_setup_py'
[1.974s] Level 1:colcon.colcon_core.package_identification:_identify(packages/aruco_localization/aruco) by extensions ['ignore', 'ignore_ament_install']
[1.975s] Level 1:colcon.colcon_core.package_identification:_identify(packages/aruco_localization/aruco) by extension 'ignore'
[1.975s] Level 1:colcon.colcon_core.package_identification:_identify(packages/aruco_localization/aruco) by extension 'ignore_ament_install'
[1.976s] Level 1:colcon.colcon_core.package_identification:_identify(packages/aruco_localization/aruco) by extensions ['colcon_pkg']
[1.977s] Level 1:colcon.colcon_core.package_identification:_identify(packages/aruco_localization/aruco) by extension 'colcon_pkg'
[1.978s] Level 1:colcon.colcon_core.package_identification:_identify(packages/aruco_localization/aruco) by extensions ['colcon_meta']
[1.978s] Level 1:colcon.colcon_core.package_identification:_identify(packages/aruco_localization/aruco) by extension 'colcon_meta'
[1.979s] Level 1:colcon.colcon_core.package_identification:_identify(packages/aruco_localization/aruco) by extensions ['ros']
[1.980s] Level 1:colcon.colcon_core.package_identification:_identify(packages/aruco_localization/aruco) by extension 'ros'
[2.006s] DEBUG:colcon.colcon_core.package_identification:Package 'packages/aruco_localization/aruco' with type 'ros.ament_cmake' and name 'aruco'
[2.008s] Level 1:colcon.colcon_core.package_identification:_identify(packages/aruco_localization/aruco_msgs) by extensions ['ignore', 'ignore_ament_install']
[2.009s] Level 1:colcon.colcon_core.package_identification:_identify(packages/aruco_localization/aruco_msgs) by extension 'ignore'
[2.012s] Level 1:colcon.colcon_core.package_identification:_identify(packages/aruco_localization/aruco_msgs) by extension 'ignore_ament_install'
[2.013s] Level 1:colcon.colcon_core.package_identification:_identify(packages/aruco_localization/aruco_msgs) by extensions ['colcon_pkg']
[2.014s] Level 1:colcon.colcon_core.package_identification:_identify(packages/aruco_localization/aruco_msgs) by extension 'colcon_pkg'
[2.015s] Level 1:colcon.colcon_core.package_identification:_identify(packages/aruco_localization/aruco_msgs) by extensions ['colcon_meta']
[2.016s] Level 1:colcon.colcon_core.package_identification:_identify(packages/aruco_localization/aruco_msgs) by extension 'colcon_meta'
[2.017s] Level 1:colcon.colcon_core.package_identification:_identify(packages/aruco_localization/aruco_msgs) by extensions ['ros']
[2.018s] Level 1:colcon.colcon_core.package_identification:_identify(packages/aruco_localization/aruco_msgs) by extension 'ros'
[2.038s] DEBUG:colcon.colcon_core.package_identification:Package 'packages/aruco_localization/aruco_msgs' with type 'ros.ament_cmake' and name 'aruco_msgs'
[2.433s] Level 1:colcon.colcon_core.package_identification:_identify(packages/aruco_localization/aruco_ros) by extensions ['ignore', 'ignore_ament_install']
[2.435s] Level 1:colcon.colcon_core.package_identification:_identify(packages/aruco_localization/aruco_ros) by extension 'ignore'
[2.436s] Level 1:colcon.colcon_core.package_identification:_identify(packages/aruco_localization/aruco_ros) by extension 'ignore_ament_install'
[2.436s] Level 1:colcon.colcon_core.package_identification:_identify(packages/aruco_localization/aruco_ros) by extensions ['colcon_pkg']
[2.437s] Level 1:colcon.colcon_core.package_identification:_identify(packages/aruco_localization/aruco_ros) by extension 'colcon_pkg'
[2.438s] Level 1:colcon.colcon_core.package_identification:_identify(packages/aruco_localization/aruco_ros) by extensions ['colcon_meta']
[2.438s] Level 1:colcon.colcon_core.package_identification:_identify(packages/aruco_localization/aruco_ros) by extension 'colcon_meta'
[2.439s] Level 1:colcon.colcon_core.package_identification:_identify(packages/aruco_localization/aruco_ros) by extensions ['ros']
[2.440s] Level 1:colcon.colcon_core.package_identification:_identify(packages/aruco_localization/aruco_ros) by extension 'ros'
[2.448s] DEBUG:colcon.colcon_core.package_identification:Package 'packages/aruco_localization/aruco_ros' with type 'ros.ament_cmake' and name 'aruco_ros'
[2.450s] Level 1:colcon.colcon_core.package_identification:_identify(scripts) by extensions ['ignore', 'ignore_ament_install']
[2.451s] Level 1:colcon.colcon_core.package_identification:_identify(scripts) by extension 'ignore'
[2.452s] Level 1:colcon.colcon_core.package_identification:_identify(scripts) by extension 'ignore_ament_install'
[2.452s] Level 1:colcon.colcon_core.package_identification:_identify(scripts) by extensions ['colcon_pkg']
[2.452s] Level 1:colcon.colcon_core.package_identification:_identify(scripts) by extension 'colcon_pkg'
[2.453s] Level 1:colcon.colcon_core.package_identification:_identify(scripts) by extensions ['colcon_meta']
[2.454s] Level 1:colcon.colcon_core.package_identification:_identify(scripts) by extension 'colcon_meta'
[2.454s] Level 1:colcon.colcon_core.package_identification:_identify(scripts) by extensions ['ros']
[2.455s] Level 1:colcon.colcon_core.package_identification:_identify(scripts) by extension 'ros'
[2.455s] Level 1:colcon.colcon_core.package_identification:_identify(scripts) by extensions ['cmake', 'python']
[2.456s] Level 1:colcon.colcon_core.package_identification:_identify(scripts) by extension 'cmake'
[2.456s] Level 1:colcon.colcon_core.package_identification:_identify(scripts) by extension 'python'
[2.457s] Level 1:colcon.colcon_core.package_identification:_identify(scripts) by extensions ['python_setup_py']
[2.457s] Level 1:colcon.colcon_core.package_identification:_identify(scripts) by extension 'python_setup_py'
[2.459s] Level 1:colcon.colcon_core.package_identification:_identify(setup) by extensions ['ignore', 'ignore_ament_install']
[2.459s] Level 1:colcon.colcon_core.package_identification:_identify(setup) by extension 'ignore'
[2.460s] Level 1:colcon.colcon_core.package_identification:_identify(setup) by extension 'ignore_ament_install'
[2.460s] Level 1:colcon.colcon_core.package_identification:_identify(setup) by extensions ['colcon_pkg']
[2.460s] Level 1:colcon.colcon_core.package_identification:_identify(setup) by extension 'colcon_pkg'
[2.460s] Level 1:colcon.colcon_core.package_identification:_identify(setup) by extensions ['colcon_meta']
[2.461s] Level 1:colcon.colcon_core.package_identification:_identify(setup) by extension 'colcon_meta'
[2.461s] Level 1:colcon.colcon_core.package_identification:_identify(setup) by extensions ['ros']
[2.461s] Level 1:colcon.colcon_core.package_identification:_identify(setup) by extension 'ros'
[2.462s] Level 1:colcon.colcon_core.package_identification:_identify(setup) by extensions ['cmake', 'python']
[2.463s] Level 1:colcon.colcon_core.package_identification:_identify(setup) by extension 'cmake'
[2.463s] Level 1:colcon.colcon_core.package_identification:_identify(setup) by extension 'python'
[2.463s] Level 1:colcon.colcon_core.package_identification:_identify(setup) by extensions ['python_setup_py']
[2.464s] Level 1:colcon.colcon_core.package_identification:_identify(setup) by extension 'python_setup_py'
[2.465s] Level 1:colcon.colcon_core.package_discovery:discover_packages(recursive) using defaults
[2.465s] Level 1:colcon.colcon_core.package_discovery:discover_packages(ignore) discover
[2.465s] Level 1:colcon.colcon_core.package_discovery:discover_packages(ignore) using defaults
[2.466s] Level 1:colcon.colcon_core.package_discovery:discover_packages(path) discover
[2.466s] Level 1:colcon.colcon_core.package_discovery:discover_packages(path) using defaults
[2.707s] Level 1:colcon.colcon_core.package_discovery:discover_packages(prefix_path) check parameters
[2.708s] Level 1:colcon.colcon_core.package_discovery:discover_packages(prefix_path) discover
[2.720s] DEBUG:colcon.colcon_installed_package_information.package_discovery:Found 93 installed packages in /opt/ros/humble
[2.723s] Level 1:colcon.colcon_core.package_discovery:discover_packages(prefix_path) using defaults
[2.805s] Level 5:colcon.colcon_core.verb:set package 'aruco' build argument 'cmake_args' from command line to 'None'
[2.805s] Level 5:colcon.colcon_core.verb:set package 'aruco' build argument 'cmake_target' from command line to 'None'
[2.806s] Level 5:colcon.colcon_core.verb:set package 'aruco' build argument 'cmake_target_skip_unavailable' from command line to 'False'
[2.806s] Level 5:colcon.colcon_core.verb:set package 'aruco' build argument 'cmake_clean_cache' from command line to 'False'
[2.806s] Level 5:colcon.colcon_core.verb:set package 'aruco' build argument 'cmake_clean_first' from command line to 'False'
[2.806s] Level 5:colcon.colcon_core.verb:set package 'aruco' build argument 'cmake_force_configure' from command line to 'False'
[2.806s] Level 5:colcon.colcon_core.verb:set package 'aruco' build argument 'ament_cmake_args' from command line to 'None'
[2.807s] Level 5:colcon.colcon_core.verb:set package 'aruco' build argument 'catkin_cmake_args' from command line to 'None'
[2.807s] Level 5:colcon.colcon_core.verb:set package 'aruco' build argument 'catkin_skip_building_tests' from command line to 'False'
[2.807s] DEBUG:colcon.colcon_core.verb:Building package 'aruco' with the following arguments: {'ament_cmake_args': None, 'build_base': '/home/pi/axior_ws/src/axior_software/build/aruco', 'catkin_cmake_args': None, 'catkin_skip_building_tests': False, 'cmake_args': None, 'cmake_clean_cache': False, 'cmake_clean_first': False, 'cmake_force_configure': False, 'cmake_target': None, 'cmake_target_skip_unavailable': False, 'install_base': '/home/pi/axior_ws/src/axior_software/install/aruco', 'merge_install': False, 'path': '/home/pi/axior_ws/src/axior_software/packages/aruco_localization/aruco', 'symlink_install': False, 'test_result_base': None}
[2.809s] Level 5:colcon.colcon_core.verb:set package 'aruco_msgs' build argument 'cmake_args' from command line to 'None'
[2.809s] Level 5:colcon.colcon_core.verb:set package 'aruco_msgs' build argument 'cmake_target' from command line to 'None'
[2.809s] Level 5:colcon.colcon_core.verb:set package 'aruco_msgs' build argument 'cmake_target_skip_unavailable' from command line to 'False'
[2.809s] Level 5:colcon.colcon_core.verb:set package 'aruco_msgs' build argument 'cmake_clean_cache' from command line to 'False'
[2.810s] Level 5:colcon.colcon_core.verb:set package 'aruco_msgs' build argument 'cmake_clean_first' from command line to 'False'
[2.810s] Level 5:colcon.colcon_core.verb:set package 'aruco_msgs' build argument 'cmake_force_configure' from command line to 'False'
[2.810s] Level 5:colcon.colcon_core.verb:set package 'aruco_msgs' build argument 'ament_cmake_args' from command line to 'None'
[2.810s] Level 5:colcon.colcon_core.verb:set package 'aruco_msgs' build argument 'catkin_cmake_args' from command line to 'None'
[2.810s] Level 5:colcon.colcon_core.verb:set package 'aruco_msgs' build argument 'catkin_skip_building_tests' from command line to 'False'
[2.810s] DEBUG:colcon.colcon_core.verb:Building package 'aruco_msgs' with the following arguments: {'ament_cmake_args': None, 'build_base': '/home/pi/axior_ws/src/axior_software/build/aruco_msgs', 'catkin_cmake_args': None, 'catkin_skip_building_tests': False, 'cmake_args': None, 'cmake_clean_cache': False, 'cmake_clean_first': False, 'cmake_force_configure': False, 'cmake_target': None, 'cmake_target_skip_unavailable': False, 'install_base': '/home/pi/axior_ws/src/axior_software/install/aruco_msgs', 'merge_install': False, 'path': '/home/pi/axior_ws/src/axior_software/packages/aruco_localization/aruco_msgs', 'symlink_install': False, 'test_result_base': None}
[2.813s] Level 5:colcon.colcon_core.verb:set package 'aruco_ros' build argument 'cmake_args' from command line to 'None'
[2.813s] Level 5:colcon.colcon_core.verb:set package 'aruco_ros' build argument 'cmake_target' from command line to 'None'
[2.813s] Level 5:colcon.colcon_core.verb:set package 'aruco_ros' build argument 'cmake_target_skip_unavailable' from command line to 'False'
[2.813s] Level 5:colcon.colcon_core.verb:set package 'aruco_ros' build argument 'cmake_clean_cache' from command line to 'False'
[2.814s] Level 5:colcon.colcon_core.verb:set package 'aruco_ros' build argument 'cmake_clean_first' from command line to 'False'
[2.814s] Level 5:colcon.colcon_core.verb:set package 'aruco_ros' build argument 'cmake_force_configure' from command line to 'False'
[2.814s] Level 5:colcon.colcon_core.verb:set package 'aruco_ros' build argument 'ament_cmake_args' from command line to 'None'
[2.814s] Level 5:colcon.colcon_core.verb:set package 'aruco_ros' build argument 'catkin_cmake_args' from command line to 'None'
[2.814s] Level 5:colcon.colcon_core.verb:set package 'aruco_ros' build argument 'catkin_skip_building_tests' from command line to 'False'
[2.814s] DEBUG:colcon.colcon_core.verb:Building package 'aruco_ros' with the following arguments: {'ament_cmake_args': None, 'build_base': '/home/pi/axior_ws/src/axior_software/build/aruco_ros', 'catkin_cmake_args': None, 'catkin_skip_building_tests': False, 'cmake_args': None, 'cmake_clean_cache': False, 'cmake_clean_first': False, 'cmake_force_configure': False, 'cmake_target': None, 'cmake_target_skip_unavailable': False, 'install_base': '/home/pi/axior_ws/src/axior_software/install/aruco_ros', 'merge_install': False, 'path': '/home/pi/axior_ws/src/axior_software/packages/aruco_localization/aruco_ros', 'symlink_install': False, 'test_result_base': None}
[2.815s] INFO:colcon.colcon_core.executor:Executing jobs using 'parallel' executor
[2.819s] DEBUG:colcon.colcon_parallel_executor.executor.parallel:run_until_complete
[2.820s] INFO:colcon.colcon_ros.task.ament_cmake.build:Building ROS package in '/home/pi/axior_ws/src/axior_software/packages/aruco_localization/aruco' with build type 'ament_cmake'
[2.821s] INFO:colcon.colcon_cmake.task.cmake.build:Building CMake package in '/home/pi/axior_ws/src/axior_software/packages/aruco_localization/aruco'
[2.835s] INFO:colcon.colcon_core.plugin_system:Skipping extension 'colcon_core.shell.bat': Not used on non-Windows systems
[2.836s] INFO:colcon.colcon_core.shell:Skip shell extension 'powershell' for command environment: Not usable outside of PowerShell
[2.837s] DEBUG:colcon.colcon_core.shell:Skip shell extension 'dsv' for command environment
[2.849s] INFO:colcon.colcon_ros.task.ament_cmake.build:Building ROS package in '/home/pi/axior_ws/src/axior_software/packages/aruco_localization/aruco_msgs' with build type 'ament_cmake'
[2.852s] INFO:colcon.colcon_cmake.task.cmake.build:Building CMake package in '/home/pi/axior_ws/src/axior_software/packages/aruco_localization/aruco_msgs'
[2.853s] INFO:colcon.colcon_core.shell:Skip shell extension 'powershell' for command environment: Not usable outside of PowerShell
[2.853s] DEBUG:colcon.colcon_core.shell:Skip shell extension 'dsv' for command environment
[2.963s] DEBUG:colcon.colcon_core.event_handler.log_command:Invoking command in '/home/pi/axior_ws/src/axior_software/build/aruco': CMAKE_PREFIX_PATH=/opt/ros/humble /usr/bin/cmake --build /home/pi/axior_ws/src/axior_software/build/aruco -- -j4 -l4
[2.982s] DEBUG:colcon.colcon_core.event_handler.log_command:Invoking command in '/home/pi/axior_ws/src/axior_software/build/aruco_msgs': CMAKE_PREFIX_PATH=/opt/ros/humble /usr/bin/cmake /home/pi/axior_ws/src/axior_software/packages/aruco_localization/aruco_msgs -DCMAKE_INSTALL_PREFIX=/home/pi/axior_ws/src/axior_software/install/aruco_msgs
[3.297s] DEBUG:colcon.colcon_core.event_handler.log_command:Invoked command in '/home/pi/axior_ws/src/axior_software/build/aruco' returned '0': CMAKE_PREFIX_PATH=/opt/ros/humble /usr/bin/cmake --build /home/pi/axior_ws/src/axior_software/build/aruco -- -j4 -l4
[3.703s] DEBUG:colcon.colcon_core.event_handler.log_command:Invoking command in '/home/pi/axior_ws/src/axior_software/build/aruco': CMAKE_PREFIX_PATH=/opt/ros/humble /usr/bin/cmake --install /home/pi/axior_ws/src/axior_software/build/aruco
[3.842s] Level 1:colcon.colcon_core.environment:create_environment_scripts_only(aruco)
[3.844s] DEBUG:colcon.colcon_core.event_handler.log_command:Invoked command in '/home/pi/axior_ws/src/axior_software/build/aruco' returned '0': CMAKE_PREFIX_PATH=/opt/ros/humble /usr/bin/cmake --install /home/pi/axior_ws/src/axior_software/build/aruco
[3.863s] Level 1:colcon.colcon_core.environment:checking '/home/pi/axior_ws/src/axior_software/install/aruco' for CMake module files
[3.868s] Level 1:colcon.colcon_core.environment:checking '/home/pi/axior_ws/src/axior_software/install/aruco' for CMake config files
[3.874s] Level 1:colcon.colcon_core.shell:create_environment_hook('aruco', 'cmake_prefix_path')
[3.876s] INFO:colcon.colcon_core.shell:Creating environment hook '/home/pi/axior_ws/src/axior_software/install/aruco/share/aruco/hook/cmake_prefix_path.ps1'
[3.882s] INFO:colcon.colcon_core.shell:Creating environment descriptor '/home/pi/axior_ws/src/axior_software/install/aruco/share/aruco/hook/cmake_prefix_path.dsv'
[3.887s] INFO:colcon.colcon_core.shell:Creating environment hook '/home/pi/axior_ws/src/axior_software/install/aruco/share/aruco/hook/cmake_prefix_path.sh'
[3.892s] Level 1:colcon.colcon_core.environment:checking '/home/pi/axior_ws/src/axior_software/install/aruco/lib'
[3.893s] Level 1:colcon.colcon_core.shell:create_environment_hook('aruco', 'ld_library_path_lib')
[3.894s] INFO:colcon.colcon_core.shell:Creating environment hook '/home/pi/axior_ws/src/axior_software/install/aruco/share/aruco/hook/ld_library_path_lib.ps1'
[3.897s] INFO:colcon.colcon_core.shell:Creating environment descriptor '/home/pi/axior_ws/src/axior_software/install/aruco/share/aruco/hook/ld_library_path_lib.dsv'
[3.899s] INFO:colcon.colcon_core.shell:Creating environment hook '/home/pi/axior_ws/src/axior_software/install/aruco/share/aruco/hook/ld_library_path_lib.sh'
[3.905s] Level 1:colcon.colcon_core.environment:checking '/home/pi/axior_ws/src/axior_software/install/aruco/bin'
[3.905s] Level 1:colcon.colcon_core.environment:checking '/home/pi/axior_ws/src/axior_software/install/aruco/lib/pkgconfig/aruco.pc'
[3.907s] Level 1:colcon.colcon_core.environment:checking '/home/pi/axior_ws/src/axior_software/install/aruco/lib/python3.10/site-packages'
[3.909s] Level 1:colcon.colcon_core.environment:checking '/home/pi/axior_ws/src/axior_software/install/aruco/bin'
[3.910s] INFO:colcon.colcon_core.shell:Creating package script '/home/pi/axior_ws/src/axior_software/install/aruco/share/aruco/package.ps1'
[3.915s] INFO:colcon.colcon_core.shell:Creating package descriptor '/home/pi/axior_ws/src/axior_software/install/aruco/share/aruco/package.dsv'
[3.919s] INFO:colcon.colcon_core.shell:Creating package script '/home/pi/axior_ws/src/axior_software/install/aruco/share/aruco/package.sh'
[3.924s] INFO:colcon.colcon_core.shell:Creating package script '/home/pi/axior_ws/src/axior_software/install/aruco/share/aruco/package.bash'
[3.990s] INFO:colcon.colcon_core.shell:Creating package script '/home/pi/axior_ws/src/axior_software/install/aruco/share/aruco/package.zsh'
[3.995s] Level 1:colcon.colcon_core.environment:create_file_with_runtime_dependencies(/home/pi/axior_ws/src/axior_software/install/aruco/share/colcon-core/packages/aruco)
[4.439s] Level 1:colcon.colcon_core.environment:create_environment_scripts_only(aruco)
[4.440s] Level 1:colcon.colcon_core.environment:checking '/home/pi/axior_ws/src/axior_software/install/aruco' for CMake module files
[4.444s] Level 1:colcon.colcon_core.environment:checking '/home/pi/axior_ws/src/axior_software/install/aruco' for CMake config files
[4.447s] Level 1:colcon.colcon_core.shell:create_environment_hook('aruco', 'cmake_prefix_path')
[4.448s] INFO:colcon.colcon_core.shell:Creating environment hook '/home/pi/axior_ws/src/axior_software/install/aruco/share/aruco/hook/cmake_prefix_path.ps1'
[4.450s] INFO:colcon.colcon_core.shell:Creating environment descriptor '/home/pi/axior_ws/src/axior_software/install/aruco/share/aruco/hook/cmake_prefix_path.dsv'
[4.453s] INFO:colcon.colcon_core.shell:Creating environment hook '/home/pi/axior_ws/src/axior_software/install/aruco/share/aruco/hook/cmake_prefix_path.sh'
[4.456s] Level 1:colcon.colcon_core.environment:checking '/home/pi/axior_ws/src/axior_software/install/aruco/lib'
[4.457s] Level 1:colcon.colcon_core.shell:create_environment_hook('aruco', 'ld_library_path_lib')
[4.458s] INFO:colcon.colcon_core.shell:Creating environment hook '/home/pi/axior_ws/src/axior_software/install/aruco/share/aruco/hook/ld_library_path_lib.ps1'
[4.461s] INFO:colcon.colcon_core.shell:Creating environment descriptor '/home/pi/axior_ws/src/axior_software/install/aruco/share/aruco/hook/ld_library_path_lib.dsv'
[4.463s] INFO:colcon.colcon_core.shell:Creating environment hook '/home/pi/axior_ws/src/axior_software/install/aruco/share/aruco/hook/ld_library_path_lib.sh'
[4.465s] Level 1:colcon.colcon_core.environment:checking '/home/pi/axior_ws/src/axior_software/install/aruco/bin'
[4.466s] Level 1:colcon.colcon_core.environment:checking '/home/pi/axior_ws/src/axior_software/install/aruco/lib/pkgconfig/aruco.pc'
[4.467s] Level 1:colcon.colcon_core.environment:checking '/home/pi/axior_ws/src/axior_software/install/aruco/lib/python3.10/site-packages'
[4.469s] Level 1:colcon.colcon_core.environment:checking '/home/pi/axior_ws/src/axior_software/install/aruco/bin'
[4.470s] INFO:colcon.colcon_core.shell:Creating package script '/home/pi/axior_ws/src/axior_software/install/aruco/share/aruco/package.ps1'
[4.474s] INFO:colcon.colcon_core.shell:Creating package descriptor '/home/pi/axior_ws/src/axior_software/install/aruco/share/aruco/package.dsv'
[4.477s] INFO:colcon.colcon_core.shell:Creating package script '/home/pi/axior_ws/src/axior_software/install/aruco/share/aruco/package.sh'
[4.479s] INFO:colcon.colcon_core.shell:Creating package script '/home/pi/axior_ws/src/axior_software/install/aruco/share/aruco/package.bash'
[4.482s] INFO:colcon.colcon_core.shell:Creating package script '/home/pi/axior_ws/src/axior_software/install/aruco/share/aruco/package.zsh'
[4.485s] Level 1:colcon.colcon_core.environment:create_file_with_runtime_dependencies(/home/pi/axior_ws/src/axior_software/install/aruco/share/colcon-core/packages/aruco)
[10.291s] DEBUG:colcon.colcon_core.event_handler.log_command:Invoked command in '/home/pi/axior_ws/src/axior_software/build/aruco_msgs' returned '1': CMAKE_PREFIX_PATH=/opt/ros/humble /usr/bin/cmake /home/pi/axior_ws/src/axior_software/packages/aruco_localization/aruco_msgs -DCMAKE_INSTALL_PREFIX=/home/pi/axior_ws/src/axior_software/install/aruco_msgs
[10.335s] Level 1:colcon.colcon_core.environment:create_environment_scripts_only(aruco_msgs)
[10.336s] Level 1:colcon.colcon_core.environment:checking '/home/pi/axior_ws/src/axior_software/install/aruco_msgs' for CMake module files
[10.338s] Level 1:colcon.colcon_core.environment:checking '/home/pi/axior_ws/src/axior_software/install/aruco_msgs' for CMake config files
[10.340s] Level 1:colcon.colcon_core.environment:checking '/home/pi/axior_ws/src/axior_software/install/aruco_msgs/bin'
[10.341s] Level 1:colcon.colcon_core.environment:checking '/home/pi/axior_ws/src/axior_software/install/aruco_msgs/lib/pkgconfig/aruco_msgs.pc'
[10.342s] Level 1:colcon.colcon_core.environment:checking '/home/pi/axior_ws/src/axior_software/install/aruco_msgs/lib/python3.10/site-packages'
[10.343s] Level 1:colcon.colcon_core.environment:checking '/home/pi/axior_ws/src/axior_software/install/aruco_msgs/bin'
[10.344s] INFO:colcon.colcon_core.shell:Creating package script '/home/pi/axior_ws/src/axior_software/install/aruco_msgs/share/aruco_msgs/package.ps1'
[10.346s] INFO:colcon.colcon_core.shell:Creating package descriptor '/home/pi/axior_ws/src/axior_software/install/aruco_msgs/share/aruco_msgs/package.dsv'
[10.348s] INFO:colcon.colcon_core.shell:Creating package script '/home/pi/axior_ws/src/axior_software/install/aruco_msgs/share/aruco_msgs/package.sh'
[10.350s] INFO:colcon.colcon_core.shell:Creating package script '/home/pi/axior_ws/src/axior_software/install/aruco_msgs/share/aruco_msgs/package.bash'
[10.352s] INFO:colcon.colcon_core.shell:Creating package script '/home/pi/axior_ws/src/axior_software/install/aruco_msgs/share/aruco_msgs/package.zsh'
[10.354s] Level 1:colcon.colcon_core.environment:create_file_with_runtime_dependencies(/home/pi/axior_ws/src/axior_software/install/aruco_msgs/share/colcon-core/packages/aruco_msgs)
[10.366s] DEBUG:colcon.colcon_parallel_executor.executor.parallel:closing loop
[10.367s] DEBUG:colcon.colcon_parallel_executor.executor.parallel:loop closed
[10.368s] DEBUG:colcon.colcon_parallel_executor.executor.parallel:run_until_complete finished with '1'
[10.369s] DEBUG:colcon.colcon_core.event_reactor:joining thread
[10.395s] INFO:colcon.colcon_core.plugin_system:Skipping extension 'colcon_notification.desktop_notification.terminal_notifier': Not used on non-Darwin systems
[10.396s] INFO:colcon.colcon_core.plugin_system:Skipping extension 'colcon_notification.desktop_notification.win32': Not used on non-Windows systems
[10.396s] INFO:colcon.colcon_notification.desktop_notification:Sending desktop notification using 'notify2'
[10.444s] DEBUG:colcon.colcon_core.event_reactor:joined thread
[10.446s] INFO:colcon.colcon_core.shell:Creating prefix script '/home/pi/axior_ws/src/axior_software/install/local_setup.ps1'
[10.452s] INFO:colcon.colcon_core.shell:Creating prefix util module '/home/pi/axior_ws/src/axior_software/install/_local_setup_util_ps1.py'
[10.459s] INFO:colcon.colcon_core.shell:Creating prefix chain script '/home/pi/axior_ws/src/axior_software/install/setup.ps1'
[10.463s] INFO:colcon.colcon_core.shell:Creating prefix script '/home/pi/axior_ws/src/axior_software/install/local_setup.sh'
[10.466s] INFO:colcon.colcon_core.shell:Creating prefix util module '/home/pi/axior_ws/src/axior_software/install/_local_setup_util_sh.py'
[10.469s] INFO:colcon.colcon_core.shell:Creating prefix chain script '/home/pi/axior_ws/src/axior_software/install/setup.sh'
[10.473s] INFO:colcon.colcon_core.shell:Creating prefix script '/home/pi/axior_ws/src/axior_software/install/local_setup.bash'
[10.475s] INFO:colcon.colcon_core.shell:Creating prefix chain script '/home/pi/axior_ws/src/axior_software/install/setup.bash'
[10.479s] INFO:colcon.colcon_core.shell:Creating prefix script '/home/pi/axior_ws/src/axior_software/install/local_setup.zsh'
[10.482s] INFO:colcon.colcon_core.shell:Creating prefix chain script '/home/pi/axior_ws/src/axior_software/install/setup.zsh'
