-- Found ament_cmake: 1.3.8 (/opt/ros/humble/share/ament_cmake/cmake)
-- Override CMake install command with custom implementation using symlinks instead of copying resources
-- Found std_msgs: 4.2.3 (/opt/ros/humble/share/std_msgs/cmake)
-- Found rosidl_generator_c: 3.1.5 (/opt/ros/humble/share/rosidl_generator_c/cmake)
-- Found rosidl_adapter: 3.1.5 (/opt/ros/humble/share/rosidl_adapter/cmake)
-- Found rosidl_generator_cpp: 3.1.5 (/opt/ros/humble/share/rosidl_generator_cpp/cmake)
-- Using all available rosidl_typesupport_c: rosidl_typesupport_fastrtps_c;rosidl_typesupport_introspection_c
-- Using all available rosidl_typesupport_cpp: rosidl_typesupport_fastrtps_cpp;rosidl_typesupport_introspection_cpp
-- Found geometry_msgs: 4.2.3 (/opt/ros/humble/share/geometry_msgs/cmake)
-- Found rosidl_default_generators: 1.2.0 (/opt/ros/humble/share/rosidl_default_generators/cmake)
-- Found ament_cmake_ros: 0.10.0 (/opt/ros/humble/share/ament_cmake_ros/cmake)
-- Using all available rosidl_typesupport_c: rosidl_typesupport_fastrtps_c;rosidl_typesupport_introspection_c
-- Using all available rosidl_typesupport_cpp: rosidl_typesupport_fastrtps_cpp;rosidl_typesupport_introspection_cpp
-- Found python_cmake_module: 0.10.0 (/opt/ros/humble/share/python_cmake_module/cmake)
-- Using PYTHON_EXECUTABLE: /usr/bin/python3
-- Using PYTHON_INCLUDE_DIRS: /usr/include/python3.10
-- Using PYTHON_LIBRARIES: /usr/lib/aarch64-linux-gnu/libpython3.10.so
[31mCMake Error at CMakeLists.txt:21 (find_package):
  By not providing "Findament_lint_auto.cmake" in CMAKE_MODULE_PATH this
  project has asked CMake to find a package configuration file provided by
  "ament_lint_auto", but CMake did not find one.

  Could not find a package configuration file provided by "ament_lint_auto"
  with any of the following names:

    ament_lint_autoConfig.cmake
    ament_lint_auto-config.cmake

  Add the installation prefix of "ament_lint_auto" to CMAKE_PREFIX_PATH or
  set "ament_lint_auto_DIR" to a directory containing one of the above files.
  If "ament_lint_auto" provides a separate development package or SDK, be
  sure it has been installed.

[0m
-- Configuring incomplete, errors occurred!
See also "/home/pi/axior_ws/src/axior_software/build/aruco_msgs/CMakeFiles/CMakeOutput.log".
