[0.068s] Invoking command in '/home/pi/axior_ws/src/axior_software/build/aruco_msgs': CMAKE_PREFIX_PATH=/opt/ros/humble /usr/bin/cmake /home/pi/axior_ws/src/axior_software/packages/aruco_localization/aruco_msgs -DAMENT_CMAKE_SYMLINK_INSTALL=1 -DCMAKE_INSTALL_PREFIX=/home/pi/axior_ws/src/axior_software/install/aruco_msgs
[0.108s] -- Found ament_cmake: 1.3.8 (/opt/ros/humble/share/ament_cmake/cmake)
[0.740s] -- Override CMake install command with custom implementation using symlinks instead of copying resources
[0.778s] -- Found std_msgs: 4.2.3 (/opt/ros/humble/share/std_msgs/cmake)
[0.941s] -- Found rosidl_generator_c: 3.1.5 (/opt/ros/humble/share/rosidl_generator_c/cmake)
[0.954s] -- Found rosidl_adapter: 3.1.5 (/opt/ros/humble/share/rosidl_adapter/cmake)
[0.989s] -- Found rosidl_generator_cpp: 3.1.5 (/opt/ros/humble/share/rosidl_generator_cpp/cmake)
[1.042s] -- Using all available rosidl_typesupport_c: rosidl_typesupport_fastrtps_c;rosidl_typesupport_introspection_c
[1.133s] -- Using all available rosidl_typesupport_cpp: rosidl_typesupport_fastrtps_cpp;rosidl_typesupport_introspection_cpp
[1.375s] -- Found geometry_msgs: 4.2.3 (/opt/ros/humble/share/geometry_msgs/cmake)
[1.555s] -- Found rosidl_default_generators: 1.2.0 (/opt/ros/humble/share/rosidl_default_generators/cmake)
[3.094s] -- Found ament_cmake_ros: 0.10.0 (/opt/ros/humble/share/ament_cmake_ros/cmake)
[5.095s] -- Using all available rosidl_typesupport_c: rosidl_typesupport_fastrtps_c;rosidl_typesupport_introspection_c
[5.832s] -- Using all available rosidl_typesupport_cpp: rosidl_typesupport_fastrtps_cpp;rosidl_typesupport_introspection_cpp
[5.935s] -- Found python_cmake_module: 0.10.0 (/opt/ros/humble/share/python_cmake_module/cmake)
[6.040s] -- Using PYTHON_EXECUTABLE: /usr/bin/python3
[6.040s] -- Using PYTHON_INCLUDE_DIRS: /usr/include/python3.10
[6.041s] -- Using PYTHON_LIBRARIES: /usr/lib/aarch64-linux-gnu/libpython3.10.so
[6.339s] [31mCMake Error at CMakeLists.txt:21 (find_package):
[6.339s]   By not providing "Findament_lint_auto.cmake" in CMAKE_MODULE_PATH this
[6.340s]   project has asked CMake to find a package configuration file provided by
[6.340s]   "ament_lint_auto", but CMake did not find one.
[6.340s] 
[6.341s]   Could not find a package configuration file provided by "ament_lint_auto"
[6.342s]   with any of the following names:
[6.343s] 
[6.344s]     ament_lint_autoConfig.cmake
[6.344s]     ament_lint_auto-config.cmake
[6.346s] 
[6.347s]   Add the installation prefix of "ament_lint_auto" to CMAKE_PREFIX_PATH or
[6.348s]   set "ament_lint_auto_DIR" to a directory containing one of the above files.
[6.350s]   If "ament_lint_auto" provides a separate development package or SDK, be
[6.352s]   sure it has been installed.
[6.353s] 
[6.355s] [0m
[6.356s] -- Configuring incomplete, errors occurred!
[6.358s] See also "/home/pi/axior_ws/src/axior_software/build/aruco_msgs/CMakeFiles/CMakeOutput.log".
[6.370s] Invoked command in '/home/pi/axior_ws/src/axior_software/build/aruco_msgs' returned '1': CMAKE_PREFIX_PATH=/opt/ros/humble /usr/bin/cmake /home/pi/axior_ws/src/axior_software/packages/aruco_localization/aruco_msgs -DAMENT_CMAKE_SYMLINK_INSTALL=1 -DCMAKE_INSTALL_PREFIX=/home/pi/axior_ws/src/axior_software/install/aruco_msgs
