[0.409s] DEBUG:colcon:Command line arguments: ['/usr/bin/colcon', 'build', '--symlink-install']
[0.410s] DEBUG:colcon:Parsed command line arguments: Namespace(log_base=None, log_level=None, verb_name='build', build_base='build', install_base='install', merge_install=False, symlink_install=True, test_result_base=None, continue_on_error=False, executor='parallel', parallel_workers=4, event_handlers=None, ignore_user_meta=False, metas=['./colcon.meta'], base_paths=['.'], packages_ignore=None, packages_ignore_regex=None, paths=None, packages_up_to=None, packages_up_to_regex=None, packages_above=None, packages_above_and_dependencies=None, packages_above_depth=None, packages_select_by_dep=None, packages_skip_by_dep=None, packages_skip_up_to=None, packages_select_build_failed=False, packages_skip_build_finished=False, packages_select_test_failures=False, packages_skip_test_passed=False, packages_select=None, packages_skip=None, packages_select_regex=None, packages_skip_regex=None, packages_start=None, packages_end=None, allow_overriding=[], cmake_args=None, cmake_target=None, cmake_target_skip_unavailable=False, cmake_clean_cache=False, cmake_clean_first=False, cmake_force_configure=False, ament_cmake_args=None, catkin_cmake_args=None, catkin_skip_building_tests=False, verb_parser=<colcon_defaults.argument_parser.defaults.DefaultArgumentsDecorator object at 0xffff7df01240>, verb_extension=<colcon_core.verb.build.BuildVerb object at 0xffff7e041e40>, main=<bound method BuildVerb.main of <colcon_core.verb.build.BuildVerb object at 0xffff7e041e40>>)
[1.143s] Level 1:colcon.colcon_core.package_discovery:discover_packages(colcon_meta) check parameters
[1.144s] Level 1:colcon.colcon_core.package_discovery:discover_packages(recursive) check parameters
[1.144s] Level 1:colcon.colcon_core.package_discovery:discover_packages(ignore) check parameters
[1.144s] Level 1:colcon.colcon_core.package_discovery:discover_packages(path) check parameters
[1.145s] Level 1:colcon.colcon_core.package_discovery:discover_packages(colcon_meta) discover
[1.145s] Level 1:colcon.colcon_core.package_discovery:discover_packages(recursive) discover
[1.145s] INFO:colcon.colcon_core.package_discovery:Crawling recursively for packages in '/home/pi/axior_ws/src/axior_software'
[1.146s] Level 1:colcon.colcon_core.package_identification:_identify(.) by extensions ['ignore', 'ignore_ament_install']
[1.146s] Level 1:colcon.colcon_core.package_identification:_identify(.) by extension 'ignore'
[1.146s] Level 1:colcon.colcon_core.package_identification:_identify(.) by extension 'ignore_ament_install'
[1.147s] Level 1:colcon.colcon_core.package_identification:_identify(.) by extensions ['colcon_pkg']
[1.147s] Level 1:colcon.colcon_core.package_identification:_identify(.) by extension 'colcon_pkg'
[1.147s] Level 1:colcon.colcon_core.package_identification:_identify(.) by extensions ['colcon_meta']
[1.147s] Level 1:colcon.colcon_core.package_identification:_identify(.) by extension 'colcon_meta'
[1.147s] Level 1:colcon.colcon_core.package_identification:_identify(.) by extensions ['ros']
[1.147s] Level 1:colcon.colcon_core.package_identification:_identify(.) by extension 'ros'
[1.191s] Level 1:colcon.colcon_core.package_identification:_identify(.) by extensions ['cmake', 'python']
[1.191s] Level 1:colcon.colcon_core.package_identification:_identify(.) by extension 'cmake'
[1.192s] Level 1:colcon.colcon_core.package_identification:_identify(.) by extension 'python'
[1.192s] Level 1:colcon.colcon_core.package_identification:_identify(.) by extensions ['python_setup_py']
[1.192s] Level 1:colcon.colcon_core.package_identification:_identify(.) by extension 'python_setup_py'
[1.193s] Level 1:colcon.colcon_core.package_identification:_identify(build) by extensions ['ignore', 'ignore_ament_install']
[1.193s] Level 1:colcon.colcon_core.package_identification:_identify(build) by extension 'ignore'
[1.193s] Level 1:colcon.colcon_core.package_identification:_identify(build) ignored
[1.194s] Level 1:colcon.colcon_core.package_identification:_identify(docs) by extensions ['ignore', 'ignore_ament_install']
[1.194s] Level 1:colcon.colcon_core.package_identification:_identify(docs) by extension 'ignore'
[1.195s] Level 1:colcon.colcon_core.package_identification:_identify(docs) by extension 'ignore_ament_install'
[1.195s] Level 1:colcon.colcon_core.package_identification:_identify(docs) by extensions ['colcon_pkg']
[1.195s] Level 1:colcon.colcon_core.package_identification:_identify(docs) by extension 'colcon_pkg'
[1.195s] Level 1:colcon.colcon_core.package_identification:_identify(docs) by extensions ['colcon_meta']
[1.195s] Level 1:colcon.colcon_core.package_identification:_identify(docs) by extension 'colcon_meta'
[1.196s] Level 1:colcon.colcon_core.package_identification:_identify(docs) by extensions ['ros']
[1.196s] Level 1:colcon.colcon_core.package_identification:_identify(docs) by extension 'ros'
[1.196s] Level 1:colcon.colcon_core.package_identification:_identify(docs) by extensions ['cmake', 'python']
[1.196s] Level 1:colcon.colcon_core.package_identification:_identify(docs) by extension 'cmake'
[1.196s] Level 1:colcon.colcon_core.package_identification:_identify(docs) by extension 'python'
[1.197s] Level 1:colcon.colcon_core.package_identification:_identify(docs) by extensions ['python_setup_py']
[1.197s] Level 1:colcon.colcon_core.package_identification:_identify(docs) by extension 'python_setup_py'
[1.197s] Level 1:colcon.colcon_core.package_identification:_identify(install) by extensions ['ignore', 'ignore_ament_install']
[1.198s] Level 1:colcon.colcon_core.package_identification:_identify(install) by extension 'ignore'
[1.198s] Level 1:colcon.colcon_core.package_identification:_identify(install) ignored
[1.199s] Level 1:colcon.colcon_core.package_identification:_identify(log) by extensions ['ignore', 'ignore_ament_install']
[1.199s] Level 1:colcon.colcon_core.package_identification:_identify(log) by extension 'ignore'
[1.199s] Level 1:colcon.colcon_core.package_identification:_identify(log) ignored
[1.199s] Level 1:colcon.colcon_core.package_identification:_identify(packages) by extensions ['ignore', 'ignore_ament_install']
[1.200s] Level 1:colcon.colcon_core.package_identification:_identify(packages) by extension 'ignore'
[1.200s] Level 1:colcon.colcon_core.package_identification:_identify(packages) by extension 'ignore_ament_install'
[1.200s] Level 1:colcon.colcon_core.package_identification:_identify(packages) by extensions ['colcon_pkg']
[1.200s] Level 1:colcon.colcon_core.package_identification:_identify(packages) by extension 'colcon_pkg'
[1.201s] Level 1:colcon.colcon_core.package_identification:_identify(packages) by extensions ['colcon_meta']
[1.201s] Level 1:colcon.colcon_core.package_identification:_identify(packages) by extension 'colcon_meta'
[1.201s] Level 1:colcon.colcon_core.package_identification:_identify(packages) by extensions ['ros']
[1.201s] Level 1:colcon.colcon_core.package_identification:_identify(packages) by extension 'ros'
[1.202s] Level 1:colcon.colcon_core.package_identification:_identify(packages) by extensions ['cmake', 'python']
[1.202s] Level 1:colcon.colcon_core.package_identification:_identify(packages) by extension 'cmake'
[1.202s] Level 1:colcon.colcon_core.package_identification:_identify(packages) by extension 'python'
[1.202s] Level 1:colcon.colcon_core.package_identification:_identify(packages) by extensions ['python_setup_py']
[1.202s] Level 1:colcon.colcon_core.package_identification:_identify(packages) by extension 'python_setup_py'
[1.203s] Level 1:colcon.colcon_core.package_identification:_identify(packages/aruco_localization) by extensions ['ignore', 'ignore_ament_install']
[1.203s] Level 1:colcon.colcon_core.package_identification:_identify(packages/aruco_localization) by extension 'ignore'
[1.203s] Level 1:colcon.colcon_core.package_identification:_identify(packages/aruco_localization) by extension 'ignore_ament_install'
[1.204s] Level 1:colcon.colcon_core.package_identification:_identify(packages/aruco_localization) by extensions ['colcon_pkg']
[1.204s] Level 1:colcon.colcon_core.package_identification:_identify(packages/aruco_localization) by extension 'colcon_pkg'
[1.204s] Level 1:colcon.colcon_core.package_identification:_identify(packages/aruco_localization) by extensions ['colcon_meta']
[1.204s] Level 1:colcon.colcon_core.package_identification:_identify(packages/aruco_localization) by extension 'colcon_meta'
[1.204s] Level 1:colcon.colcon_core.package_identification:_identify(packages/aruco_localization) by extensions ['ros']
[1.204s] Level 1:colcon.colcon_core.package_identification:_identify(packages/aruco_localization) by extension 'ros'
[1.205s] Level 1:colcon.colcon_core.package_identification:_identify(packages/aruco_localization) by extensions ['cmake', 'python']
[1.205s] Level 1:colcon.colcon_core.package_identification:_identify(packages/aruco_localization) by extension 'cmake'
[1.205s] Level 1:colcon.colcon_core.package_identification:_identify(packages/aruco_localization) by extension 'python'
[1.205s] Level 1:colcon.colcon_core.package_identification:_identify(packages/aruco_localization) by extensions ['python_setup_py']
[1.206s] Level 1:colcon.colcon_core.package_identification:_identify(packages/aruco_localization) by extension 'python_setup_py'
[1.206s] Level 1:colcon.colcon_core.package_identification:_identify(packages/aruco_localization/aruco) by extensions ['ignore', 'ignore_ament_install']
[1.207s] Level 1:colcon.colcon_core.package_identification:_identify(packages/aruco_localization/aruco) by extension 'ignore'
[1.207s] Level 1:colcon.colcon_core.package_identification:_identify(packages/aruco_localization/aruco) by extension 'ignore_ament_install'
[1.207s] Level 1:colcon.colcon_core.package_identification:_identify(packages/aruco_localization/aruco) by extensions ['colcon_pkg']
[1.207s] Level 1:colcon.colcon_core.package_identification:_identify(packages/aruco_localization/aruco) by extension 'colcon_pkg'
[1.207s] Level 1:colcon.colcon_core.package_identification:_identify(packages/aruco_localization/aruco) by extensions ['colcon_meta']
[1.207s] Level 1:colcon.colcon_core.package_identification:_identify(packages/aruco_localization/aruco) by extension 'colcon_meta'
[1.208s] Level 1:colcon.colcon_core.package_identification:_identify(packages/aruco_localization/aruco) by extensions ['ros']
[1.208s] Level 1:colcon.colcon_core.package_identification:_identify(packages/aruco_localization/aruco) by extension 'ros'
[1.217s] DEBUG:colcon.colcon_core.package_identification:Package 'packages/aruco_localization/aruco' with type 'ros.ament_cmake' and name 'aruco'
[1.217s] Level 1:colcon.colcon_core.package_identification:_identify(packages/aruco_localization/aruco_msgs) by extensions ['ignore', 'ignore_ament_install']
[1.218s] Level 1:colcon.colcon_core.package_identification:_identify(packages/aruco_localization/aruco_msgs) by extension 'ignore'
[1.218s] Level 1:colcon.colcon_core.package_identification:_identify(packages/aruco_localization/aruco_msgs) by extension 'ignore_ament_install'
[1.218s] Level 1:colcon.colcon_core.package_identification:_identify(packages/aruco_localization/aruco_msgs) by extensions ['colcon_pkg']
[1.219s] Level 1:colcon.colcon_core.package_identification:_identify(packages/aruco_localization/aruco_msgs) by extension 'colcon_pkg'
[1.219s] Level 1:colcon.colcon_core.package_identification:_identify(packages/aruco_localization/aruco_msgs) by extensions ['colcon_meta']
[1.219s] Level 1:colcon.colcon_core.package_identification:_identify(packages/aruco_localization/aruco_msgs) by extension 'colcon_meta'
[1.219s] Level 1:colcon.colcon_core.package_identification:_identify(packages/aruco_localization/aruco_msgs) by extensions ['ros']
[1.219s] Level 1:colcon.colcon_core.package_identification:_identify(packages/aruco_localization/aruco_msgs) by extension 'ros'
[1.228s] DEBUG:colcon.colcon_core.package_identification:Package 'packages/aruco_localization/aruco_msgs' with type 'ros.ament_cmake' and name 'aruco_msgs'
[1.229s] Level 1:colcon.colcon_core.package_identification:_identify(packages/aruco_localization/aruco_ros) by extensions ['ignore', 'ignore_ament_install']
[1.230s] Level 1:colcon.colcon_core.package_identification:_identify(packages/aruco_localization/aruco_ros) by extension 'ignore'
[1.230s] Level 1:colcon.colcon_core.package_identification:_identify(packages/aruco_localization/aruco_ros) by extension 'ignore_ament_install'
[1.231s] Level 1:colcon.colcon_core.package_identification:_identify(packages/aruco_localization/aruco_ros) by extensions ['colcon_pkg']
[1.231s] Level 1:colcon.colcon_core.package_identification:_identify(packages/aruco_localization/aruco_ros) by extension 'colcon_pkg'
[1.232s] Level 1:colcon.colcon_core.package_identification:_identify(packages/aruco_localization/aruco_ros) by extensions ['colcon_meta']
[1.232s] Level 1:colcon.colcon_core.package_identification:_identify(packages/aruco_localization/aruco_ros) by extension 'colcon_meta'
[1.233s] Level 1:colcon.colcon_core.package_identification:_identify(packages/aruco_localization/aruco_ros) by extensions ['ros']
[1.233s] Level 1:colcon.colcon_core.package_identification:_identify(packages/aruco_localization/aruco_ros) by extension 'ros'
[1.239s] DEBUG:colcon.colcon_core.package_identification:Package 'packages/aruco_localization/aruco_ros' with type 'ros.ament_cmake' and name 'aruco_ros'
[1.239s] Level 1:colcon.colcon_core.package_identification:_identify(scripts) by extensions ['ignore', 'ignore_ament_install']
[1.240s] Level 1:colcon.colcon_core.package_identification:_identify(scripts) by extension 'ignore'
[1.240s] Level 1:colcon.colcon_core.package_identification:_identify(scripts) by extension 'ignore_ament_install'
[1.240s] Level 1:colcon.colcon_core.package_identification:_identify(scripts) by extensions ['colcon_pkg']
[1.241s] Level 1:colcon.colcon_core.package_identification:_identify(scripts) by extension 'colcon_pkg'
[1.241s] Level 1:colcon.colcon_core.package_identification:_identify(scripts) by extensions ['colcon_meta']
[1.241s] Level 1:colcon.colcon_core.package_identification:_identify(scripts) by extension 'colcon_meta'
[1.241s] Level 1:colcon.colcon_core.package_identification:_identify(scripts) by extensions ['ros']
[1.241s] Level 1:colcon.colcon_core.package_identification:_identify(scripts) by extension 'ros'
[1.242s] Level 1:colcon.colcon_core.package_identification:_identify(scripts) by extensions ['cmake', 'python']
[1.242s] Level 1:colcon.colcon_core.package_identification:_identify(scripts) by extension 'cmake'
[1.242s] Level 1:colcon.colcon_core.package_identification:_identify(scripts) by extension 'python'
[1.242s] Level 1:colcon.colcon_core.package_identification:_identify(scripts) by extensions ['python_setup_py']
[1.242s] Level 1:colcon.colcon_core.package_identification:_identify(scripts) by extension 'python_setup_py'
[1.243s] Level 1:colcon.colcon_core.package_identification:_identify(setup) by extensions ['ignore', 'ignore_ament_install']
[1.243s] Level 1:colcon.colcon_core.package_identification:_identify(setup) by extension 'ignore'
[1.243s] Level 1:colcon.colcon_core.package_identification:_identify(setup) by extension 'ignore_ament_install'
[1.244s] Level 1:colcon.colcon_core.package_identification:_identify(setup) by extensions ['colcon_pkg']
[1.244s] Level 1:colcon.colcon_core.package_identification:_identify(setup) by extension 'colcon_pkg'
[1.244s] Level 1:colcon.colcon_core.package_identification:_identify(setup) by extensions ['colcon_meta']
[1.244s] Level 1:colcon.colcon_core.package_identification:_identify(setup) by extension 'colcon_meta'
[1.244s] Level 1:colcon.colcon_core.package_identification:_identify(setup) by extensions ['ros']
[1.244s] Level 1:colcon.colcon_core.package_identification:_identify(setup) by extension 'ros'
[1.245s] Level 1:colcon.colcon_core.package_identification:_identify(setup) by extensions ['cmake', 'python']
[1.245s] Level 1:colcon.colcon_core.package_identification:_identify(setup) by extension 'cmake'
[1.245s] Level 1:colcon.colcon_core.package_identification:_identify(setup) by extension 'python'
[1.245s] Level 1:colcon.colcon_core.package_identification:_identify(setup) by extensions ['python_setup_py']
[1.245s] Level 1:colcon.colcon_core.package_identification:_identify(setup) by extension 'python_setup_py'
[1.246s] Level 1:colcon.colcon_core.package_discovery:discover_packages(recursive) using defaults
[1.246s] Level 1:colcon.colcon_core.package_discovery:discover_packages(ignore) discover
[1.246s] Level 1:colcon.colcon_core.package_discovery:discover_packages(ignore) using defaults
[1.246s] Level 1:colcon.colcon_core.package_discovery:discover_packages(path) discover
[1.246s] Level 1:colcon.colcon_core.package_discovery:discover_packages(path) using defaults
[1.328s] Level 1:colcon.colcon_core.package_discovery:discover_packages(prefix_path) check parameters
[1.328s] Level 1:colcon.colcon_core.package_discovery:discover_packages(prefix_path) discover
[1.337s] DEBUG:colcon.colcon_installed_package_information.package_discovery:Found 96 installed packages in /opt/ros/humble
[1.339s] Level 1:colcon.colcon_core.package_discovery:discover_packages(prefix_path) using defaults
[1.394s] Level 5:colcon.colcon_core.verb:set package 'aruco' build argument 'cmake_args' from command line to 'None'
[1.394s] Level 5:colcon.colcon_core.verb:set package 'aruco' build argument 'cmake_target' from command line to 'None'
[1.394s] Level 5:colcon.colcon_core.verb:set package 'aruco' build argument 'cmake_target_skip_unavailable' from command line to 'False'
[1.394s] Level 5:colcon.colcon_core.verb:set package 'aruco' build argument 'cmake_clean_cache' from command line to 'False'
[1.394s] Level 5:colcon.colcon_core.verb:set package 'aruco' build argument 'cmake_clean_first' from command line to 'False'
[1.395s] Level 5:colcon.colcon_core.verb:set package 'aruco' build argument 'cmake_force_configure' from command line to 'False'
[1.395s] Level 5:colcon.colcon_core.verb:set package 'aruco' build argument 'ament_cmake_args' from command line to 'None'
[1.395s] Level 5:colcon.colcon_core.verb:set package 'aruco' build argument 'catkin_cmake_args' from command line to 'None'
[1.395s] Level 5:colcon.colcon_core.verb:set package 'aruco' build argument 'catkin_skip_building_tests' from command line to 'False'
[1.395s] DEBUG:colcon.colcon_core.verb:Building package 'aruco' with the following arguments: {'ament_cmake_args': None, 'build_base': '/home/pi/axior_ws/src/axior_software/build/aruco', 'catkin_cmake_args': None, 'catkin_skip_building_tests': False, 'cmake_args': None, 'cmake_clean_cache': False, 'cmake_clean_first': False, 'cmake_force_configure': False, 'cmake_target': None, 'cmake_target_skip_unavailable': False, 'install_base': '/home/pi/axior_ws/src/axior_software/install/aruco', 'merge_install': False, 'path': '/home/pi/axior_ws/src/axior_software/packages/aruco_localization/aruco', 'symlink_install': True, 'test_result_base': None}
[1.396s] Level 5:colcon.colcon_core.verb:set package 'aruco_msgs' build argument 'cmake_args' from command line to 'None'
[1.397s] Level 5:colcon.colcon_core.verb:set package 'aruco_msgs' build argument 'cmake_target' from command line to 'None'
[1.397s] Level 5:colcon.colcon_core.verb:set package 'aruco_msgs' build argument 'cmake_target_skip_unavailable' from command line to 'False'
[1.397s] Level 5:colcon.colcon_core.verb:set package 'aruco_msgs' build argument 'cmake_clean_cache' from command line to 'False'
[1.397s] Level 5:colcon.colcon_core.verb:set package 'aruco_msgs' build argument 'cmake_clean_first' from command line to 'False'
[1.397s] Level 5:colcon.colcon_core.verb:set package 'aruco_msgs' build argument 'cmake_force_configure' from command line to 'False'
[1.397s] Level 5:colcon.colcon_core.verb:set package 'aruco_msgs' build argument 'ament_cmake_args' from command line to 'None'
[1.397s] Level 5:colcon.colcon_core.verb:set package 'aruco_msgs' build argument 'catkin_cmake_args' from command line to 'None'
[1.397s] Level 5:colcon.colcon_core.verb:set package 'aruco_msgs' build argument 'catkin_skip_building_tests' from command line to 'False'
[1.398s] DEBUG:colcon.colcon_core.verb:Building package 'aruco_msgs' with the following arguments: {'ament_cmake_args': None, 'build_base': '/home/pi/axior_ws/src/axior_software/build/aruco_msgs', 'catkin_cmake_args': None, 'catkin_skip_building_tests': False, 'cmake_args': None, 'cmake_clean_cache': False, 'cmake_clean_first': False, 'cmake_force_configure': False, 'cmake_target': None, 'cmake_target_skip_unavailable': False, 'install_base': '/home/pi/axior_ws/src/axior_software/install/aruco_msgs', 'merge_install': False, 'path': '/home/pi/axior_ws/src/axior_software/packages/aruco_localization/aruco_msgs', 'symlink_install': True, 'test_result_base': None}
[1.399s] Level 5:colcon.colcon_core.verb:set package 'aruco_ros' build argument 'cmake_args' from command line to 'None'
[1.399s] Level 5:colcon.colcon_core.verb:set package 'aruco_ros' build argument 'cmake_target' from command line to 'None'
[1.399s] Level 5:colcon.colcon_core.verb:set package 'aruco_ros' build argument 'cmake_target_skip_unavailable' from command line to 'False'
[1.400s] Level 5:colcon.colcon_core.verb:set package 'aruco_ros' build argument 'cmake_clean_cache' from command line to 'False'
[1.400s] Level 5:colcon.colcon_core.verb:set package 'aruco_ros' build argument 'cmake_clean_first' from command line to 'False'
[1.400s] Level 5:colcon.colcon_core.verb:set package 'aruco_ros' build argument 'cmake_force_configure' from command line to 'False'
[1.400s] Level 5:colcon.colcon_core.verb:set package 'aruco_ros' build argument 'ament_cmake_args' from command line to 'None'
[1.400s] Level 5:colcon.colcon_core.verb:set package 'aruco_ros' build argument 'catkin_cmake_args' from command line to 'None'
[1.400s] Level 5:colcon.colcon_core.verb:set package 'aruco_ros' build argument 'catkin_skip_building_tests' from command line to 'False'
[1.400s] DEBUG:colcon.colcon_core.verb:Building package 'aruco_ros' with the following arguments: {'ament_cmake_args': None, 'build_base': '/home/pi/axior_ws/src/axior_software/build/aruco_ros', 'catkin_cmake_args': None, 'catkin_skip_building_tests': False, 'cmake_args': None, 'cmake_clean_cache': False, 'cmake_clean_first': False, 'cmake_force_configure': False, 'cmake_target': None, 'cmake_target_skip_unavailable': False, 'install_base': '/home/pi/axior_ws/src/axior_software/install/aruco_ros', 'merge_install': False, 'path': '/home/pi/axior_ws/src/axior_software/packages/aruco_localization/aruco_ros', 'symlink_install': True, 'test_result_base': None}
[1.401s] INFO:colcon.colcon_core.executor:Executing jobs using 'parallel' executor
[1.404s] DEBUG:colcon.colcon_parallel_executor.executor.parallel:run_until_complete
[1.406s] INFO:colcon.colcon_ros.task.ament_cmake.build:Building ROS package in '/home/pi/axior_ws/src/axior_software/packages/aruco_localization/aruco' with build type 'ament_cmake'
[1.406s] INFO:colcon.colcon_cmake.task.cmake.build:Building CMake package in '/home/pi/axior_ws/src/axior_software/packages/aruco_localization/aruco'
[1.415s] INFO:colcon.colcon_core.plugin_system:Skipping extension 'colcon_core.shell.bat': Not used on non-Windows systems
[1.416s] INFO:colcon.colcon_core.shell:Skip shell extension 'powershell' for command environment: Not usable outside of PowerShell
[1.416s] DEBUG:colcon.colcon_core.shell:Skip shell extension 'dsv' for command environment
[1.427s] INFO:colcon.colcon_ros.task.ament_cmake.build:Building ROS package in '/home/pi/axior_ws/src/axior_software/packages/aruco_localization/aruco_msgs' with build type 'ament_cmake'
[1.428s] INFO:colcon.colcon_cmake.task.cmake.build:Building CMake package in '/home/pi/axior_ws/src/axior_software/packages/aruco_localization/aruco_msgs'
[1.429s] INFO:colcon.colcon_core.shell:Skip shell extension 'powershell' for command environment: Not usable outside of PowerShell
[1.430s] DEBUG:colcon.colcon_core.shell:Skip shell extension 'dsv' for command environment
[1.464s] DEBUG:colcon.colcon_core.event_handler.log_command:Invoking command in '/home/pi/axior_ws/src/axior_software/build/aruco': CMAKE_PREFIX_PATH=/opt/ros/humble /usr/bin/cmake --build /home/pi/axior_ws/src/axior_software/build/aruco -- -j4 -l4
[1.504s] DEBUG:colcon.colcon_core.event_handler.log_command:Invoking command in '/home/pi/axior_ws/src/axior_software/build/aruco_msgs': CMAKE_PREFIX_PATH=/opt/ros/humble /usr/bin/cmake /home/pi/axior_ws/src/axior_software/packages/aruco_localization/aruco_msgs -DAMENT_CMAKE_SYMLINK_INSTALL=1 -DCMAKE_INSTALL_PREFIX=/home/pi/axior_ws/src/axior_software/install/aruco_msgs
[1.752s] DEBUG:colcon.colcon_core.event_handler.log_command:Invoked command in '/home/pi/axior_ws/src/axior_software/build/aruco' returned '0': CMAKE_PREFIX_PATH=/opt/ros/humble /usr/bin/cmake --build /home/pi/axior_ws/src/axior_software/build/aruco -- -j4 -l4
[2.171s] DEBUG:colcon.colcon_core.event_handler.log_command:Invoking command in '/home/pi/axior_ws/src/axior_software/build/aruco': CMAKE_PREFIX_PATH=/opt/ros/humble /usr/bin/cmake --install /home/pi/axior_ws/src/axior_software/build/aruco
[2.296s] Level 1:colcon.colcon_core.environment:create_environment_scripts_only(aruco)
[2.298s] DEBUG:colcon.colcon_core.event_handler.log_command:Invoked command in '/home/pi/axior_ws/src/axior_software/build/aruco' returned '0': CMAKE_PREFIX_PATH=/opt/ros/humble /usr/bin/cmake --install /home/pi/axior_ws/src/axior_software/build/aruco
[2.308s] Level 1:colcon.colcon_core.environment:checking '/home/pi/axior_ws/src/axior_software/install/aruco' for CMake module files
[2.311s] Level 1:colcon.colcon_core.environment:checking '/home/pi/axior_ws/src/axior_software/install/aruco' for CMake config files
[2.314s] Level 1:colcon.colcon_core.shell:create_environment_hook('aruco', 'cmake_prefix_path')
[2.315s] INFO:colcon.colcon_core.shell:Creating environment hook '/home/pi/axior_ws/src/axior_software/install/aruco/share/aruco/hook/cmake_prefix_path.ps1'
[2.319s] INFO:colcon.colcon_core.shell:Creating environment descriptor '/home/pi/axior_ws/src/axior_software/install/aruco/share/aruco/hook/cmake_prefix_path.dsv'
[2.321s] INFO:colcon.colcon_core.shell:Creating environment hook '/home/pi/axior_ws/src/axior_software/install/aruco/share/aruco/hook/cmake_prefix_path.sh'
[2.326s] Level 1:colcon.colcon_core.environment:checking '/home/pi/axior_ws/src/axior_software/install/aruco/lib'
[2.327s] Level 1:colcon.colcon_core.shell:create_environment_hook('aruco', 'ld_library_path_lib')
[2.328s] INFO:colcon.colcon_core.shell:Creating environment hook '/home/pi/axior_ws/src/axior_software/install/aruco/share/aruco/hook/ld_library_path_lib.ps1'
[2.330s] INFO:colcon.colcon_core.shell:Creating environment descriptor '/home/pi/axior_ws/src/axior_software/install/aruco/share/aruco/hook/ld_library_path_lib.dsv'
[2.333s] INFO:colcon.colcon_core.shell:Creating environment hook '/home/pi/axior_ws/src/axior_software/install/aruco/share/aruco/hook/ld_library_path_lib.sh'
[2.335s] Level 1:colcon.colcon_core.environment:checking '/home/pi/axior_ws/src/axior_software/install/aruco/bin'
[2.336s] Level 1:colcon.colcon_core.environment:checking '/home/pi/axior_ws/src/axior_software/install/aruco/lib/pkgconfig/aruco.pc'
[2.337s] Level 1:colcon.colcon_core.environment:checking '/home/pi/axior_ws/src/axior_software/install/aruco/lib/python3.10/site-packages'
[2.338s] Level 1:colcon.colcon_core.environment:checking '/home/pi/axior_ws/src/axior_software/install/aruco/bin'
[2.340s] INFO:colcon.colcon_core.shell:Creating package script '/home/pi/axior_ws/src/axior_software/install/aruco/share/aruco/package.ps1'
[2.344s] INFO:colcon.colcon_core.shell:Creating package descriptor '/home/pi/axior_ws/src/axior_software/install/aruco/share/aruco/package.dsv'
[2.347s] INFO:colcon.colcon_core.shell:Creating package script '/home/pi/axior_ws/src/axior_software/install/aruco/share/aruco/package.sh'
[2.352s] INFO:colcon.colcon_core.shell:Creating package script '/home/pi/axior_ws/src/axior_software/install/aruco/share/aruco/package.bash'
[2.397s] INFO:colcon.colcon_core.shell:Creating package script '/home/pi/axior_ws/src/axior_software/install/aruco/share/aruco/package.zsh'
[2.400s] Level 1:colcon.colcon_core.environment:create_file_with_runtime_dependencies(/home/pi/axior_ws/src/axior_software/install/aruco/share/colcon-core/packages/aruco)
[2.743s] Level 1:colcon.colcon_core.environment:create_environment_scripts_only(aruco)
[2.745s] Level 1:colcon.colcon_core.environment:checking '/home/pi/axior_ws/src/axior_software/install/aruco' for CMake module files
[2.748s] Level 1:colcon.colcon_core.environment:checking '/home/pi/axior_ws/src/axior_software/install/aruco' for CMake config files
[2.750s] Level 1:colcon.colcon_core.shell:create_environment_hook('aruco', 'cmake_prefix_path')
[2.751s] INFO:colcon.colcon_core.shell:Creating environment hook '/home/pi/axior_ws/src/axior_software/install/aruco/share/aruco/hook/cmake_prefix_path.ps1'
[2.753s] INFO:colcon.colcon_core.shell:Creating environment descriptor '/home/pi/axior_ws/src/axior_software/install/aruco/share/aruco/hook/cmake_prefix_path.dsv'
[2.755s] INFO:colcon.colcon_core.shell:Creating environment hook '/home/pi/axior_ws/src/axior_software/install/aruco/share/aruco/hook/cmake_prefix_path.sh'
[2.758s] Level 1:colcon.colcon_core.environment:checking '/home/pi/axior_ws/src/axior_software/install/aruco/lib'
[2.759s] Level 1:colcon.colcon_core.shell:create_environment_hook('aruco', 'ld_library_path_lib')
[2.760s] INFO:colcon.colcon_core.shell:Creating environment hook '/home/pi/axior_ws/src/axior_software/install/aruco/share/aruco/hook/ld_library_path_lib.ps1'
[2.762s] INFO:colcon.colcon_core.shell:Creating environment descriptor '/home/pi/axior_ws/src/axior_software/install/aruco/share/aruco/hook/ld_library_path_lib.dsv'
[2.764s] INFO:colcon.colcon_core.shell:Creating environment hook '/home/pi/axior_ws/src/axior_software/install/aruco/share/aruco/hook/ld_library_path_lib.sh'
[2.767s] Level 1:colcon.colcon_core.environment:checking '/home/pi/axior_ws/src/axior_software/install/aruco/bin'
[2.767s] Level 1:colcon.colcon_core.environment:checking '/home/pi/axior_ws/src/axior_software/install/aruco/lib/pkgconfig/aruco.pc'
[2.768s] Level 1:colcon.colcon_core.environment:checking '/home/pi/axior_ws/src/axior_software/install/aruco/lib/python3.10/site-packages'
[2.769s] Level 1:colcon.colcon_core.environment:checking '/home/pi/axior_ws/src/axior_software/install/aruco/bin'
[2.771s] INFO:colcon.colcon_core.shell:Creating package script '/home/pi/axior_ws/src/axior_software/install/aruco/share/aruco/package.ps1'
[2.774s] INFO:colcon.colcon_core.shell:Creating package descriptor '/home/pi/axior_ws/src/axior_software/install/aruco/share/aruco/package.dsv'
[2.776s] INFO:colcon.colcon_core.shell:Creating package script '/home/pi/axior_ws/src/axior_software/install/aruco/share/aruco/package.sh'
[2.779s] INFO:colcon.colcon_core.shell:Creating package script '/home/pi/axior_ws/src/axior_software/install/aruco/share/aruco/package.bash'
[2.781s] INFO:colcon.colcon_core.shell:Creating package script '/home/pi/axior_ws/src/axior_software/install/aruco/share/aruco/package.zsh'
[2.783s] Level 1:colcon.colcon_core.environment:create_file_with_runtime_dependencies(/home/pi/axior_ws/src/axior_software/install/aruco/share/colcon-core/packages/aruco)
[7.373s] DEBUG:colcon.colcon_core.event_handler.log_command:Invoked command in '/home/pi/axior_ws/src/axior_software/build/aruco_msgs' returned '1': CMAKE_PREFIX_PATH=/opt/ros/humble /usr/bin/cmake /home/pi/axior_ws/src/axior_software/packages/aruco_localization/aruco_msgs -DAMENT_CMAKE_SYMLINK_INSTALL=1 -DCMAKE_INSTALL_PREFIX=/home/pi/axior_ws/src/axior_software/install/aruco_msgs
[7.416s] Level 1:colcon.colcon_core.environment:create_environment_scripts_only(aruco_msgs)
[7.418s] Level 1:colcon.colcon_core.environment:checking '/home/pi/axior_ws/src/axior_software/install/aruco_msgs' for CMake module files
[7.420s] Level 1:colcon.colcon_core.environment:checking '/home/pi/axior_ws/src/axior_software/install/aruco_msgs' for CMake config files
[7.422s] Level 1:colcon.colcon_core.environment:checking '/home/pi/axior_ws/src/axior_software/install/aruco_msgs/bin'
[7.423s] Level 1:colcon.colcon_core.environment:checking '/home/pi/axior_ws/src/axior_software/install/aruco_msgs/lib/pkgconfig/aruco_msgs.pc'
[7.424s] Level 1:colcon.colcon_core.environment:checking '/home/pi/axior_ws/src/axior_software/install/aruco_msgs/lib/python3.10/site-packages'
[7.425s] Level 1:colcon.colcon_core.environment:checking '/home/pi/axior_ws/src/axior_software/install/aruco_msgs/bin'
[7.427s] INFO:colcon.colcon_core.shell:Creating package script '/home/pi/axior_ws/src/axior_software/install/aruco_msgs/share/aruco_msgs/package.ps1'
[7.429s] INFO:colcon.colcon_core.shell:Creating package descriptor '/home/pi/axior_ws/src/axior_software/install/aruco_msgs/share/aruco_msgs/package.dsv'
[7.431s] INFO:colcon.colcon_core.shell:Creating package script '/home/pi/axior_ws/src/axior_software/install/aruco_msgs/share/aruco_msgs/package.sh'
[7.433s] INFO:colcon.colcon_core.shell:Creating package script '/home/pi/axior_ws/src/axior_software/install/aruco_msgs/share/aruco_msgs/package.bash'
[7.436s] INFO:colcon.colcon_core.shell:Creating package script '/home/pi/axior_ws/src/axior_software/install/aruco_msgs/share/aruco_msgs/package.zsh'
[7.437s] Level 1:colcon.colcon_core.environment:create_file_with_runtime_dependencies(/home/pi/axior_ws/src/axior_software/install/aruco_msgs/share/colcon-core/packages/aruco_msgs)
[7.449s] DEBUG:colcon.colcon_parallel_executor.executor.parallel:closing loop
[7.450s] DEBUG:colcon.colcon_parallel_executor.executor.parallel:loop closed
[7.451s] DEBUG:colcon.colcon_parallel_executor.executor.parallel:run_until_complete finished with '1'
[7.451s] DEBUG:colcon.colcon_core.event_reactor:joining thread
[7.474s] INFO:colcon.colcon_core.plugin_system:Skipping extension 'colcon_notification.desktop_notification.terminal_notifier': Not used on non-Darwin systems
[7.474s] INFO:colcon.colcon_core.plugin_system:Skipping extension 'colcon_notification.desktop_notification.win32': Not used on non-Windows systems
[7.474s] INFO:colcon.colcon_notification.desktop_notification:Sending desktop notification using 'notify2'
[7.510s] DEBUG:colcon.colcon_core.event_reactor:joined thread
[7.511s] INFO:colcon.colcon_core.shell:Creating prefix script '/home/pi/axior_ws/src/axior_software/install/local_setup.ps1'
[7.515s] INFO:colcon.colcon_core.shell:Creating prefix util module '/home/pi/axior_ws/src/axior_software/install/_local_setup_util_ps1.py'
[7.521s] INFO:colcon.colcon_core.shell:Creating prefix chain script '/home/pi/axior_ws/src/axior_software/install/setup.ps1'
[7.526s] INFO:colcon.colcon_core.shell:Creating prefix script '/home/pi/axior_ws/src/axior_software/install/local_setup.sh'
[7.528s] INFO:colcon.colcon_core.shell:Creating prefix util module '/home/pi/axior_ws/src/axior_software/install/_local_setup_util_sh.py'
[7.531s] INFO:colcon.colcon_core.shell:Creating prefix chain script '/home/pi/axior_ws/src/axior_software/install/setup.sh'
[7.536s] INFO:colcon.colcon_core.shell:Creating prefix script '/home/pi/axior_ws/src/axior_software/install/local_setup.bash'
[7.539s] INFO:colcon.colcon_core.shell:Creating prefix chain script '/home/pi/axior_ws/src/axior_software/install/setup.bash'
[7.543s] INFO:colcon.colcon_core.shell:Creating prefix script '/home/pi/axior_ws/src/axior_software/install/local_setup.zsh'
[7.545s] INFO:colcon.colcon_core.shell:Creating prefix chain script '/home/pi/axior_ws/src/axior_software/install/setup.zsh'
