[0.917s] DEBUG:colcon:Command line arguments: ['/usr/bin/colcon', 'build']
[0.917s] DEBUG:colcon:Parsed command line arguments: Namespace(log_base=None, log_level=None, verb_name='build', build_base='build', install_base='install', merge_install=False, symlink_install=False, test_result_base=None, continue_on_error=False, executor='parallel', parallel_workers=4, event_handlers=None, ignore_user_meta=False, metas=['./colcon.meta'], base_paths=['.'], packages_ignore=None, packages_ignore_regex=None, paths=None, packages_up_to=None, packages_up_to_regex=None, packages_above=None, packages_above_and_dependencies=None, packages_above_depth=None, packages_select_by_dep=None, packages_skip_by_dep=None, packages_skip_up_to=None, packages_select_build_failed=False, packages_skip_build_finished=False, packages_select_test_failures=False, packages_skip_test_passed=False, packages_select=None, packages_skip=None, packages_select_regex=None, packages_skip_regex=None, packages_start=None, packages_end=None, allow_overriding=[], cmake_args=None, cmake_target=None, cmake_target_skip_unavailable=False, cmake_clean_cache=False, cmake_clean_first=False, cmake_force_configure=False, ament_cmake_args=None, catkin_cmake_args=None, catkin_skip_building_tests=False, verb_parser=<colcon_defaults.argument_parser.defaults.DefaultArgumentsDecorator object at 0xffff8fa31120>, verb_extension=<colcon_core.verb.build.BuildVerb object at 0xffff8fb71d20>, main=<bound method BuildVerb.main of <colcon_core.verb.build.BuildVerb object at 0xffff8fb71d20>>)
[2.310s] Level 1:colcon.colcon_core.package_discovery:discover_packages(colcon_meta) check parameters
[2.311s] Level 1:colcon.colcon_core.package_discovery:discover_packages(recursive) check parameters
[2.311s] Level 1:colcon.colcon_core.package_discovery:discover_packages(ignore) check parameters
[2.311s] Level 1:colcon.colcon_core.package_discovery:discover_packages(path) check parameters
[2.311s] Level 1:colcon.colcon_core.package_discovery:discover_packages(colcon_meta) discover
[2.312s] Level 1:colcon.colcon_core.package_discovery:discover_packages(recursive) discover
[2.312s] INFO:colcon.colcon_core.package_discovery:Crawling recursively for packages in '/home/pi/axior_ws/src/axior_software'
[2.313s] Level 1:colcon.colcon_core.package_identification:_identify(.) by extensions ['ignore', 'ignore_ament_install']
[2.314s] Level 1:colcon.colcon_core.package_identification:_identify(.) by extension 'ignore'
[2.315s] Level 1:colcon.colcon_core.package_identification:_identify(.) by extension 'ignore_ament_install'
[2.315s] Level 1:colcon.colcon_core.package_identification:_identify(.) by extensions ['colcon_pkg']
[2.316s] Level 1:colcon.colcon_core.package_identification:_identify(.) by extension 'colcon_pkg'
[2.316s] Level 1:colcon.colcon_core.package_identification:_identify(.) by extensions ['colcon_meta']
[2.317s] Level 1:colcon.colcon_core.package_identification:_identify(.) by extension 'colcon_meta'
[2.317s] Level 1:colcon.colcon_core.package_identification:_identify(.) by extensions ['ros']
[2.318s] Level 1:colcon.colcon_core.package_identification:_identify(.) by extension 'ros'
[2.415s] Level 1:colcon.colcon_core.package_identification:_identify(.) by extensions ['cmake', 'python']
[2.416s] Level 1:colcon.colcon_core.package_identification:_identify(.) by extension 'cmake'
[2.416s] Level 1:colcon.colcon_core.package_identification:_identify(.) by extension 'python'
[2.417s] Level 1:colcon.colcon_core.package_identification:_identify(.) by extensions ['python_setup_py']
[2.417s] Level 1:colcon.colcon_core.package_identification:_identify(.) by extension 'python_setup_py'
[2.418s] Level 1:colcon.colcon_core.package_identification:_identify(build) by extensions ['ignore', 'ignore_ament_install']
[2.419s] Level 1:colcon.colcon_core.package_identification:_identify(build) by extension 'ignore'
[2.420s] Level 1:colcon.colcon_core.package_identification:_identify(build) ignored
[2.421s] Level 1:colcon.colcon_core.package_identification:_identify(docs) by extensions ['ignore', 'ignore_ament_install']
[2.421s] Level 1:colcon.colcon_core.package_identification:_identify(docs) by extension 'ignore'
[2.422s] Level 1:colcon.colcon_core.package_identification:_identify(docs) by extension 'ignore_ament_install'
[2.422s] Level 1:colcon.colcon_core.package_identification:_identify(docs) by extensions ['colcon_pkg']
[2.423s] Level 1:colcon.colcon_core.package_identification:_identify(docs) by extension 'colcon_pkg'
[2.423s] Level 1:colcon.colcon_core.package_identification:_identify(docs) by extensions ['colcon_meta']
[2.424s] Level 1:colcon.colcon_core.package_identification:_identify(docs) by extension 'colcon_meta'
[2.424s] Level 1:colcon.colcon_core.package_identification:_identify(docs) by extensions ['ros']
[2.425s] Level 1:colcon.colcon_core.package_identification:_identify(docs) by extension 'ros'
[2.427s] Level 1:colcon.colcon_core.package_identification:_identify(docs) by extensions ['cmake', 'python']
[2.428s] Level 1:colcon.colcon_core.package_identification:_identify(docs) by extension 'cmake'
[2.428s] Level 1:colcon.colcon_core.package_identification:_identify(docs) by extension 'python'
[2.430s] Level 1:colcon.colcon_core.package_identification:_identify(docs) by extensions ['python_setup_py']
[2.431s] Level 1:colcon.colcon_core.package_identification:_identify(docs) by extension 'python_setup_py'
[2.432s] Level 1:colcon.colcon_core.package_identification:_identify(install) by extensions ['ignore', 'ignore_ament_install']
[2.432s] Level 1:colcon.colcon_core.package_identification:_identify(install) by extension 'ignore'
[2.433s] Level 1:colcon.colcon_core.package_identification:_identify(install) ignored
[2.434s] Level 1:colcon.colcon_core.package_identification:_identify(log) by extensions ['ignore', 'ignore_ament_install']
[2.434s] Level 1:colcon.colcon_core.package_identification:_identify(log) by extension 'ignore'
[2.435s] Level 1:colcon.colcon_core.package_identification:_identify(log) ignored
[2.435s] Level 1:colcon.colcon_core.package_identification:_identify(packages) by extensions ['ignore', 'ignore_ament_install']
[2.436s] Level 1:colcon.colcon_core.package_identification:_identify(packages) by extension 'ignore'
[2.437s] Level 1:colcon.colcon_core.package_identification:_identify(packages) by extension 'ignore_ament_install'
[2.437s] Level 1:colcon.colcon_core.package_identification:_identify(packages) by extensions ['colcon_pkg']
[2.437s] Level 1:colcon.colcon_core.package_identification:_identify(packages) by extension 'colcon_pkg'
[2.438s] Level 1:colcon.colcon_core.package_identification:_identify(packages) by extensions ['colcon_meta']
[2.438s] Level 1:colcon.colcon_core.package_identification:_identify(packages) by extension 'colcon_meta'
[2.438s] Level 1:colcon.colcon_core.package_identification:_identify(packages) by extensions ['ros']
[2.439s] Level 1:colcon.colcon_core.package_identification:_identify(packages) by extension 'ros'
[2.439s] Level 1:colcon.colcon_core.package_identification:_identify(packages) by extensions ['cmake', 'python']
[2.440s] Level 1:colcon.colcon_core.package_identification:_identify(packages) by extension 'cmake'
[2.440s] Level 1:colcon.colcon_core.package_identification:_identify(packages) by extension 'python'
[2.440s] Level 1:colcon.colcon_core.package_identification:_identify(packages) by extensions ['python_setup_py']
[2.441s] Level 1:colcon.colcon_core.package_identification:_identify(packages) by extension 'python_setup_py'
[2.442s] Level 1:colcon.colcon_core.package_identification:_identify(packages/aruco_localization) by extensions ['ignore', 'ignore_ament_install']
[2.442s] Level 1:colcon.colcon_core.package_identification:_identify(packages/aruco_localization) by extension 'ignore'
[2.443s] Level 1:colcon.colcon_core.package_identification:_identify(packages/aruco_localization) by extension 'ignore_ament_install'
[2.444s] Level 1:colcon.colcon_core.package_identification:_identify(packages/aruco_localization) by extensions ['colcon_pkg']
[2.444s] Level 1:colcon.colcon_core.package_identification:_identify(packages/aruco_localization) by extension 'colcon_pkg'
[2.446s] Level 1:colcon.colcon_core.package_identification:_identify(packages/aruco_localization) by extensions ['colcon_meta']
[2.447s] Level 1:colcon.colcon_core.package_identification:_identify(packages/aruco_localization) by extension 'colcon_meta'
[2.452s] Level 1:colcon.colcon_core.package_identification:_identify(packages/aruco_localization) by extensions ['ros']
[2.453s] Level 1:colcon.colcon_core.package_identification:_identify(packages/aruco_localization) by extension 'ros'
[2.454s] Level 1:colcon.colcon_core.package_identification:_identify(packages/aruco_localization) by extensions ['cmake', 'python']
[2.455s] Level 1:colcon.colcon_core.package_identification:_identify(packages/aruco_localization) by extension 'cmake'
[2.455s] Level 1:colcon.colcon_core.package_identification:_identify(packages/aruco_localization) by extension 'python'
[2.456s] Level 1:colcon.colcon_core.package_identification:_identify(packages/aruco_localization) by extensions ['python_setup_py']
[2.456s] Level 1:colcon.colcon_core.package_identification:_identify(packages/aruco_localization) by extension 'python_setup_py'
[2.457s] Level 1:colcon.colcon_core.package_identification:_identify(packages/aruco_localization/aruco) by extensions ['ignore', 'ignore_ament_install']
[2.458s] Level 1:colcon.colcon_core.package_identification:_identify(packages/aruco_localization/aruco) by extension 'ignore'
[2.459s] Level 1:colcon.colcon_core.package_identification:_identify(packages/aruco_localization/aruco) by extension 'ignore_ament_install'
[2.459s] Level 1:colcon.colcon_core.package_identification:_identify(packages/aruco_localization/aruco) by extensions ['colcon_pkg']
[2.460s] Level 1:colcon.colcon_core.package_identification:_identify(packages/aruco_localization/aruco) by extension 'colcon_pkg'
[2.460s] Level 1:colcon.colcon_core.package_identification:_identify(packages/aruco_localization/aruco) by extensions ['colcon_meta']
[2.461s] Level 1:colcon.colcon_core.package_identification:_identify(packages/aruco_localization/aruco) by extension 'colcon_meta'
[2.462s] Level 1:colcon.colcon_core.package_identification:_identify(packages/aruco_localization/aruco) by extensions ['ros']
[2.463s] Level 1:colcon.colcon_core.package_identification:_identify(packages/aruco_localization/aruco) by extension 'ros'
[2.479s] DEBUG:colcon.colcon_core.package_identification:Package 'packages/aruco_localization/aruco' with type 'ros.ament_cmake' and name 'aruco'
[2.481s] Level 1:colcon.colcon_core.package_identification:_identify(packages/aruco_localization/aruco_msgs) by extensions ['ignore', 'ignore_ament_install']
[2.481s] Level 1:colcon.colcon_core.package_identification:_identify(packages/aruco_localization/aruco_msgs) by extension 'ignore'
[2.482s] Level 1:colcon.colcon_core.package_identification:_identify(packages/aruco_localization/aruco_msgs) by extension 'ignore_ament_install'
[2.482s] Level 1:colcon.colcon_core.package_identification:_identify(packages/aruco_localization/aruco_msgs) by extensions ['colcon_pkg']
[2.483s] Level 1:colcon.colcon_core.package_identification:_identify(packages/aruco_localization/aruco_msgs) by extension 'colcon_pkg'
[2.483s] Level 1:colcon.colcon_core.package_identification:_identify(packages/aruco_localization/aruco_msgs) by extensions ['colcon_meta']
[2.484s] Level 1:colcon.colcon_core.package_identification:_identify(packages/aruco_localization/aruco_msgs) by extension 'colcon_meta'
[2.484s] Level 1:colcon.colcon_core.package_identification:_identify(packages/aruco_localization/aruco_msgs) by extensions ['ros']
[2.485s] Level 1:colcon.colcon_core.package_identification:_identify(packages/aruco_localization/aruco_msgs) by extension 'ros'
[2.499s] DEBUG:colcon.colcon_core.package_identification:Package 'packages/aruco_localization/aruco_msgs' with type 'ros.ament_cmake' and name 'aruco_msgs'
[2.500s] Level 1:colcon.colcon_core.package_identification:_identify(packages/aruco_localization/aruco_ros) by extensions ['ignore', 'ignore_ament_install']
[2.501s] Level 1:colcon.colcon_core.package_identification:_identify(packages/aruco_localization/aruco_ros) by extension 'ignore'
[2.502s] Level 1:colcon.colcon_core.package_identification:_identify(packages/aruco_localization/aruco_ros) by extension 'ignore_ament_install'
[2.502s] Level 1:colcon.colcon_core.package_identification:_identify(packages/aruco_localization/aruco_ros) by extensions ['colcon_pkg']
[2.503s] Level 1:colcon.colcon_core.package_identification:_identify(packages/aruco_localization/aruco_ros) by extension 'colcon_pkg'
[2.503s] Level 1:colcon.colcon_core.package_identification:_identify(packages/aruco_localization/aruco_ros) by extensions ['colcon_meta']
[2.504s] Level 1:colcon.colcon_core.package_identification:_identify(packages/aruco_localization/aruco_ros) by extension 'colcon_meta'
[2.504s] Level 1:colcon.colcon_core.package_identification:_identify(packages/aruco_localization/aruco_ros) by extensions ['ros']
[2.504s] Level 1:colcon.colcon_core.package_identification:_identify(packages/aruco_localization/aruco_ros) by extension 'ros'
[2.512s] DEBUG:colcon.colcon_core.package_identification:Package 'packages/aruco_localization/aruco_ros' with type 'ros.ament_cmake' and name 'aruco_ros'
[2.513s] Level 1:colcon.colcon_core.package_identification:_identify(scripts) by extensions ['ignore', 'ignore_ament_install']
[2.514s] Level 1:colcon.colcon_core.package_identification:_identify(scripts) by extension 'ignore'
[2.514s] Level 1:colcon.colcon_core.package_identification:_identify(scripts) by extension 'ignore_ament_install'
[2.515s] Level 1:colcon.colcon_core.package_identification:_identify(scripts) by extensions ['colcon_pkg']
[2.515s] Level 1:colcon.colcon_core.package_identification:_identify(scripts) by extension 'colcon_pkg'
[2.515s] Level 1:colcon.colcon_core.package_identification:_identify(scripts) by extensions ['colcon_meta']
[2.516s] Level 1:colcon.colcon_core.package_identification:_identify(scripts) by extension 'colcon_meta'
[2.516s] Level 1:colcon.colcon_core.package_identification:_identify(scripts) by extensions ['ros']
[2.516s] Level 1:colcon.colcon_core.package_identification:_identify(scripts) by extension 'ros'
[2.517s] Level 1:colcon.colcon_core.package_identification:_identify(scripts) by extensions ['cmake', 'python']
[2.517s] Level 1:colcon.colcon_core.package_identification:_identify(scripts) by extension 'cmake'
[2.518s] Level 1:colcon.colcon_core.package_identification:_identify(scripts) by extension 'python'
[2.518s] Level 1:colcon.colcon_core.package_identification:_identify(scripts) by extensions ['python_setup_py']
[2.519s] Level 1:colcon.colcon_core.package_identification:_identify(scripts) by extension 'python_setup_py'
[2.520s] Level 1:colcon.colcon_core.package_identification:_identify(setup) by extensions ['ignore', 'ignore_ament_install']
[2.521s] Level 1:colcon.colcon_core.package_identification:_identify(setup) by extension 'ignore'
[2.522s] Level 1:colcon.colcon_core.package_identification:_identify(setup) by extension 'ignore_ament_install'
[2.523s] Level 1:colcon.colcon_core.package_identification:_identify(setup) by extensions ['colcon_pkg']
[2.523s] Level 1:colcon.colcon_core.package_identification:_identify(setup) by extension 'colcon_pkg'
[2.524s] Level 1:colcon.colcon_core.package_identification:_identify(setup) by extensions ['colcon_meta']
[2.525s] Level 1:colcon.colcon_core.package_identification:_identify(setup) by extension 'colcon_meta'
[2.526s] Level 1:colcon.colcon_core.package_identification:_identify(setup) by extensions ['ros']
[2.527s] Level 1:colcon.colcon_core.package_identification:_identify(setup) by extension 'ros'
[2.528s] Level 1:colcon.colcon_core.package_identification:_identify(setup) by extensions ['cmake', 'python']
[2.529s] Level 1:colcon.colcon_core.package_identification:_identify(setup) by extension 'cmake'
[2.530s] Level 1:colcon.colcon_core.package_identification:_identify(setup) by extension 'python'
[2.531s] Level 1:colcon.colcon_core.package_identification:_identify(setup) by extensions ['python_setup_py']
[2.532s] Level 1:colcon.colcon_core.package_identification:_identify(setup) by extension 'python_setup_py'
[2.533s] Level 1:colcon.colcon_core.package_discovery:discover_packages(recursive) using defaults
[2.534s] Level 1:colcon.colcon_core.package_discovery:discover_packages(ignore) discover
[2.535s] Level 1:colcon.colcon_core.package_discovery:discover_packages(ignore) using defaults
[2.535s] Level 1:colcon.colcon_core.package_discovery:discover_packages(path) discover
[2.536s] Level 1:colcon.colcon_core.package_discovery:discover_packages(path) using defaults
[2.753s] Level 1:colcon.colcon_core.package_discovery:discover_packages(prefix_path) check parameters
[2.754s] Level 1:colcon.colcon_core.package_discovery:discover_packages(prefix_path) discover
[2.774s] DEBUG:colcon.colcon_installed_package_information.package_discovery:Found 92 installed packages in /opt/ros/humble
[2.782s] Level 1:colcon.colcon_core.package_discovery:discover_packages(prefix_path) using defaults
[2.912s] Level 5:colcon.colcon_core.verb:set package 'aruco' build argument 'cmake_args' from command line to 'None'
[2.929s] Level 5:colcon.colcon_core.verb:set package 'aruco' build argument 'cmake_target' from command line to 'None'
[2.929s] Level 5:colcon.colcon_core.verb:set package 'aruco' build argument 'cmake_target_skip_unavailable' from command line to 'False'
[2.930s] Level 5:colcon.colcon_core.verb:set package 'aruco' build argument 'cmake_clean_cache' from command line to 'False'
[2.930s] Level 5:colcon.colcon_core.verb:set package 'aruco' build argument 'cmake_clean_first' from command line to 'False'
[2.930s] Level 5:colcon.colcon_core.verb:set package 'aruco' build argument 'cmake_force_configure' from command line to 'False'
[2.930s] Level 5:colcon.colcon_core.verb:set package 'aruco' build argument 'ament_cmake_args' from command line to 'None'
[2.930s] Level 5:colcon.colcon_core.verb:set package 'aruco' build argument 'catkin_cmake_args' from command line to 'None'
[2.930s] Level 5:colcon.colcon_core.verb:set package 'aruco' build argument 'catkin_skip_building_tests' from command line to 'False'
[2.931s] DEBUG:colcon.colcon_core.verb:Building package 'aruco' with the following arguments: {'ament_cmake_args': None, 'build_base': '/home/pi/axior_ws/src/axior_software/build/aruco', 'catkin_cmake_args': None, 'catkin_skip_building_tests': False, 'cmake_args': None, 'cmake_clean_cache': False, 'cmake_clean_first': False, 'cmake_force_configure': False, 'cmake_target': None, 'cmake_target_skip_unavailable': False, 'install_base': '/home/pi/axior_ws/src/axior_software/install/aruco', 'merge_install': False, 'path': '/home/pi/axior_ws/src/axior_software/packages/aruco_localization/aruco', 'symlink_install': False, 'test_result_base': None}
[2.934s] Level 5:colcon.colcon_core.verb:set package 'aruco_msgs' build argument 'cmake_args' from command line to 'None'
[2.934s] Level 5:colcon.colcon_core.verb:set package 'aruco_msgs' build argument 'cmake_target' from command line to 'None'
[2.935s] Level 5:colcon.colcon_core.verb:set package 'aruco_msgs' build argument 'cmake_target_skip_unavailable' from command line to 'False'
[2.935s] Level 5:colcon.colcon_core.verb:set package 'aruco_msgs' build argument 'cmake_clean_cache' from command line to 'False'
[2.936s] Level 5:colcon.colcon_core.verb:set package 'aruco_msgs' build argument 'cmake_clean_first' from command line to 'False'
[2.936s] Level 5:colcon.colcon_core.verb:set package 'aruco_msgs' build argument 'cmake_force_configure' from command line to 'False'
[2.936s] Level 5:colcon.colcon_core.verb:set package 'aruco_msgs' build argument 'ament_cmake_args' from command line to 'None'
[2.937s] Level 5:colcon.colcon_core.verb:set package 'aruco_msgs' build argument 'catkin_cmake_args' from command line to 'None'
[2.937s] Level 5:colcon.colcon_core.verb:set package 'aruco_msgs' build argument 'catkin_skip_building_tests' from command line to 'False'
[2.937s] DEBUG:colcon.colcon_core.verb:Building package 'aruco_msgs' with the following arguments: {'ament_cmake_args': None, 'build_base': '/home/pi/axior_ws/src/axior_software/build/aruco_msgs', 'catkin_cmake_args': None, 'catkin_skip_building_tests': False, 'cmake_args': None, 'cmake_clean_cache': False, 'cmake_clean_first': False, 'cmake_force_configure': False, 'cmake_target': None, 'cmake_target_skip_unavailable': False, 'install_base': '/home/pi/axior_ws/src/axior_software/install/aruco_msgs', 'merge_install': False, 'path': '/home/pi/axior_ws/src/axior_software/packages/aruco_localization/aruco_msgs', 'symlink_install': False, 'test_result_base': None}
[2.940s] Level 5:colcon.colcon_core.verb:set package 'aruco_ros' build argument 'cmake_args' from command line to 'None'
[2.940s] Level 5:colcon.colcon_core.verb:set package 'aruco_ros' build argument 'cmake_target' from command line to 'None'
[2.941s] Level 5:colcon.colcon_core.verb:set package 'aruco_ros' build argument 'cmake_target_skip_unavailable' from command line to 'False'
[2.941s] Level 5:colcon.colcon_core.verb:set package 'aruco_ros' build argument 'cmake_clean_cache' from command line to 'False'
[2.941s] Level 5:colcon.colcon_core.verb:set package 'aruco_ros' build argument 'cmake_clean_first' from command line to 'False'
[2.942s] Level 5:colcon.colcon_core.verb:set package 'aruco_ros' build argument 'cmake_force_configure' from command line to 'False'
[2.942s] Level 5:colcon.colcon_core.verb:set package 'aruco_ros' build argument 'ament_cmake_args' from command line to 'None'
[2.942s] Level 5:colcon.colcon_core.verb:set package 'aruco_ros' build argument 'catkin_cmake_args' from command line to 'None'
[2.942s] Level 5:colcon.colcon_core.verb:set package 'aruco_ros' build argument 'catkin_skip_building_tests' from command line to 'False'
[2.942s] DEBUG:colcon.colcon_core.verb:Building package 'aruco_ros' with the following arguments: {'ament_cmake_args': None, 'build_base': '/home/pi/axior_ws/src/axior_software/build/aruco_ros', 'catkin_cmake_args': None, 'catkin_skip_building_tests': False, 'cmake_args': None, 'cmake_clean_cache': False, 'cmake_clean_first': False, 'cmake_force_configure': False, 'cmake_target': None, 'cmake_target_skip_unavailable': False, 'install_base': '/home/pi/axior_ws/src/axior_software/install/aruco_ros', 'merge_install': False, 'path': '/home/pi/axior_ws/src/axior_software/packages/aruco_localization/aruco_ros', 'symlink_install': False, 'test_result_base': None}
[2.944s] INFO:colcon.colcon_core.executor:Executing jobs using 'parallel' executor
[2.964s] DEBUG:colcon.colcon_parallel_executor.executor.parallel:run_until_complete
[2.965s] INFO:colcon.colcon_ros.task.ament_cmake.build:Building ROS package in '/home/pi/axior_ws/src/axior_software/packages/aruco_localization/aruco' with build type 'ament_cmake'
[2.967s] INFO:colcon.colcon_cmake.task.cmake.build:Building CMake package in '/home/pi/axior_ws/src/axior_software/packages/aruco_localization/aruco'
[3.013s] INFO:colcon.colcon_core.plugin_system:Skipping extension 'colcon_core.shell.bat': Not used on non-Windows systems
[3.014s] INFO:colcon.colcon_core.shell:Skip shell extension 'powershell' for command environment: Not usable outside of PowerShell
[3.015s] DEBUG:colcon.colcon_core.shell:Skip shell extension 'dsv' for command environment
[3.042s] INFO:colcon.colcon_ros.task.ament_cmake.build:Building ROS package in '/home/pi/axior_ws/src/axior_software/packages/aruco_localization/aruco_msgs' with build type 'ament_cmake'
[3.043s] INFO:colcon.colcon_cmake.task.cmake.build:Building CMake package in '/home/pi/axior_ws/src/axior_software/packages/aruco_localization/aruco_msgs'
[3.044s] INFO:colcon.colcon_core.shell:Skip shell extension 'powershell' for command environment: Not usable outside of PowerShell
[3.045s] DEBUG:colcon.colcon_core.shell:Skip shell extension 'dsv' for command environment
[3.108s] DEBUG:colcon.colcon_core.event_handler.log_command:Invoking command in '/home/pi/axior_ws/src/axior_software/build/aruco': CMAKE_PREFIX_PATH=/opt/ros/humble /usr/bin/cmake --build /home/pi/axior_ws/src/axior_software/build/aruco -- -j4 -l4
[3.139s] DEBUG:colcon.colcon_core.event_handler.log_command:Invoking command in '/home/pi/axior_ws/src/axior_software/build/aruco_msgs': CMAKE_PREFIX_PATH=/opt/ros/humble /usr/bin/cmake /home/pi/axior_ws/src/axior_software/packages/aruco_localization/aruco_msgs -DCMAKE_INSTALL_PREFIX=/home/pi/axior_ws/src/axior_software/install/aruco_msgs
[6.126s] DEBUG:colcon.colcon_core.event_handler.log_command:Invoked command in '/home/pi/axior_ws/src/axior_software/build/aruco_msgs' returned '1': CMAKE_PREFIX_PATH=/opt/ros/humble /usr/bin/cmake /home/pi/axior_ws/src/axior_software/packages/aruco_localization/aruco_msgs -DCMAKE_INSTALL_PREFIX=/home/pi/axior_ws/src/axior_software/install/aruco_msgs
[6.202s] Level 1:colcon.colcon_core.environment:create_environment_scripts_only(aruco_msgs)
[6.236s] Level 1:colcon.colcon_core.environment:checking '/home/pi/axior_ws/src/axior_software/install/aruco_msgs' for CMake module files
[6.239s] Level 1:colcon.colcon_core.environment:checking '/home/pi/axior_ws/src/axior_software/install/aruco_msgs' for CMake config files
[6.247s] Level 1:colcon.colcon_core.environment:checking '/home/pi/axior_ws/src/axior_software/install/aruco_msgs/bin'
[6.247s] Level 1:colcon.colcon_core.environment:checking '/home/pi/axior_ws/src/axior_software/install/aruco_msgs/lib/pkgconfig/aruco_msgs.pc'
[6.248s] Level 1:colcon.colcon_core.environment:checking '/home/pi/axior_ws/src/axior_software/install/aruco_msgs/lib/python3.10/site-packages'
[6.249s] Level 1:colcon.colcon_core.environment:checking '/home/pi/axior_ws/src/axior_software/install/aruco_msgs/bin'
[6.251s] INFO:colcon.colcon_core.shell:Creating package script '/home/pi/axior_ws/src/axior_software/install/aruco_msgs/share/aruco_msgs/package.ps1'
[6.256s] INFO:colcon.colcon_core.shell:Creating package descriptor '/home/pi/axior_ws/src/axior_software/install/aruco_msgs/share/aruco_msgs/package.dsv'
[6.259s] INFO:colcon.colcon_core.shell:Creating package script '/home/pi/axior_ws/src/axior_software/install/aruco_msgs/share/aruco_msgs/package.sh'
[6.265s] INFO:colcon.colcon_core.shell:Creating package script '/home/pi/axior_ws/src/axior_software/install/aruco_msgs/share/aruco_msgs/package.bash'
[6.269s] INFO:colcon.colcon_core.shell:Creating package script '/home/pi/axior_ws/src/axior_software/install/aruco_msgs/share/aruco_msgs/package.zsh'
[6.273s] Level 1:colcon.colcon_core.environment:create_file_with_runtime_dependencies(/home/pi/axior_ws/src/axior_software/install/aruco_msgs/share/colcon-core/packages/aruco_msgs)
[7.190s] DEBUG:colcon.colcon_parallel_executor.executor.parallel:closing loop
[7.192s] DEBUG:colcon.colcon_parallel_executor.executor.parallel:loop closed
[7.192s] DEBUG:colcon.colcon_parallel_executor.executor.parallel:run_until_complete finished with '1'
[7.192s] DEBUG:colcon.colcon_core.event_reactor:joining thread
[7.310s] INFO:colcon.colcon_core.plugin_system:Skipping extension 'colcon_notification.desktop_notification.terminal_notifier': Not used on non-Darwin systems
[7.310s] INFO:colcon.colcon_core.plugin_system:Skipping extension 'colcon_notification.desktop_notification.win32': Not used on non-Windows systems
[7.311s] INFO:colcon.colcon_notification.desktop_notification:Sending desktop notification using 'notify2'
[7.372s] DEBUG:colcon.colcon_core.event_reactor:joined thread
[7.373s] INFO:colcon.colcon_core.shell:Creating prefix script '/home/pi/axior_ws/src/axior_software/install/local_setup.ps1'
[7.379s] INFO:colcon.colcon_core.shell:Creating prefix util module '/home/pi/axior_ws/src/axior_software/install/_local_setup_util_ps1.py'
[7.393s] INFO:colcon.colcon_core.shell:Creating prefix chain script '/home/pi/axior_ws/src/axior_software/install/setup.ps1'
[7.398s] INFO:colcon.colcon_core.shell:Creating prefix script '/home/pi/axior_ws/src/axior_software/install/local_setup.sh'
[7.402s] INFO:colcon.colcon_core.shell:Creating prefix util module '/home/pi/axior_ws/src/axior_software/install/_local_setup_util_sh.py'
[7.406s] INFO:colcon.colcon_core.shell:Creating prefix chain script '/home/pi/axior_ws/src/axior_software/install/setup.sh'
[7.417s] INFO:colcon.colcon_core.shell:Creating prefix script '/home/pi/axior_ws/src/axior_software/install/local_setup.bash'
[7.420s] INFO:colcon.colcon_core.shell:Creating prefix chain script '/home/pi/axior_ws/src/axior_software/install/setup.bash'
[7.426s] INFO:colcon.colcon_core.shell:Creating prefix script '/home/pi/axior_ws/src/axior_software/install/local_setup.zsh'
[7.429s] INFO:colcon.colcon_core.shell:Creating prefix chain script '/home/pi/axior_ws/src/axior_software/install/setup.zsh'
