[0.131s] Invoking command in '/home/pi/axior_ws/src/axior_software/build/aruco_msgs': CMAKE_PREFIX_PATH=/opt/ros/humble /usr/bin/cmake /home/pi/axior_ws/src/axior_software/packages/aruco_localization/aruco_msgs -DCMAKE_INSTALL_PREFIX=/home/pi/axior_ws/src/axior_software/install/aruco_msgs
[0.194s] -- Found ament_cmake: 1.3.8 (/opt/ros/humble/share/ament_cmake/cmake)
[0.828s] -- Found std_msgs: 4.2.3 (/opt/ros/humble/share/std_msgs/cmake)
[1.020s] -- Found rosidl_generator_c: 3.1.5 (/opt/ros/humble/share/rosidl_generator_c/cmake)
[1.034s] -- Found rosidl_adapter: 3.1.5 (/opt/ros/humble/share/rosidl_adapter/cmake)
[1.135s] -- Found rosidl_generator_cpp: 3.1.5 (/opt/ros/humble/share/rosidl_generator_cpp/cmake)
[1.162s] -- Using all available rosidl_typesupport_c: rosidl_typesupport_fastrtps_c;rosidl_typesupport_introspection_c
[1.243s] -- Using all available rosidl_typesupport_cpp: rosidl_typesupport_fastrtps_cpp;rosidl_typesupport_introspection_cpp
[1.499s] -- Found geometry_msgs: 4.2.3 (/opt/ros/humble/share/geometry_msgs/cmake)
[1.682s] -- Found rosidl_default_generators: 1.2.0 (/opt/ros/humble/share/rosidl_default_generators/cmake)
[3.342s] -- Found ament_cmake_ros: 0.10.0 (/opt/ros/humble/share/ament_cmake_ros/cmake)
[5.806s] -- Using all available rosidl_typesupport_c: rosidl_typesupport_fastrtps_c;rosidl_typesupport_introspection_c
[6.583s] -- Using all available rosidl_typesupport_cpp: rosidl_typesupport_fastrtps_cpp;rosidl_typesupport_introspection_cpp
[6.759s] -- Found PythonInterp: /usr/bin/python3 (found suitable version "3.10.12", minimum required is "3.6") 
[6.768s] -- Found python_cmake_module: 0.10.0 (/opt/ros/humble/share/python_cmake_module/cmake)
[6.901s] -- Found PythonLibs: /usr/lib/aarch64-linux-gnu/libpython3.10.so (found suitable version "3.10.12", minimum required is "3.5") 
[6.902s] -- Using PYTHON_EXECUTABLE: /usr/bin/python3
[6.902s] -- Using PYTHON_INCLUDE_DIRS: /usr/include/python3.10
[6.903s] -- Using PYTHON_LIBRARIES: /usr/lib/aarch64-linux-gnu/libpython3.10.so
[7.002s] -- Found PythonExtra: .so  
[7.402s] [31mCMake Error at CMakeLists.txt:21 (find_package):
[7.403s]   By not providing "Findament_lint_auto.cmake" in CMAKE_MODULE_PATH this
[7.403s]   project has asked CMake to find a package configuration file provided by
[7.404s]   "ament_lint_auto", but CMake did not find one.
[7.404s] 
[7.405s]   Could not find a package configuration file provided by "ament_lint_auto"
[7.407s]   with any of the following names:
[7.408s] 
[7.409s]     ament_lint_autoConfig.cmake
[7.411s]     ament_lint_auto-config.cmake
[7.412s] 
[7.413s]   Add the installation prefix of "ament_lint_auto" to CMAKE_PREFIX_PATH or
[7.414s]   set "ament_lint_auto_DIR" to a directory containing one of the above files.
[7.416s]   If "ament_lint_auto" provides a separate development package or SDK, be
[7.417s]   sure it has been installed.
[7.419s] 
[7.421s] [0m
[7.421s] -- Configuring incomplete, errors occurred!
[7.423s] See also "/home/pi/axior_ws/src/axior_software/build/aruco_msgs/CMakeFiles/CMakeOutput.log".
[7.439s] Invoked command in '/home/pi/axior_ws/src/axior_software/build/aruco_msgs' returned '1': CMAKE_PREFIX_PATH=/opt/ros/humble /usr/bin/cmake /home/pi/axior_ws/src/axior_software/packages/aruco_localization/aruco_msgs -DCMAKE_INSTALL_PREFIX=/home/pi/axior_ws/src/axior_software/install/aruco_msgs
