[0.096s] Invoking command in '/home/pi/axior_ws/src/axior_software/build/aruco_msgs': CMAKE_PREFIX_PATH=/opt/ros/humble /usr/bin/cmake /home/pi/axior_ws/src/axior_software/packages/aruco_localization/aruco_msgs -DCMAKE_INSTALL_PREFIX=/home/pi/axior_ws/src/axior_software/install/aruco_msgs
[0.191s] -- Found ament_cmake: 1.3.8 (/opt/ros/humble/share/ament_cmake/cmake)
[1.310s] -- Found std_msgs: 4.2.3 (/opt/ros/humble/share/std_msgs/cmake)
[1.688s] -- Found rosidl_generator_c: 3.1.5 (/opt/ros/humble/share/rosidl_generator_c/cmake)
[1.740s] -- Found rosidl_adapter: 3.1.5 (/opt/ros/humble/share/rosidl_adapter/cmake)
[1.806s] -- Found rosidl_generator_cpp: 3.1.5 (/opt/ros/humble/share/rosidl_generator_cpp/cmake)
[1.889s] -- Using all available rosidl_typesupport_c: rosidl_typesupport_fastrtps_c;rosidl_typesupport_introspection_c
[2.003s] -- Using all available rosidl_typesupport_cpp: rosidl_typesupport_fastrtps_cpp;rosidl_typesupport_introspection_cpp
[2.389s] -- Found geometry_msgs: 4.2.3 (/opt/ros/humble/share/geometry_msgs/cmake)
[3.034s] [31mCMake Error at CMakeLists.txt:12 (find_package):
[3.035s]   By not providing "Findrosidl_default_generators.cmake" in CMAKE_MODULE_PATH
[3.035s]   this project has asked CMake to find a package configuration file provided
[3.035s]   by "rosidl_default_generators", but CMake did not find one.
[3.036s] 
[3.036s]   Could not find a package configuration file provided by
[3.036s]   "rosidl_default_generators" with any of the following names:
[3.037s] 
[3.037s]     rosidl_default_generatorsConfig.cmake
[3.037s]     rosidl_default_generators-config.cmake
[3.043s] 
[3.044s]   Add the installation prefix of "rosidl_default_generators" to
[3.046s]   CMAKE_PREFIX_PATH or set "rosidl_default_generators_DIR" to a directory
[3.047s]   containing one of the above files.  If "rosidl_default_generators" provides
[3.048s]   a separate development package or SDK, be sure it has been installed.
[3.048s] 
[3.049s] [0m
[3.050s] -- Configuring incomplete, errors occurred!
[3.050s] See also "/home/pi/axior_ws/src/axior_software/build/aruco_msgs/CMakeFiles/CMakeOutput.log".
[3.083s] Invoked command in '/home/pi/axior_ws/src/axior_software/build/aruco_msgs' returned '1': CMAKE_PREFIX_PATH=/opt/ros/humble /usr/bin/cmake /home/pi/axior_ws/src/axior_software/packages/aruco_localization/aruco_msgs -DCMAKE_INSTALL_PREFIX=/home/pi/axior_ws/src/axior_software/install/aruco_msgs
