-- Found ament_cmake: 1.3.8 (/opt/ros/humble/share/ament_cmake/cmake)
-- Found Python3: /usr/bin/python3 (found version "3.10.12") found components: Interpreter 
-- Configuring done
-- Generating done
-- Build files have been written to: /home/pi/axior_ws/src/axior_software/build/aruco
[  5%] [32mBuilding CXX object CMakeFiles/aruco.dir/src/aruco/cvdrawingutils.cpp.o[0m
[ 11%] [32mBuilding CXX object CMakeFiles/aruco.dir/src/aruco/dictionary_based.cpp.o[0m
[ 16%] [32mBuilding CXX object CMakeFiles/aruco.dir/src/aruco/dictionary.cpp.o[0m
[ 22%] [32mBuilding CXX object CMakeFiles/aruco.dir/src/aruco/fractaldetector.cpp.o[0m
[ 27%] [32mBuilding CXX object CMakeFiles/aruco.dir/src/aruco/ippe.cpp.o[0m
[ 33%] [32mBuilding CXX object CMakeFiles/aruco.dir/src/aruco/marker.cpp.o[0m
[ 38%] [32mBuilding CXX object CMakeFiles/aruco.dir/src/aruco/markerdetector_impl.cpp.o[0m
[ 44%] [32mBuilding CXX object CMakeFiles/aruco.dir/src/aruco/markerdetector.cpp.o[0m
[ 50%] [32mBuilding CXX object CMakeFiles/aruco.dir/src/aruco/markerlabeler.cpp.o[0m
[ 55%] [32mBuilding CXX object CMakeFiles/aruco.dir/src/aruco/markermap.cpp.o[0m
[ 61%] [32mBuilding CXX object CMakeFiles/aruco.dir/src/aruco/posetracker.cpp.o[0m
[ 66%] [32mBuilding CXX object CMakeFiles/aruco.dir/src/aruco/fractallabelers/fractallabeler.cpp.o[0m
[ 72%] [32mBuilding CXX object CMakeFiles/aruco.dir/src/aruco/fractallabelers/fractalmarker.cpp.o[0m
[ 77%] [32mBuilding CXX object CMakeFiles/aruco.dir/src/aruco/fractallabelers/fractalmarkerset.cpp.o[0m
[ 83%] [32mBuilding CXX object CMakeFiles/aruco.dir/src/aruco/fractallabelers/fractalposetracker.cpp.o[0m
[ 88%] [32mBuilding CXX object CMakeFiles/aruco.dir/src/aruco/debug.cpp.o[0m
[ 94%] [32mBuilding CXX object CMakeFiles/aruco.dir/src/aruco/cameraparameters.cpp.o[0m
[100%] [32m[1mLinking CXX shared library libaruco.so[0m
gmake[2]: *** Deleting file 'libaruco.so'
gmake[2]: *** [CMakeFiles/aruco.dir/build.make:407: libaruco.so] Interrupt
gmake[1]: *** [CMakeFiles/Makefile2:137: CMakeFiles/aruco.dir/all] Interrupt
gmake: *** [Makefile:146: all] Interrupt
