[100%] Built target aruco
-- Install configuration: ""
-- Installing: /home/pi/axior_ws/src/axior_software/install/aruco/lib/libaruco.so
-- Installing: /home/pi/axior_ws/src/axior_software/install/aruco/include
-- Installing: /home/pi/axior_ws/src/axior_software/install/aruco/include/aruco
-- Installing: /home/pi/axior_ws/src/axior_software/install/aruco/include/aruco/markerdetector.h
-- Installing: /home/pi/axior_ws/src/axior_software/install/aruco/include/aruco/fractaldetector.h
-- Installing: /home/pi/axior_ws/src/axior_software/install/aruco/include/aruco/picoflann.h
-- Installing: /home/pi/axior_ws/src/axior_software/install/aruco/include/aruco/markerdetector_impl.h
-- Installing: /home/pi/axior_ws/src/axior_software/install/aruco/include/aruco/timers.h
-- Installing: /home/pi/axior_ws/src/axior_software/install/aruco/include/aruco/aruco.h
-- Installing: /home/pi/axior_ws/src/axior_software/install/aruco/include/aruco/cameraparameters.h
-- Installing: /home/pi/axior_ws/src/axior_software/install/aruco/include/aruco/dictionary_based.h
-- Installing: /home/pi/axior_ws/src/axior_software/install/aruco/include/aruco/cvdrawingutils.h
-- Installing: /home/pi/axior_ws/src/axior_software/install/aruco/include/aruco/levmarq.h
-- Installing: /home/pi/axior_ws/src/axior_software/install/aruco/include/aruco/dictionary.h
-- Installing: /home/pi/axior_ws/src/axior_software/install/aruco/include/aruco/fractallabelers
-- Installing: /home/pi/axior_ws/src/axior_software/install/aruco/include/aruco/fractallabelers/fractalmarkerset.h
-- Installing: /home/pi/axior_ws/src/axior_software/install/aruco/include/aruco/fractallabelers/fractallabeler.h
-- Installing: /home/pi/axior_ws/src/axior_software/install/aruco/include/aruco/fractallabelers/fractalposetracker.h
-- Installing: /home/pi/axior_ws/src/axior_software/install/aruco/include/aruco/fractallabelers/fractalmarker.h
-- Installing: /home/pi/axior_ws/src/axior_software/install/aruco/include/aruco/aruco_cvversioning.h
-- Installing: /home/pi/axior_ws/src/axior_software/install/aruco/include/aruco/debug.h
-- Installing: /home/pi/axior_ws/src/axior_software/install/aruco/include/aruco/posetracker.h
-- Installing: /home/pi/axior_ws/src/axior_software/install/aruco/include/aruco/marker.h
-- Installing: /home/pi/axior_ws/src/axior_software/install/aruco/include/aruco/aruco_export.h
-- Installing: /home/pi/axior_ws/src/axior_software/install/aruco/include/aruco/markerlabeler.h
-- Installing: /home/pi/axior_ws/src/axior_software/install/aruco/include/aruco/markermap.h
-- Installing: /home/pi/axior_ws/src/axior_software/install/aruco/include/aruco/ippe.h
-- Installing: /home/pi/axior_ws/src/axior_software/install/aruco/share/aruco/environment/library_path.sh
-- Installing: /home/pi/axior_ws/src/axior_software/install/aruco/share/aruco/environment/library_path.dsv
-- Installing: /home/pi/axior_ws/src/axior_software/install/aruco/share/ament_index/resource_index/package_run_dependencies/aruco
-- Installing: /home/pi/axior_ws/src/axior_software/install/aruco/share/ament_index/resource_index/parent_prefix_path/aruco
-- Installing: /home/pi/axior_ws/src/axior_software/install/aruco/share/aruco/environment/ament_prefix_path.sh
-- Installing: /home/pi/axior_ws/src/axior_software/install/aruco/share/aruco/environment/ament_prefix_path.dsv
-- Installing: /home/pi/axior_ws/src/axior_software/install/aruco/share/aruco/environment/path.sh
-- Installing: /home/pi/axior_ws/src/axior_software/install/aruco/share/aruco/environment/path.dsv
-- Installing: /home/pi/axior_ws/src/axior_software/install/aruco/share/aruco/local_setup.bash
-- Installing: /home/pi/axior_ws/src/axior_software/install/aruco/share/aruco/local_setup.sh
-- Installing: /home/pi/axior_ws/src/axior_software/install/aruco/share/aruco/local_setup.zsh
-- Installing: /home/pi/axior_ws/src/axior_software/install/aruco/share/aruco/local_setup.dsv
-- Installing: /home/pi/axior_ws/src/axior_software/install/aruco/share/aruco/package.dsv
-- Installing: /home/pi/axior_ws/src/axior_software/install/aruco/share/ament_index/resource_index/packages/aruco
-- Installing: /home/pi/axior_ws/src/axior_software/install/aruco/share/aruco/cmake/ament_cmake_export_include_directories-extras.cmake
-- Installing: /home/pi/axior_ws/src/axior_software/install/aruco/share/aruco/cmake/ament_cmake_export_libraries-extras.cmake
-- Installing: /home/pi/axior_ws/src/axior_software/install/aruco/share/aruco/cmake/arucoConfig.cmake
-- Installing: /home/pi/axior_ws/src/axior_software/install/aruco/share/aruco/cmake/arucoConfig-version.cmake
-- Installing: /home/pi/axior_ws/src/axior_software/install/aruco/share/aruco/package.xml
