[0.139s] Invoking command in '/home/pi/axior_ws/src/axior_software/build/aruco': CMAKE_PREFIX_PATH=/opt/ros/humble /usr/bin/cmake --build /home/pi/axior_ws/src/axior_software/build/aruco -- -j4 -l4
[0.428s] [100%] Built target aruco
[0.470s] Invoked command in '/home/pi/axior_ws/src/axior_software/build/aruco' returned '0': CMAKE_PREFIX_PATH=/opt/ros/humble /usr/bin/cmake --build /home/pi/axior_ws/src/axior_software/build/aruco -- -j4 -l4
[0.879s] Invoking command in '/home/pi/axior_ws/src/axior_software/build/aruco': CMAKE_PREFIX_PATH=/opt/ros/humble /usr/bin/cmake --install /home/pi/axior_ws/src/axior_software/build/aruco
[0.913s] -- Install configuration: ""
[0.916s] -- Installing: /home/pi/axior_ws/src/axior_software/install/aruco/lib/libaruco.so
[0.950s] -- Installing: /home/pi/axior_ws/src/axior_software/install/aruco/include
[0.954s] -- Installing: /home/pi/axior_ws/src/axior_software/install/aruco/include/aruco
[0.957s] -- Installing: /home/pi/axior_ws/src/axior_software/install/aruco/include/aruco/markerdetector.h
[0.958s] -- Installing: /home/pi/axior_ws/src/axior_software/install/aruco/include/aruco/fractaldetector.h
[0.960s] -- Installing: /home/pi/axior_ws/src/axior_software/install/aruco/include/aruco/picoflann.h
[0.962s] -- Installing: /home/pi/axior_ws/src/axior_software/install/aruco/include/aruco/markerdetector_impl.h
[0.964s] -- Installing: /home/pi/axior_ws/src/axior_software/install/aruco/include/aruco/timers.h
[0.966s] -- Installing: /home/pi/axior_ws/src/axior_software/install/aruco/include/aruco/aruco.h
[0.970s] -- Installing: /home/pi/axior_ws/src/axior_software/install/aruco/include/aruco/cameraparameters.h
[0.973s] -- Installing: /home/pi/axior_ws/src/axior_software/install/aruco/include/aruco/dictionary_based.h
[0.975s] -- Installing: /home/pi/axior_ws/src/axior_software/install/aruco/include/aruco/cvdrawingutils.h
[0.977s] -- Installing: /home/pi/axior_ws/src/axior_software/install/aruco/include/aruco/levmarq.h
[0.979s] -- Installing: /home/pi/axior_ws/src/axior_software/install/aruco/include/aruco/dictionary.h
[0.981s] -- Installing: /home/pi/axior_ws/src/axior_software/install/aruco/include/aruco/fractallabelers
[0.981s] -- Installing: /home/pi/axior_ws/src/axior_software/install/aruco/include/aruco/fractallabelers/fractalmarkerset.h
[0.982s] -- Installing: /home/pi/axior_ws/src/axior_software/install/aruco/include/aruco/fractallabelers/fractallabeler.h
[0.982s] -- Installing: /home/pi/axior_ws/src/axior_software/install/aruco/include/aruco/fractallabelers/fractalposetracker.h
[0.983s] -- Installing: /home/pi/axior_ws/src/axior_software/install/aruco/include/aruco/fractallabelers/fractalmarker.h
[0.983s] -- Installing: /home/pi/axior_ws/src/axior_software/install/aruco/include/aruco/aruco_cvversioning.h
[0.983s] -- Installing: /home/pi/axior_ws/src/axior_software/install/aruco/include/aruco/debug.h
[0.983s] -- Installing: /home/pi/axior_ws/src/axior_software/install/aruco/include/aruco/posetracker.h
[0.984s] -- Installing: /home/pi/axior_ws/src/axior_software/install/aruco/include/aruco/marker.h
[0.984s] -- Installing: /home/pi/axior_ws/src/axior_software/install/aruco/include/aruco/aruco_export.h
[0.984s] -- Installing: /home/pi/axior_ws/src/axior_software/install/aruco/include/aruco/markerlabeler.h
[0.985s] -- Installing: /home/pi/axior_ws/src/axior_software/install/aruco/include/aruco/markermap.h
[0.985s] -- Installing: /home/pi/axior_ws/src/axior_software/install/aruco/include/aruco/ippe.h
[0.985s] -- Installing: /home/pi/axior_ws/src/axior_software/install/aruco/share/aruco/environment/library_path.sh
[0.986s] -- Installing: /home/pi/axior_ws/src/axior_software/install/aruco/share/aruco/environment/library_path.dsv
[0.987s] -- Installing: /home/pi/axior_ws/src/axior_software/install/aruco/share/ament_index/resource_index/package_run_dependencies/aruco
[0.990s] -- Installing: /home/pi/axior_ws/src/axior_software/install/aruco/share/ament_index/resource_index/parent_prefix_path/aruco
[0.992s] -- Installing: /home/pi/axior_ws/src/axior_software/install/aruco/share/aruco/environment/ament_prefix_path.sh
[0.995s] -- Installing: /home/pi/axior_ws/src/axior_software/install/aruco/share/aruco/environment/ament_prefix_path.dsv
[0.997s] -- Installing: /home/pi/axior_ws/src/axior_software/install/aruco/share/aruco/environment/path.sh
[0.999s] -- Installing: /home/pi/axior_ws/src/axior_software/install/aruco/share/aruco/environment/path.dsv
[1.001s] -- Installing: /home/pi/axior_ws/src/axior_software/install/aruco/share/aruco/local_setup.bash
[1.003s] -- Installing: /home/pi/axior_ws/src/axior_software/install/aruco/share/aruco/local_setup.sh
[1.006s] -- Installing: /home/pi/axior_ws/src/axior_software/install/aruco/share/aruco/local_setup.zsh
[1.008s] -- Installing: /home/pi/axior_ws/src/axior_software/install/aruco/share/aruco/local_setup.dsv
[1.010s] -- Installing: /home/pi/axior_ws/src/axior_software/install/aruco/share/aruco/package.dsv
[1.012s] -- Installing: /home/pi/axior_ws/src/axior_software/install/aruco/share/ament_index/resource_index/packages/aruco
[1.015s] -- Installing: /home/pi/axior_ws/src/axior_software/install/aruco/share/aruco/cmake/ament_cmake_export_include_directories-extras.cmake
[1.019s] -- Installing: /home/pi/axior_ws/src/axior_software/install/aruco/share/aruco/cmake/ament_cmake_export_libraries-extras.cmake
[1.020s] -- Installing: /home/pi/axior_ws/src/axior_software/install/aruco/share/aruco/cmake/arucoConfig.cmake
[1.020s] -- Installing: /home/pi/axior_ws/src/axior_software/install/aruco/share/aruco/cmake/arucoConfig-version.cmake
[1.020s] -- Installing: /home/pi/axior_ws/src/axior_software/install/aruco/share/aruco/package.xml
[1.021s] Invoked command in '/home/pi/axior_ws/src/axior_software/build/aruco' returned '0': CMAKE_PREFIX_PATH=/opt/ros/humble /usr/bin/cmake --install /home/pi/axior_ws/src/axior_software/build/aruco
