[0.049s] Invoking command in '/home/pi/axior_ws/src/axior_software/build/aruco': CMAKE_PREFIX_PATH=/opt/ros/humble /usr/bin/cmake /home/pi/axior_ws/src/axior_software/packages/aruco_localization/aruco -DAMENT_CMAKE_SYMLINK_INSTALL=1 -DCMAKE_INSTALL_PREFIX=/home/pi/axior_ws/src/axior_software/install/aruco
[0.110s] -- Found ament_cmake: 1.3.8 (/opt/ros/humble/share/ament_cmake/cmake)
[0.749s] -- Override CMake install command with custom implementation using symlinks instead of copying resources
[1.163s] -- Configuring done
[1.209s] -- Generating done
[1.219s] -- Build files have been written to: /home/pi/axior_ws/src/axior_software/build/aruco
[1.229s] Invoked command in '/home/pi/axior_ws/src/axior_software/build/aruco' returned '0': CMAKE_PREFIX_PATH=/opt/ros/humble /usr/bin/cmake /home/pi/axior_ws/src/axior_software/packages/aruco_localization/aruco -DAMENT_CMAKE_SYMLINK_INSTALL=1 -DCMAKE_INSTALL_PREFIX=/home/pi/axior_ws/src/axior_software/install/aruco
[1.240s] Invoking command in '/home/pi/axior_ws/src/axior_software/build/aruco': CMAKE_PREFIX_PATH=/opt/ros/humble /usr/bin/cmake --build /home/pi/axior_ws/src/axior_software/build/aruco -- -j4 -l4
[1.397s] [35m[1mConsolidate compiler generated dependencies of target aruco[0m
[1.573s] [100%] Built target aruco
[1.610s] Invoked command in '/home/pi/axior_ws/src/axior_software/build/aruco' returned '0': CMAKE_PREFIX_PATH=/opt/ros/humble /usr/bin/cmake --build /home/pi/axior_ws/src/axior_software/build/aruco -- -j4 -l4
[2.014s] Invoking command in '/home/pi/axior_ws/src/axior_software/build/aruco': CMAKE_PREFIX_PATH=/opt/ros/humble /usr/bin/cmake --install /home/pi/axior_ws/src/axior_software/build/aruco
[2.034s] -- Install configuration: ""
[2.037s] -- Execute custom install script
[2.041s] -- Symlinking: /home/pi/axior_ws/src/axior_software/install/aruco/lib/libaruco.so
[2.078s] -- Symlinking: /home/pi/axior_ws/src/axior_software/install/aruco/include/aruco/aruco.h
[2.114s] -- Symlinking: /home/pi/axior_ws/src/axior_software/install/aruco/include/aruco/aruco_cvversioning.h
[2.146s] -- Symlinking: /home/pi/axior_ws/src/axior_software/install/aruco/include/aruco/aruco_export.h
[2.179s] -- Symlinking: /home/pi/axior_ws/src/axior_software/install/aruco/include/aruco/cameraparameters.h
[2.221s] -- Symlinking: /home/pi/axior_ws/src/axior_software/install/aruco/include/aruco/cvdrawingutils.h
[2.251s] -- Symlinking: /home/pi/axior_ws/src/axior_software/install/aruco/include/aruco/debug.h
[2.281s] -- Symlinking: /home/pi/axior_ws/src/axior_software/install/aruco/include/aruco/dictionary.h
[2.311s] -- Symlinking: /home/pi/axior_ws/src/axior_software/install/aruco/include/aruco/dictionary_based.h
[2.348s] -- Symlinking: /home/pi/axior_ws/src/axior_software/install/aruco/include/aruco/fractaldetector.h
[2.387s] -- Symlinking: /home/pi/axior_ws/src/axior_software/install/aruco/include/aruco/fractallabelers/fractallabeler.h
[2.425s] -- Symlinking: /home/pi/axior_ws/src/axior_software/install/aruco/include/aruco/fractallabelers/fractalmarker.h
[2.464s] -- Symlinking: /home/pi/axior_ws/src/axior_software/install/aruco/include/aruco/fractallabelers/fractalmarkerset.h
[2.504s] -- Symlinking: /home/pi/axior_ws/src/axior_software/install/aruco/include/aruco/fractallabelers/fractalposetracker.h
[2.553s] -- Symlinking: /home/pi/axior_ws/src/axior_software/install/aruco/include/aruco/ippe.h
[2.591s] -- Symlinking: /home/pi/axior_ws/src/axior_software/install/aruco/include/aruco/levmarq.h
[2.657s] -- Symlinking: /home/pi/axior_ws/src/axior_software/install/aruco/include/aruco/marker.h
[2.696s] -- Symlinking: /home/pi/axior_ws/src/axior_software/install/aruco/include/aruco/markerdetector.h
[2.729s] -- Symlinking: /home/pi/axior_ws/src/axior_software/install/aruco/include/aruco/markerdetector_impl.h
[2.762s] -- Symlinking: /home/pi/axior_ws/src/axior_software/install/aruco/include/aruco/markerlabeler.h
[2.792s] -- Symlinking: /home/pi/axior_ws/src/axior_software/install/aruco/include/aruco/markermap.h
[2.824s] -- Symlinking: /home/pi/axior_ws/src/axior_software/install/aruco/include/aruco/picoflann.h
[2.858s] -- Symlinking: /home/pi/axior_ws/src/axior_software/install/aruco/include/aruco/posetracker.h
[2.889s] -- Symlinking: /home/pi/axior_ws/src/axior_software/install/aruco/include/aruco/timers.h
[2.926s] -- Symlinking: /home/pi/axior_ws/src/axior_software/install/aruco/share/aruco/environment/library_path.sh
[2.958s] -- Symlinking: /home/pi/axior_ws/src/axior_software/install/aruco/share/aruco/environment/library_path.dsv
[2.997s] -- Symlinking: /home/pi/axior_ws/src/axior_software/install/aruco/share/ament_index/resource_index/package_run_dependencies/aruco
[3.030s] -- Symlinking: /home/pi/axior_ws/src/axior_software/install/aruco/share/ament_index/resource_index/parent_prefix_path/aruco
[3.065s] -- Symlinking: /home/pi/axior_ws/src/axior_software/install/aruco/share/aruco/environment/ament_prefix_path.sh
[3.099s] -- Symlinking: /home/pi/axior_ws/src/axior_software/install/aruco/share/aruco/environment/ament_prefix_path.dsv
[3.133s] -- Symlinking: /home/pi/axior_ws/src/axior_software/install/aruco/share/aruco/environment/path.sh
[3.165s] -- Symlinking: /home/pi/axior_ws/src/axior_software/install/aruco/share/aruco/environment/path.dsv
[3.194s] -- Symlinking: /home/pi/axior_ws/src/axior_software/install/aruco/share/aruco/local_setup.bash
[3.224s] -- Symlinking: /home/pi/axior_ws/src/axior_software/install/aruco/share/aruco/local_setup.sh
[3.255s] -- Symlinking: /home/pi/axior_ws/src/axior_software/install/aruco/share/aruco/local_setup.zsh
[3.287s] -- Symlinking: /home/pi/axior_ws/src/axior_software/install/aruco/share/aruco/local_setup.dsv
[3.321s] -- Symlinking: /home/pi/axior_ws/src/axior_software/install/aruco/share/aruco/package.dsv
[3.353s] -- Symlinking: /home/pi/axior_ws/src/axior_software/install/aruco/share/ament_index/resource_index/packages/aruco
[3.389s] -- Symlinking: /home/pi/axior_ws/src/axior_software/install/aruco/share/aruco/cmake/ament_cmake_export_include_directories-extras.cmake
[3.426s] -- Symlinking: /home/pi/axior_ws/src/axior_software/install/aruco/share/aruco/cmake/ament_cmake_export_libraries-extras.cmake
[3.460s] -- Symlinking: /home/pi/axior_ws/src/axior_software/install/aruco/share/aruco/cmake/arucoConfig.cmake
[3.493s] -- Symlinking: /home/pi/axior_ws/src/axior_software/install/aruco/share/aruco/cmake/arucoConfig-version.cmake
[3.527s] -- Symlinking: /home/pi/axior_ws/src/axior_software/install/aruco/share/aruco/package.xml
[3.570s] Invoked command in '/home/pi/axior_ws/src/axior_software/build/aruco' returned '0': CMAKE_PREFIX_PATH=/opt/ros/humble /usr/bin/cmake --install /home/pi/axior_ws/src/axior_software/build/aruco
