[0.316s] Invoking command in '/home/pi/axior_ws/src/axior_software/build/aruco_msgs': CMAKE_PREFIX_PATH=${CMAKE_PREFIX_PATH}:/home/pi/ros2_humble/install/rqt_bag_plugins:/home/pi/ros2_humble/install/rqt_bag:/home/pi/ros2_humble/install/ros2bag:/home/pi/ros2_humble/install/tracetools_test:/home/pi/ros2_humble/install/tracetools_launch:/home/pi/ros2_humble/install/topic_monitor:/home/pi/ros2_humble/install/tf2_tools:/home/pi/ros2_humble/install/examples_tf2_py:/home/pi/ros2_humble/install/tf2_ros_py:/home/pi/ros2_humble/install/sros2:/home/pi/ros2_humble/install/rqt_topic:/home/pi/ros2_humble/install/rqt_srv:/home/pi/ros2_humble/install/rqt_shell:/home/pi/ros2_humble/install/rqt_service_caller:/home/pi/ros2_humble/install/rqt_reconfigure:/home/pi/ros2_humble/install/rqt_py_console:/home/pi/ros2_humble/install/rqt_publisher:/home/pi/ros2_humble/install/rqt_plot:/home/pi/ros2_humble/install/rqt_action:/home/pi/ros2_humble/install/rqt_msg:/home/pi/ros2_humble/install/rqt_console:/home/pi/ros2_humble/install/rqt:/home/pi/ros2_humble/install/rqt_graph:/home/pi/ros2_humble/install/rqt_gui_py:/home/pi/ros2_humble/install/rqt_gui:/home/pi/ros2_humble/install/ros2trace:/home/pi/ros2_humble/install/ros2topic:/home/pi/ros2_humble/install/ros2test:/home/pi/ros2_humble/install/ros2component:/home/pi/ros2_humble/install/ros2param:/home/pi/ros2_humble/install/ros2lifecycle:/home/pi/ros2_humble/install/ros2service:/home/pi/ros2_humble/install/ros2run:/home/pi/ros2_humble/install/ros2launch:/home/pi/ros2_humble/install/ros2pkg:/home/pi/ros2_humble/install/ros2node:/home/pi/ros2_humble/install/ros2multicast:/home/pi/ros2_humble/install/ros2interface:/home/pi/ros2_humble/install/ros2doctor:/home/pi/ros2_humble/install/ros2action:/home/pi/ros2_humble/install/ros2cli:/home/pi/ros2_humble/install/quality_of_service_demo_py:/home/pi/ros2_humble/install/lifecycle_py:/home/pi/ros2_humble/install/launch_testing_ros:/home/pi/ros2_humble/install/launch_ros:/home/pi/ros2_humble/install/examples_rclpy_pointcloud_publisher:/home/pi/ros2_humble/install/examples_rclpy_minimal_subscriber:/home/pi/ros2_humble/install/examples_rclpy_minimal_service:/home/pi/ros2_humble/install/examples_rclpy_minimal_publisher:/home/pi/ros2_humble/install/examples_rclpy_minimal_client:/home/pi/ros2_humble/install/examples_rclpy_minimal_action_server:/home/pi/ros2_humble/install/examples_rclpy_minimal_action_client:/home/pi/ros2_humble/install/examples_rclpy_guard_conditions:/home/pi/ros2_humble/install/examples_rclpy_executors:/home/pi/ros2_humble/install/demo_nodes_py:/home/pi/ros2_humble/install/action_tutorials_py:/home/pi/ros2_humble/install/ament_uncrustify:/home/pi/ros2_humble/install/tracetools_trace:/home/pi/ros2_humble/install/tracetools_read:/home/pi/ros2_humble/install/test_tracetools_launch:/home/pi/ros2_humble/install/test_launch_ros:/home/pi/ros2_humble/install/sensor_msgs_py:/home/pi/ros2_humble/install/rpyutils:/home/pi/ros2_humble/install/rosidl_runtime_py:/home/pi/ros2_humble/install/rosidl_cli:/home/pi/ros2_humble/install/launch_pytest:/home/pi/ros2_humble/install/launch_testing:/home/pi/ros2_humble/install/launch_yaml:/home/pi/ros2_humble/install/launch_xml:/home/pi/ros2_humble/install/launch:/home/pi/ros2_humble/install/osrf_pycommon:/home/pi/ros2_humble/install/launch_testing_examples:/home/pi/ros2_humble/install/domain_coordinator:/home/pi/ros2_humble/install/ament_xmllint:/home/pi/ros2_humble/install/ament_pyflakes:/home/pi/ros2_humble/install/ament_pycodestyle:/home/pi/ros2_humble/install/ament_pep257:/home/pi/ros2_humble/install/ament_pclint:/home/pi/ros2_humble/install/ament_package:/home/pi/ros2_humble/install/ament_mypy:/home/pi/ros2_humble/install/ament_lint_cmake:/home/pi/ros2_humble/install/ament_flake8:/home/pi/ros2_humble/install/ament_copyright:/home/pi/ros2_humble/install/ament_lint:/home/pi/ros2_humble/install/ament_index_python:/home/pi/ros2_humble/install/ament_cpplint:/home/pi/ros2_humble/install/ament_cppcheck:/home/pi/ros2_humble/install/ament_clang_tidy:/home/pi/ros2_humble/install/ament_clang_format:/opt/ros/humble /usr/bin/cmake --build /home/pi/axior_ws/src/axior_software/build/aruco_msgs -- -j4 -l4
[1.263s] [35m[1mConsolidate compiler generated dependencies of target aruco_msgs__rosidl_generator_c[0m
[1.517s] [  2%] Built target aruco_msgs__cpp
[1.593s] [ 12%] Built target aruco_msgs__rosidl_generator_c
[1.782s] [ 12%] Built target ament_cmake_python_symlink_aruco_msgs
[1.825s] [35m[1mConsolidate compiler generated dependencies of target aruco_msgs__rosidl_typesupport_introspection_cpp[0m
[1.927s] [35m[1mConsolidate compiler generated dependencies of target aruco_msgs__rosidl_typesupport_fastrtps_cpp[0m
[1.977s] [35m[1mConsolidate compiler generated dependencies of target aruco_msgs__rosidl_typesupport_cpp[0m
[2.138s] [35m[1mConsolidate compiler generated dependencies of target aruco_msgs__rosidl_typesupport_introspection_c[0m
[2.198s] [ 23%] Built target aruco_msgs__rosidl_typesupport_introspection_cpp
[2.317s] [ 33%] Built target aruco_msgs__rosidl_typesupport_fastrtps_cpp
[2.358s] [ 43%] Built target aruco_msgs__rosidl_typesupport_cpp
[2.518s] [ 53%] Built target aruco_msgs__rosidl_typesupport_introspection_c
[2.523s] [35m[1mConsolidate compiler generated dependencies of target aruco_msgs__rosidl_typesupport_c[0m
[2.666s] [35m[1mConsolidate compiler generated dependencies of target aruco_msgs__rosidl_typesupport_fastrtps_c[0m
[2.802s] [ 64%] Built target aruco_msgs__rosidl_typesupport_c
[2.968s] [ 74%] Built target aruco_msgs__rosidl_typesupport_fastrtps_c
[3.477s] [ 74%] Built target aruco_msgs
[4.010s] [ 76%] Built target aruco_msgs__py
[4.262s] [35m[1mConsolidate compiler generated dependencies of target aruco_msgs__rosidl_generator_py[0m
[4.546s] [ 84%] Built target aruco_msgs__rosidl_generator_py
[4.859s] [35m[1mConsolidate compiler generated dependencies of target aruco_msgs__rosidl_typesupport_introspection_c__pyext[0m
[4.963s] [35m[1mConsolidate compiler generated dependencies of target aruco_msgs__rosidl_typesupport_fastrtps_c__pyext[0m
[4.977s] [35m[1mConsolidate compiler generated dependencies of target aruco_msgs__rosidl_typesupport_c__pyext[0m
[5.409s] [ 89%] Built target aruco_msgs__rosidl_typesupport_introspection_c__pyext
[5.447s] [ 94%] Built target aruco_msgs__rosidl_typesupport_fastrtps_c__pyext
[5.528s] [100%] Built target aruco_msgs__rosidl_typesupport_c__pyext
[6.398s] running egg_info
[6.401s] writing aruco_msgs.egg-info/PKG-INFO
[6.403s] writing dependency_links to aruco_msgs.egg-info/dependency_links.txt
[6.404s] writing top-level names to aruco_msgs.egg-info/top_level.txt
[6.415s] reading manifest file 'aruco_msgs.egg-info/SOURCES.txt'
[6.418s] writing manifest file 'aruco_msgs.egg-info/SOURCES.txt'
[6.715s] [100%] Built target ament_cmake_python_build_aruco_msgs_egg
[6.896s] Invoked command in '/home/pi/axior_ws/src/axior_software/build/aruco_msgs' returned '0': CMAKE_PREFIX_PATH=${CMAKE_PREFIX_PATH}:/home/pi/ros2_humble/install/rqt_bag_plugins:/home/pi/ros2_humble/install/rqt_bag:/home/pi/ros2_humble/install/ros2bag:/home/pi/ros2_humble/install/tracetools_test:/home/pi/ros2_humble/install/tracetools_launch:/home/pi/ros2_humble/install/topic_monitor:/home/pi/ros2_humble/install/tf2_tools:/home/pi/ros2_humble/install/examples_tf2_py:/home/pi/ros2_humble/install/tf2_ros_py:/home/pi/ros2_humble/install/sros2:/home/pi/ros2_humble/install/rqt_topic:/home/pi/ros2_humble/install/rqt_srv:/home/pi/ros2_humble/install/rqt_shell:/home/pi/ros2_humble/install/rqt_service_caller:/home/pi/ros2_humble/install/rqt_reconfigure:/home/pi/ros2_humble/install/rqt_py_console:/home/pi/ros2_humble/install/rqt_publisher:/home/pi/ros2_humble/install/rqt_plot:/home/pi/ros2_humble/install/rqt_action:/home/pi/ros2_humble/install/rqt_msg:/home/pi/ros2_humble/install/rqt_console:/home/pi/ros2_humble/install/rqt:/home/pi/ros2_humble/install/rqt_graph:/home/pi/ros2_humble/install/rqt_gui_py:/home/pi/ros2_humble/install/rqt_gui:/home/pi/ros2_humble/install/ros2trace:/home/pi/ros2_humble/install/ros2topic:/home/pi/ros2_humble/install/ros2test:/home/pi/ros2_humble/install/ros2component:/home/pi/ros2_humble/install/ros2param:/home/pi/ros2_humble/install/ros2lifecycle:/home/pi/ros2_humble/install/ros2service:/home/pi/ros2_humble/install/ros2run:/home/pi/ros2_humble/install/ros2launch:/home/pi/ros2_humble/install/ros2pkg:/home/pi/ros2_humble/install/ros2node:/home/pi/ros2_humble/install/ros2multicast:/home/pi/ros2_humble/install/ros2interface:/home/pi/ros2_humble/install/ros2doctor:/home/pi/ros2_humble/install/ros2action:/home/pi/ros2_humble/install/ros2cli:/home/pi/ros2_humble/install/quality_of_service_demo_py:/home/pi/ros2_humble/install/lifecycle_py:/home/pi/ros2_humble/install/launch_testing_ros:/home/pi/ros2_humble/install/launch_ros:/home/pi/ros2_humble/install/examples_rclpy_pointcloud_publisher:/home/pi/ros2_humble/install/examples_rclpy_minimal_subscriber:/home/pi/ros2_humble/install/examples_rclpy_minimal_service:/home/pi/ros2_humble/install/examples_rclpy_minimal_publisher:/home/pi/ros2_humble/install/examples_rclpy_minimal_client:/home/pi/ros2_humble/install/examples_rclpy_minimal_action_server:/home/pi/ros2_humble/install/examples_rclpy_minimal_action_client:/home/pi/ros2_humble/install/examples_rclpy_guard_conditions:/home/pi/ros2_humble/install/examples_rclpy_executors:/home/pi/ros2_humble/install/demo_nodes_py:/home/pi/ros2_humble/install/action_tutorials_py:/home/pi/ros2_humble/install/ament_uncrustify:/home/pi/ros2_humble/install/tracetools_trace:/home/pi/ros2_humble/install/tracetools_read:/home/pi/ros2_humble/install/test_tracetools_launch:/home/pi/ros2_humble/install/test_launch_ros:/home/pi/ros2_humble/install/sensor_msgs_py:/home/pi/ros2_humble/install/rpyutils:/home/pi/ros2_humble/install/rosidl_runtime_py:/home/pi/ros2_humble/install/rosidl_cli:/home/pi/ros2_humble/install/launch_pytest:/home/pi/ros2_humble/install/launch_testing:/home/pi/ros2_humble/install/launch_yaml:/home/pi/ros2_humble/install/launch_xml:/home/pi/ros2_humble/install/launch:/home/pi/ros2_humble/install/osrf_pycommon:/home/pi/ros2_humble/install/launch_testing_examples:/home/pi/ros2_humble/install/domain_coordinator:/home/pi/ros2_humble/install/ament_xmllint:/home/pi/ros2_humble/install/ament_pyflakes:/home/pi/ros2_humble/install/ament_pycodestyle:/home/pi/ros2_humble/install/ament_pep257:/home/pi/ros2_humble/install/ament_pclint:/home/pi/ros2_humble/install/ament_package:/home/pi/ros2_humble/install/ament_mypy:/home/pi/ros2_humble/install/ament_lint_cmake:/home/pi/ros2_humble/install/ament_flake8:/home/pi/ros2_humble/install/ament_copyright:/home/pi/ros2_humble/install/ament_lint:/home/pi/ros2_humble/install/ament_index_python:/home/pi/ros2_humble/install/ament_cpplint:/home/pi/ros2_humble/install/ament_cppcheck:/home/pi/ros2_humble/install/ament_clang_tidy:/home/pi/ros2_humble/install/ament_clang_format:/opt/ros/humble /usr/bin/cmake --build /home/pi/axior_ws/src/axior_software/build/aruco_msgs -- -j4 -l4
[10.263s] Invoking command in '/home/pi/axior_ws/src/axior_software/build/aruco_msgs': CMAKE_PREFIX_PATH=${CMAKE_PREFIX_PATH}:/home/pi/ros2_humble/install/rqt_bag_plugins:/home/pi/ros2_humble/install/rqt_bag:/home/pi/ros2_humble/install/ros2bag:/home/pi/ros2_humble/install/tracetools_test:/home/pi/ros2_humble/install/tracetools_launch:/home/pi/ros2_humble/install/topic_monitor:/home/pi/ros2_humble/install/tf2_tools:/home/pi/ros2_humble/install/examples_tf2_py:/home/pi/ros2_humble/install/tf2_ros_py:/home/pi/ros2_humble/install/sros2:/home/pi/ros2_humble/install/rqt_topic:/home/pi/ros2_humble/install/rqt_srv:/home/pi/ros2_humble/install/rqt_shell:/home/pi/ros2_humble/install/rqt_service_caller:/home/pi/ros2_humble/install/rqt_reconfigure:/home/pi/ros2_humble/install/rqt_py_console:/home/pi/ros2_humble/install/rqt_publisher:/home/pi/ros2_humble/install/rqt_plot:/home/pi/ros2_humble/install/rqt_action:/home/pi/ros2_humble/install/rqt_msg:/home/pi/ros2_humble/install/rqt_console:/home/pi/ros2_humble/install/rqt:/home/pi/ros2_humble/install/rqt_graph:/home/pi/ros2_humble/install/rqt_gui_py:/home/pi/ros2_humble/install/rqt_gui:/home/pi/ros2_humble/install/ros2trace:/home/pi/ros2_humble/install/ros2topic:/home/pi/ros2_humble/install/ros2test:/home/pi/ros2_humble/install/ros2component:/home/pi/ros2_humble/install/ros2param:/home/pi/ros2_humble/install/ros2lifecycle:/home/pi/ros2_humble/install/ros2service:/home/pi/ros2_humble/install/ros2run:/home/pi/ros2_humble/install/ros2launch:/home/pi/ros2_humble/install/ros2pkg:/home/pi/ros2_humble/install/ros2node:/home/pi/ros2_humble/install/ros2multicast:/home/pi/ros2_humble/install/ros2interface:/home/pi/ros2_humble/install/ros2doctor:/home/pi/ros2_humble/install/ros2action:/home/pi/ros2_humble/install/ros2cli:/home/pi/ros2_humble/install/quality_of_service_demo_py:/home/pi/ros2_humble/install/lifecycle_py:/home/pi/ros2_humble/install/launch_testing_ros:/home/pi/ros2_humble/install/launch_ros:/home/pi/ros2_humble/install/examples_rclpy_pointcloud_publisher:/home/pi/ros2_humble/install/examples_rclpy_minimal_subscriber:/home/pi/ros2_humble/install/examples_rclpy_minimal_service:/home/pi/ros2_humble/install/examples_rclpy_minimal_publisher:/home/pi/ros2_humble/install/examples_rclpy_minimal_client:/home/pi/ros2_humble/install/examples_rclpy_minimal_action_server:/home/pi/ros2_humble/install/examples_rclpy_minimal_action_client:/home/pi/ros2_humble/install/examples_rclpy_guard_conditions:/home/pi/ros2_humble/install/examples_rclpy_executors:/home/pi/ros2_humble/install/demo_nodes_py:/home/pi/ros2_humble/install/action_tutorials_py:/home/pi/ros2_humble/install/ament_uncrustify:/home/pi/ros2_humble/install/tracetools_trace:/home/pi/ros2_humble/install/tracetools_read:/home/pi/ros2_humble/install/test_tracetools_launch:/home/pi/ros2_humble/install/test_launch_ros:/home/pi/ros2_humble/install/sensor_msgs_py:/home/pi/ros2_humble/install/rpyutils:/home/pi/ros2_humble/install/rosidl_runtime_py:/home/pi/ros2_humble/install/rosidl_cli:/home/pi/ros2_humble/install/launch_pytest:/home/pi/ros2_humble/install/launch_testing:/home/pi/ros2_humble/install/launch_yaml:/home/pi/ros2_humble/install/launch_xml:/home/pi/ros2_humble/install/launch:/home/pi/ros2_humble/install/osrf_pycommon:/home/pi/ros2_humble/install/launch_testing_examples:/home/pi/ros2_humble/install/domain_coordinator:/home/pi/ros2_humble/install/ament_xmllint:/home/pi/ros2_humble/install/ament_pyflakes:/home/pi/ros2_humble/install/ament_pycodestyle:/home/pi/ros2_humble/install/ament_pep257:/home/pi/ros2_humble/install/ament_pclint:/home/pi/ros2_humble/install/ament_package:/home/pi/ros2_humble/install/ament_mypy:/home/pi/ros2_humble/install/ament_lint_cmake:/home/pi/ros2_humble/install/ament_flake8:/home/pi/ros2_humble/install/ament_copyright:/home/pi/ros2_humble/install/ament_lint:/home/pi/ros2_humble/install/ament_index_python:/home/pi/ros2_humble/install/ament_cpplint:/home/pi/ros2_humble/install/ament_cppcheck:/home/pi/ros2_humble/install/ament_clang_tidy:/home/pi/ros2_humble/install/ament_clang_format:/opt/ros/humble /usr/bin/cmake --install /home/pi/axior_ws/src/axior_software/build/aruco_msgs
[10.429s] -- Install configuration: ""
[10.433s] -- Execute custom install script
[10.434s] -- Up-to-date symlink: /home/pi/axior_ws/src/axior_software/install/aruco_msgs/share/ament_index/resource_index/rosidl_interfaces/aruco_msgs
[10.439s] -- Up-to-date symlink: /home/pi/axior_ws/src/axior_software/install/aruco_msgs/include/aruco_msgs/aruco_msgs/msg/detail/marker__functions.h
[10.440s] -- Up-to-date symlink: /home/pi/axior_ws/src/axior_software/install/aruco_msgs/include/aruco_msgs/aruco_msgs/msg/detail/marker__struct.h
[10.440s] -- Up-to-date symlink: /home/pi/axior_ws/src/axior_software/install/aruco_msgs/include/aruco_msgs/aruco_msgs/msg/detail/marker__type_support.h
[10.441s] -- Up-to-date symlink: /home/pi/axior_ws/src/axior_software/install/aruco_msgs/include/aruco_msgs/aruco_msgs/msg/detail/marker_array__functions.h
[10.442s] -- Up-to-date symlink: /home/pi/axior_ws/src/axior_software/install/aruco_msgs/include/aruco_msgs/aruco_msgs/msg/detail/marker_array__struct.h
[10.444s] -- Up-to-date symlink: /home/pi/axior_ws/src/axior_software/install/aruco_msgs/include/aruco_msgs/aruco_msgs/msg/detail/marker_array__type_support.h
[10.444s] -- Up-to-date symlink: /home/pi/axior_ws/src/axior_software/install/aruco_msgs/include/aruco_msgs/aruco_msgs/msg/marker.h
[10.446s] -- Up-to-date symlink: /home/pi/axior_ws/src/axior_software/install/aruco_msgs/include/aruco_msgs/aruco_msgs/msg/marker_array.h
[10.447s] -- Up-to-date symlink: /home/pi/axior_ws/src/axior_software/install/aruco_msgs/include/aruco_msgs/aruco_msgs/msg/rosidl_generator_c__visibility_control.h
[10.448s] -- Up-to-date symlink: /home/pi/axior_ws/src/axior_software/install/aruco_msgs/share/aruco_msgs/environment/library_path.sh
[10.449s] -- Up-to-date symlink: /home/pi/axior_ws/src/axior_software/install/aruco_msgs/share/aruco_msgs/environment/library_path.dsv
[10.453s] -- Up-to-date symlink: /home/pi/axior_ws/src/axior_software/install/aruco_msgs/include/aruco_msgs/aruco_msgs/msg/detail/marker__rosidl_typesupport_fastrtps_c.h
[10.454s] -- Up-to-date symlink: /home/pi/axior_ws/src/axior_software/install/aruco_msgs/include/aruco_msgs/aruco_msgs/msg/detail/marker_array__rosidl_typesupport_fastrtps_c.h
[10.456s] -- Up-to-date symlink: /home/pi/axior_ws/src/axior_software/install/aruco_msgs/include/aruco_msgs/aruco_msgs/msg/rosidl_typesupport_fastrtps_c__visibility_control.h
[10.458s] -- Up-to-date symlink: /home/pi/axior_ws/src/axior_software/install/aruco_msgs/include/aruco_msgs/aruco_msgs/msg/detail/marker__builder.hpp
[10.459s] -- Up-to-date symlink: /home/pi/axior_ws/src/axior_software/install/aruco_msgs/include/aruco_msgs/aruco_msgs/msg/detail/marker__struct.hpp
[10.461s] -- Up-to-date symlink: /home/pi/axior_ws/src/axior_software/install/aruco_msgs/include/aruco_msgs/aruco_msgs/msg/detail/marker__traits.hpp
[10.462s] -- Up-to-date symlink: /home/pi/axior_ws/src/axior_software/install/aruco_msgs/include/aruco_msgs/aruco_msgs/msg/detail/marker_array__builder.hpp
[10.463s] -- Up-to-date symlink: /home/pi/axior_ws/src/axior_software/install/aruco_msgs/include/aruco_msgs/aruco_msgs/msg/detail/marker_array__struct.hpp
[10.464s] -- Up-to-date symlink: /home/pi/axior_ws/src/axior_software/install/aruco_msgs/include/aruco_msgs/aruco_msgs/msg/detail/marker_array__traits.hpp
[10.465s] -- Up-to-date symlink: /home/pi/axior_ws/src/axior_software/install/aruco_msgs/include/aruco_msgs/aruco_msgs/msg/marker.hpp
[10.465s] -- Up-to-date symlink: /home/pi/axior_ws/src/axior_software/install/aruco_msgs/include/aruco_msgs/aruco_msgs/msg/marker_array.hpp
[10.469s] -- Up-to-date symlink: /home/pi/axior_ws/src/axior_software/install/aruco_msgs/include/aruco_msgs/aruco_msgs/msg/detail/marker__rosidl_typesupport_fastrtps_cpp.hpp
[10.470s] -- Up-to-date symlink: /home/pi/axior_ws/src/axior_software/install/aruco_msgs/include/aruco_msgs/aruco_msgs/msg/detail/marker_array__rosidl_typesupport_fastrtps_cpp.hpp
[10.471s] -- Up-to-date symlink: /home/pi/axior_ws/src/axior_software/install/aruco_msgs/include/aruco_msgs/aruco_msgs/msg/rosidl_typesupport_fastrtps_cpp__visibility_control.h
[10.474s] -- Up-to-date symlink: /home/pi/axior_ws/src/axior_software/install/aruco_msgs/include/aruco_msgs/aruco_msgs/msg/detail/marker__rosidl_typesupport_introspection_c.h
[10.475s] -- Up-to-date symlink: /home/pi/axior_ws/src/axior_software/install/aruco_msgs/include/aruco_msgs/aruco_msgs/msg/detail/marker_array__rosidl_typesupport_introspection_c.h
[10.476s] -- Up-to-date symlink: /home/pi/axior_ws/src/axior_software/install/aruco_msgs/include/aruco_msgs/aruco_msgs/msg/rosidl_typesupport_introspection_c__visibility_control.h
[10.479s] -- Up-to-date symlink: /home/pi/axior_ws/src/axior_software/install/aruco_msgs/include/aruco_msgs/aruco_msgs/msg/detail/marker__rosidl_typesupport_introspection_cpp.hpp
[10.480s] -- Up-to-date symlink: /home/pi/axior_ws/src/axior_software/install/aruco_msgs/include/aruco_msgs/aruco_msgs/msg/detail/marker_array__rosidl_typesupport_introspection_cpp.hpp
[10.481s] -- Up-to-date symlink: /home/pi/axior_ws/src/axior_software/install/aruco_msgs/share/aruco_msgs/environment/pythonpath.sh
[10.482s] -- Up-to-date symlink: /home/pi/axior_ws/src/axior_software/install/aruco_msgs/share/aruco_msgs/environment/pythonpath.dsv
[10.484s] -- Up-to-date symlink: /home/pi/axior_ws/src/axior_software/install/aruco_msgs/local/lib/python3.10/dist-packages/aruco_msgs-5.0.4-py3.10.egg-info/PKG-INFO
[10.485s] -- Up-to-date symlink: /home/pi/axior_ws/src/axior_software/install/aruco_msgs/local/lib/python3.10/dist-packages/aruco_msgs-5.0.4-py3.10.egg-info/SOURCES.txt
[10.486s] -- Up-to-date symlink: /home/pi/axior_ws/src/axior_software/install/aruco_msgs/local/lib/python3.10/dist-packages/aruco_msgs-5.0.4-py3.10.egg-info/dependency_links.txt
[10.487s] -- Up-to-date symlink: /home/pi/axior_ws/src/axior_software/install/aruco_msgs/local/lib/python3.10/dist-packages/aruco_msgs-5.0.4-py3.10.egg-info/top_level.txt
[10.492s] -- Up-to-date symlink: /home/pi/axior_ws/src/axior_software/install/aruco_msgs/local/lib/python3.10/dist-packages/aruco_msgs/__init__.py
[10.493s] -- Up-to-date symlink: /home/pi/axior_ws/src/axior_software/install/aruco_msgs/local/lib/python3.10/dist-packages/aruco_msgs/_aruco_msgs_s.ep.rosidl_typesupport_c.c
[10.494s] -- Up-to-date symlink: /home/pi/axior_ws/src/axior_software/install/aruco_msgs/local/lib/python3.10/dist-packages/aruco_msgs/_aruco_msgs_s.ep.rosidl_typesupport_fastrtps_c.c
[10.495s] -- Up-to-date symlink: /home/pi/axior_ws/src/axior_software/install/aruco_msgs/local/lib/python3.10/dist-packages/aruco_msgs/_aruco_msgs_s.ep.rosidl_typesupport_introspection_c.c
[10.496s] -- Up-to-date symlink: /home/pi/axior_ws/src/axior_software/install/aruco_msgs/local/lib/python3.10/dist-packages/aruco_msgs/aruco_msgs_s__rosidl_typesupport_c.cpython-310-aarch64-linux-gnu.so
[10.497s] -- Up-to-date symlink: /home/pi/axior_ws/src/axior_software/install/aruco_msgs/local/lib/python3.10/dist-packages/aruco_msgs/aruco_msgs_s__rosidl_typesupport_fastrtps_c.cpython-310-aarch64-linux-gnu.so
[10.499s] -- Up-to-date symlink: /home/pi/axior_ws/src/axior_software/install/aruco_msgs/local/lib/python3.10/dist-packages/aruco_msgs/aruco_msgs_s__rosidl_typesupport_introspection_c.cpython-310-aarch64-linux-gnu.so
[10.500s] -- Up-to-date symlink: /home/pi/axior_ws/src/axior_software/install/aruco_msgs/local/lib/python3.10/dist-packages/aruco_msgs/libaruco_msgs__rosidl_generator_py.so
[10.501s] -- Up-to-date symlink: /home/pi/axior_ws/src/axior_software/install/aruco_msgs/local/lib/python3.10/dist-packages/aruco_msgs/msg/__init__.py
[10.502s] -- Up-to-date symlink: /home/pi/axior_ws/src/axior_software/install/aruco_msgs/local/lib/python3.10/dist-packages/aruco_msgs/msg/_marker.py
[10.503s] -- Up-to-date symlink: /home/pi/axior_ws/src/axior_software/install/aruco_msgs/local/lib/python3.10/dist-packages/aruco_msgs/msg/_marker_array.py
[10.504s] -- Up-to-date symlink: /home/pi/axior_ws/src/axior_software/install/aruco_msgs/local/lib/python3.10/dist-packages/aruco_msgs/msg/_marker_array_s.c
[10.505s] -- Up-to-date symlink: /home/pi/axior_ws/src/axior_software/install/aruco_msgs/local/lib/python3.10/dist-packages/aruco_msgs/msg/_marker_s.c
[10.507s] -- Up-to-date symlink: /home/pi/axior_ws/src/axior_software/install/aruco_msgs/local/lib/python3.10/dist-packages/aruco_msgs/aruco_msgs_s__rosidl_typesupport_introspection_c.cpython-310-aarch64-linux-gnu.so
[10.509s] -- Up-to-date symlink: /home/pi/axior_ws/src/axior_software/install/aruco_msgs/local/lib/python3.10/dist-packages/aruco_msgs/aruco_msgs_s__rosidl_typesupport_fastrtps_c.cpython-310-aarch64-linux-gnu.so
[10.510s] -- Up-to-date symlink: /home/pi/axior_ws/src/axior_software/install/aruco_msgs/local/lib/python3.10/dist-packages/aruco_msgs/aruco_msgs_s__rosidl_typesupport_c.cpython-310-aarch64-linux-gnu.so
[10.512s] -- Up-to-date symlink: /home/pi/axior_ws/src/axior_software/install/aruco_msgs/share/aruco_msgs/msg/Marker.idl
[10.513s] -- Up-to-date symlink: /home/pi/axior_ws/src/axior_software/install/aruco_msgs/share/aruco_msgs/msg/MarkerArray.idl
[10.514s] -- Up-to-date symlink: /home/pi/axior_ws/src/axior_software/install/aruco_msgs/share/aruco_msgs/msg/Marker.msg
[10.515s] -- Up-to-date symlink: /home/pi/axior_ws/src/axior_software/install/aruco_msgs/share/aruco_msgs/msg/MarkerArray.msg
[10.516s] -- Up-to-date symlink: /home/pi/axior_ws/src/axior_software/install/aruco_msgs/share/ament_index/resource_index/package_run_dependencies/aruco_msgs
[10.517s] -- Up-to-date symlink: /home/pi/axior_ws/src/axior_software/install/aruco_msgs/share/ament_index/resource_index/parent_prefix_path/aruco_msgs
[10.518s] -- Up-to-date symlink: /home/pi/axior_ws/src/axior_software/install/aruco_msgs/share/aruco_msgs/environment/ament_prefix_path.sh
[10.520s] -- Up-to-date symlink: /home/pi/axior_ws/src/axior_software/install/aruco_msgs/share/aruco_msgs/environment/ament_prefix_path.dsv
[10.521s] -- Up-to-date symlink: /home/pi/axior_ws/src/axior_software/install/aruco_msgs/share/aruco_msgs/environment/path.sh
[10.523s] -- Up-to-date symlink: /home/pi/axior_ws/src/axior_software/install/aruco_msgs/share/aruco_msgs/environment/path.dsv
[10.524s] -- Up-to-date symlink: /home/pi/axior_ws/src/axior_software/install/aruco_msgs/share/aruco_msgs/local_setup.bash
[10.524s] -- Up-to-date symlink: /home/pi/axior_ws/src/axior_software/install/aruco_msgs/share/aruco_msgs/local_setup.sh
[10.525s] -- Up-to-date symlink: /home/pi/axior_ws/src/axior_software/install/aruco_msgs/share/aruco_msgs/local_setup.zsh
[10.526s] -- Up-to-date symlink: /home/pi/axior_ws/src/axior_software/install/aruco_msgs/share/aruco_msgs/local_setup.dsv
[10.527s] -- Symlinking: /home/pi/axior_ws/src/axior_software/install/aruco_msgs/share/aruco_msgs/package.dsv
[10.695s] -- Up-to-date symlink: /home/pi/axior_ws/src/axior_software/install/aruco_msgs/share/ament_index/resource_index/packages/aruco_msgs
[10.696s] -- Up-to-date symlink: /home/pi/axior_ws/src/axior_software/install/aruco_msgs/share/aruco_msgs/cmake/rosidl_cmake-extras.cmake
[10.697s] -- Up-to-date symlink: /home/pi/axior_ws/src/axior_software/install/aruco_msgs/share/aruco_msgs/cmake/ament_cmake_export_dependencies-extras.cmake
[10.697s] -- Up-to-date symlink: /home/pi/axior_ws/src/axior_software/install/aruco_msgs/share/aruco_msgs/cmake/ament_cmake_export_include_directories-extras.cmake
[10.697s] -- Up-to-date symlink: /home/pi/axior_ws/src/axior_software/install/aruco_msgs/share/aruco_msgs/cmake/ament_cmake_export_libraries-extras.cmake
[10.698s] -- Up-to-date symlink: /home/pi/axior_ws/src/axior_software/install/aruco_msgs/share/aruco_msgs/cmake/ament_cmake_export_targets-extras.cmake
[10.699s] -- Up-to-date symlink: /home/pi/axior_ws/src/axior_software/install/aruco_msgs/share/aruco_msgs/cmake/rosidl_cmake_export_typesupport_targets-extras.cmake
[10.702s] -- Up-to-date symlink: /home/pi/axior_ws/src/axior_software/install/aruco_msgs/share/aruco_msgs/cmake/rosidl_cmake_export_typesupport_libraries-extras.cmake
[10.702s] -- Up-to-date symlink: /home/pi/axior_ws/src/axior_software/install/aruco_msgs/share/aruco_msgs/cmake/aruco_msgsConfig.cmake
[10.703s] -- Up-to-date symlink: /home/pi/axior_ws/src/axior_software/install/aruco_msgs/share/aruco_msgs/cmake/aruco_msgsConfig-version.cmake
[10.704s] -- Up-to-date symlink: /home/pi/axior_ws/src/axior_software/install/aruco_msgs/share/aruco_msgs/package.xml
[10.705s] -- Up-to-date: /home/pi/axior_ws/src/axior_software/install/aruco_msgs/lib/libaruco_msgs__rosidl_generator_c.so
[10.708s] -- Up-to-date: /home/pi/axior_ws/src/axior_software/install/aruco_msgs/lib/libaruco_msgs__rosidl_typesupport_fastrtps_c.so
[10.710s] -- Up-to-date: /home/pi/axior_ws/src/axior_software/install/aruco_msgs/lib/libaruco_msgs__rosidl_typesupport_fastrtps_cpp.so
[10.713s] -- Up-to-date: /home/pi/axior_ws/src/axior_software/install/aruco_msgs/lib/libaruco_msgs__rosidl_typesupport_introspection_c.so
[10.714s] -- Up-to-date: /home/pi/axior_ws/src/axior_software/install/aruco_msgs/lib/libaruco_msgs__rosidl_typesupport_c.so
[10.716s] -- Up-to-date: /home/pi/axior_ws/src/axior_software/install/aruco_msgs/lib/libaruco_msgs__rosidl_typesupport_introspection_cpp.so
[10.718s] -- Up-to-date: /home/pi/axior_ws/src/axior_software/install/aruco_msgs/lib/libaruco_msgs__rosidl_typesupport_cpp.so
[11.639s] Listing '/home/pi/axior_ws/src/axior_software/install/aruco_msgs/local/lib/python3.10/dist-packages/aruco_msgs'...
[11.640s] Listing '/home/pi/axior_ws/src/axior_software/install/aruco_msgs/local/lib/python3.10/dist-packages/aruco_msgs/msg'...
[11.665s] -- Up-to-date: /home/pi/axior_ws/src/axior_software/install/aruco_msgs/lib/libaruco_msgs__rosidl_generator_py.so
[11.667s] -- Up-to-date: /home/pi/axior_ws/src/axior_software/install/aruco_msgs/share/aruco_msgs/cmake/export_aruco_msgs__rosidl_generator_cExport.cmake
[11.667s] -- Up-to-date: /home/pi/axior_ws/src/axior_software/install/aruco_msgs/share/aruco_msgs/cmake/export_aruco_msgs__rosidl_generator_cExport-noconfig.cmake
[11.668s] -- Up-to-date: /home/pi/axior_ws/src/axior_software/install/aruco_msgs/share/aruco_msgs/cmake/export_aruco_msgs__rosidl_typesupport_fastrtps_cExport.cmake
[11.669s] -- Up-to-date: /home/pi/axior_ws/src/axior_software/install/aruco_msgs/share/aruco_msgs/cmake/export_aruco_msgs__rosidl_typesupport_fastrtps_cExport-noconfig.cmake
[11.670s] -- Up-to-date: /home/pi/axior_ws/src/axior_software/install/aruco_msgs/share/aruco_msgs/cmake/export_aruco_msgs__rosidl_generator_cppExport.cmake
[11.670s] -- Up-to-date: /home/pi/axior_ws/src/axior_software/install/aruco_msgs/share/aruco_msgs/cmake/export_aruco_msgs__rosidl_typesupport_fastrtps_cppExport.cmake
[11.671s] -- Up-to-date: /home/pi/axior_ws/src/axior_software/install/aruco_msgs/share/aruco_msgs/cmake/export_aruco_msgs__rosidl_typesupport_fastrtps_cppExport-noconfig.cmake
[11.672s] -- Up-to-date: /home/pi/axior_ws/src/axior_software/install/aruco_msgs/share/aruco_msgs/cmake/aruco_msgs__rosidl_typesupport_introspection_cExport.cmake
[11.672s] -- Up-to-date: /home/pi/axior_ws/src/axior_software/install/aruco_msgs/share/aruco_msgs/cmake/aruco_msgs__rosidl_typesupport_introspection_cExport-noconfig.cmake
[11.673s] -- Up-to-date: /home/pi/axior_ws/src/axior_software/install/aruco_msgs/share/aruco_msgs/cmake/aruco_msgs__rosidl_typesupport_cExport.cmake
[11.674s] -- Up-to-date: /home/pi/axior_ws/src/axior_software/install/aruco_msgs/share/aruco_msgs/cmake/aruco_msgs__rosidl_typesupport_cExport-noconfig.cmake
[11.675s] -- Up-to-date: /home/pi/axior_ws/src/axior_software/install/aruco_msgs/share/aruco_msgs/cmake/aruco_msgs__rosidl_typesupport_introspection_cppExport.cmake
[11.675s] -- Up-to-date: /home/pi/axior_ws/src/axior_software/install/aruco_msgs/share/aruco_msgs/cmake/aruco_msgs__rosidl_typesupport_introspection_cppExport-noconfig.cmake
[11.676s] -- Up-to-date: /home/pi/axior_ws/src/axior_software/install/aruco_msgs/share/aruco_msgs/cmake/aruco_msgs__rosidl_typesupport_cppExport.cmake
[11.677s] -- Up-to-date: /home/pi/axior_ws/src/axior_software/install/aruco_msgs/share/aruco_msgs/cmake/aruco_msgs__rosidl_typesupport_cppExport-noconfig.cmake
[11.678s] -- Up-to-date: /home/pi/axior_ws/src/axior_software/install/aruco_msgs/share/aruco_msgs/cmake/export_aruco_msgs__rosidl_generator_pyExport.cmake
[11.678s] -- Up-to-date: /home/pi/axior_ws/src/axior_software/install/aruco_msgs/share/aruco_msgs/cmake/export_aruco_msgs__rosidl_generator_pyExport-noconfig.cmake
[11.687s] Invoked command in '/home/pi/axior_ws/src/axior_software/build/aruco_msgs' returned '0': CMAKE_PREFIX_PATH=${CMAKE_PREFIX_PATH}:/home/pi/ros2_humble/install/rqt_bag_plugins:/home/pi/ros2_humble/install/rqt_bag:/home/pi/ros2_humble/install/ros2bag:/home/pi/ros2_humble/install/tracetools_test:/home/pi/ros2_humble/install/tracetools_launch:/home/pi/ros2_humble/install/topic_monitor:/home/pi/ros2_humble/install/tf2_tools:/home/pi/ros2_humble/install/examples_tf2_py:/home/pi/ros2_humble/install/tf2_ros_py:/home/pi/ros2_humble/install/sros2:/home/pi/ros2_humble/install/rqt_topic:/home/pi/ros2_humble/install/rqt_srv:/home/pi/ros2_humble/install/rqt_shell:/home/pi/ros2_humble/install/rqt_service_caller:/home/pi/ros2_humble/install/rqt_reconfigure:/home/pi/ros2_humble/install/rqt_py_console:/home/pi/ros2_humble/install/rqt_publisher:/home/pi/ros2_humble/install/rqt_plot:/home/pi/ros2_humble/install/rqt_action:/home/pi/ros2_humble/install/rqt_msg:/home/pi/ros2_humble/install/rqt_console:/home/pi/ros2_humble/install/rqt:/home/pi/ros2_humble/install/rqt_graph:/home/pi/ros2_humble/install/rqt_gui_py:/home/pi/ros2_humble/install/rqt_gui:/home/pi/ros2_humble/install/ros2trace:/home/pi/ros2_humble/install/ros2topic:/home/pi/ros2_humble/install/ros2test:/home/pi/ros2_humble/install/ros2component:/home/pi/ros2_humble/install/ros2param:/home/pi/ros2_humble/install/ros2lifecycle:/home/pi/ros2_humble/install/ros2service:/home/pi/ros2_humble/install/ros2run:/home/pi/ros2_humble/install/ros2launch:/home/pi/ros2_humble/install/ros2pkg:/home/pi/ros2_humble/install/ros2node:/home/pi/ros2_humble/install/ros2multicast:/home/pi/ros2_humble/install/ros2interface:/home/pi/ros2_humble/install/ros2doctor:/home/pi/ros2_humble/install/ros2action:/home/pi/ros2_humble/install/ros2cli:/home/pi/ros2_humble/install/quality_of_service_demo_py:/home/pi/ros2_humble/install/lifecycle_py:/home/pi/ros2_humble/install/launch_testing_ros:/home/pi/ros2_humble/install/launch_ros:/home/pi/ros2_humble/install/examples_rclpy_pointcloud_publisher:/home/pi/ros2_humble/install/examples_rclpy_minimal_subscriber:/home/pi/ros2_humble/install/examples_rclpy_minimal_service:/home/pi/ros2_humble/install/examples_rclpy_minimal_publisher:/home/pi/ros2_humble/install/examples_rclpy_minimal_client:/home/pi/ros2_humble/install/examples_rclpy_minimal_action_server:/home/pi/ros2_humble/install/examples_rclpy_minimal_action_client:/home/pi/ros2_humble/install/examples_rclpy_guard_conditions:/home/pi/ros2_humble/install/examples_rclpy_executors:/home/pi/ros2_humble/install/demo_nodes_py:/home/pi/ros2_humble/install/action_tutorials_py:/home/pi/ros2_humble/install/ament_uncrustify:/home/pi/ros2_humble/install/tracetools_trace:/home/pi/ros2_humble/install/tracetools_read:/home/pi/ros2_humble/install/test_tracetools_launch:/home/pi/ros2_humble/install/test_launch_ros:/home/pi/ros2_humble/install/sensor_msgs_py:/home/pi/ros2_humble/install/rpyutils:/home/pi/ros2_humble/install/rosidl_runtime_py:/home/pi/ros2_humble/install/rosidl_cli:/home/pi/ros2_humble/install/launch_pytest:/home/pi/ros2_humble/install/launch_testing:/home/pi/ros2_humble/install/launch_yaml:/home/pi/ros2_humble/install/launch_xml:/home/pi/ros2_humble/install/launch:/home/pi/ros2_humble/install/osrf_pycommon:/home/pi/ros2_humble/install/launch_testing_examples:/home/pi/ros2_humble/install/domain_coordinator:/home/pi/ros2_humble/install/ament_xmllint:/home/pi/ros2_humble/install/ament_pyflakes:/home/pi/ros2_humble/install/ament_pycodestyle:/home/pi/ros2_humble/install/ament_pep257:/home/pi/ros2_humble/install/ament_pclint:/home/pi/ros2_humble/install/ament_package:/home/pi/ros2_humble/install/ament_mypy:/home/pi/ros2_humble/install/ament_lint_cmake:/home/pi/ros2_humble/install/ament_flake8:/home/pi/ros2_humble/install/ament_copyright:/home/pi/ros2_humble/install/ament_lint:/home/pi/ros2_humble/install/ament_index_python:/home/pi/ros2_humble/install/ament_cpplint:/home/pi/ros2_humble/install/ament_cppcheck:/home/pi/ros2_humble/install/ament_clang_tidy:/home/pi/ros2_humble/install/ament_clang_format:/opt/ros/humble /usr/bin/cmake --install /home/pi/axior_ws/src/axior_software/build/aruco_msgs
