[0.284s] Invoking command in '/home/pi/axior_ws/src/axior_software/build/aruco_msgs': CMAKE_PREFIX_PATH=${CMAKE_PREFIX_PATH}:/home/pi/ros2_humble/install/rqt_bag_plugins:/home/pi/ros2_humble/install/rqt_bag:/home/pi/ros2_humble/install/ros2bag:/home/pi/ros2_humble/install/tracetools_test:/home/pi/ros2_humble/install/tracetools_launch:/home/pi/ros2_humble/install/topic_monitor:/home/pi/ros2_humble/install/tf2_tools:/home/pi/ros2_humble/install/examples_tf2_py:/home/pi/ros2_humble/install/tf2_ros_py:/home/pi/ros2_humble/install/sros2:/home/pi/ros2_humble/install/rqt_topic:/home/pi/ros2_humble/install/rqt_srv:/home/pi/ros2_humble/install/rqt_shell:/home/pi/ros2_humble/install/rqt_service_caller:/home/pi/ros2_humble/install/rqt_reconfigure:/home/pi/ros2_humble/install/rqt_py_console:/home/pi/ros2_humble/install/rqt_publisher:/home/pi/ros2_humble/install/rqt_plot:/home/pi/ros2_humble/install/rqt_action:/home/pi/ros2_humble/install/rqt_msg:/home/pi/ros2_humble/install/rqt_console:/home/pi/ros2_humble/install/rqt:/home/pi/ros2_humble/install/rqt_graph:/home/pi/ros2_humble/install/rqt_gui_py:/home/pi/ros2_humble/install/rqt_gui:/home/pi/ros2_humble/install/ros2trace:/home/pi/ros2_humble/install/ros2topic:/home/pi/ros2_humble/install/ros2test:/home/pi/ros2_humble/install/ros2component:/home/pi/ros2_humble/install/ros2param:/home/pi/ros2_humble/install/ros2lifecycle:/home/pi/ros2_humble/install/ros2service:/home/pi/ros2_humble/install/ros2run:/home/pi/ros2_humble/install/ros2launch:/home/pi/ros2_humble/install/ros2pkg:/home/pi/ros2_humble/install/ros2node:/home/pi/ros2_humble/install/ros2multicast:/home/pi/ros2_humble/install/ros2interface:/home/pi/ros2_humble/install/ros2doctor:/home/pi/ros2_humble/install/ros2action:/home/pi/ros2_humble/install/ros2cli:/home/pi/ros2_humble/install/quality_of_service_demo_py:/home/pi/ros2_humble/install/lifecycle_py:/home/pi/ros2_humble/install/launch_testing_ros:/home/pi/ros2_humble/install/launch_ros:/home/pi/ros2_humble/install/examples_rclpy_pointcloud_publisher:/home/pi/ros2_humble/install/examples_rclpy_minimal_subscriber:/home/pi/ros2_humble/install/examples_rclpy_minimal_service:/home/pi/ros2_humble/install/examples_rclpy_minimal_publisher:/home/pi/ros2_humble/install/examples_rclpy_minimal_client:/home/pi/ros2_humble/install/examples_rclpy_minimal_action_server:/home/pi/ros2_humble/install/examples_rclpy_minimal_action_client:/home/pi/ros2_humble/install/examples_rclpy_guard_conditions:/home/pi/ros2_humble/install/examples_rclpy_executors:/home/pi/ros2_humble/install/demo_nodes_py:/home/pi/ros2_humble/install/action_tutorials_py:/home/pi/ros2_humble/install/ament_uncrustify:/home/pi/ros2_humble/install/tracetools_trace:/home/pi/ros2_humble/install/tracetools_read:/home/pi/ros2_humble/install/test_tracetools_launch:/home/pi/ros2_humble/install/test_launch_ros:/home/pi/ros2_humble/install/sensor_msgs_py:/home/pi/ros2_humble/install/rpyutils:/home/pi/ros2_humble/install/rosidl_runtime_py:/home/pi/ros2_humble/install/rosidl_cli:/home/pi/ros2_humble/install/launch_pytest:/home/pi/ros2_humble/install/launch_testing:/home/pi/ros2_humble/install/launch_yaml:/home/pi/ros2_humble/install/launch_xml:/home/pi/ros2_humble/install/launch:/home/pi/ros2_humble/install/osrf_pycommon:/home/pi/ros2_humble/install/launch_testing_examples:/home/pi/ros2_humble/install/domain_coordinator:/home/pi/ros2_humble/install/ament_xmllint:/home/pi/ros2_humble/install/ament_pyflakes:/home/pi/ros2_humble/install/ament_pycodestyle:/home/pi/ros2_humble/install/ament_pep257:/home/pi/ros2_humble/install/ament_pclint:/home/pi/ros2_humble/install/ament_package:/home/pi/ros2_humble/install/ament_mypy:/home/pi/ros2_humble/install/ament_lint_cmake:/home/pi/ros2_humble/install/ament_flake8:/home/pi/ros2_humble/install/ament_copyright:/home/pi/ros2_humble/install/ament_lint:/home/pi/ros2_humble/install/ament_index_python:/home/pi/ros2_humble/install/ament_cpplint:/home/pi/ros2_humble/install/ament_cppcheck:/home/pi/ros2_humble/install/ament_clang_tidy:/home/pi/ros2_humble/install/ament_clang_format:/opt/ros/humble /usr/bin/cmake /home/pi/axior_ws/src/axior_software/packages/aruco_localization/aruco_msgs -DAMENT_CMAKE_SYMLINK_INSTALL=1 -DCMAKE_INSTALL_PREFIX=/home/pi/axior_ws/src/axior_software/install/aruco_msgs
[0.476s] -- Found ament_cmake: 1.3.8 (/opt/ros/humble/share/ament_cmake/cmake)
[3.425s] -- Override CMake install command with custom implementation using symlinks instead of copying resources
[3.456s] -- Found std_msgs: 4.2.3 (/opt/ros/humble/share/std_msgs/cmake)
[3.717s] -- Found rosidl_generator_c: 3.1.5 (/opt/ros/humble/share/rosidl_generator_c/cmake)
[3.734s] -- Found rosidl_adapter: 3.1.5 (/opt/ros/humble/share/rosidl_adapter/cmake)
[3.755s] -- Found rosidl_generator_cpp: 3.1.5 (/opt/ros/humble/share/rosidl_generator_cpp/cmake)
[3.904s] -- Using all available rosidl_typesupport_c: rosidl_typesupport_introspection_c;rosidl_typesupport_fastrtps_c
[4.070s] -- Using all available rosidl_typesupport_cpp: rosidl_typesupport_introspection_cpp;rosidl_typesupport_fastrtps_cpp
[4.386s] -- Found geometry_msgs: 4.2.3 (/opt/ros/humble/share/geometry_msgs/cmake)
[4.553s] -- Found rosidl_default_generators: 1.2.0 (/opt/ros/humble/share/rosidl_default_generators/cmake)
[10.662s] -- Found ament_cmake_ros: 0.10.0 (/opt/ros/humble/share/ament_cmake_ros/cmake)
[18.960s] -- Using all available rosidl_typesupport_c: rosidl_typesupport_introspection_c;rosidl_typesupport_fastrtps_c
[22.333s] -- Using all available rosidl_typesupport_cpp: rosidl_typesupport_introspection_cpp;rosidl_typesupport_fastrtps_cpp
[22.821s] -- Found python_cmake_module: 0.10.0 (/opt/ros/humble/share/python_cmake_module/cmake)
[23.311s] -- Using PYTHON_EXECUTABLE: /usr/bin/python3
[23.312s] -- Using PYTHON_INCLUDE_DIRS: /usr/include/python3.10
[23.312s] -- Using PYTHON_LIBRARIES: /usr/lib/aarch64-linux-gnu/libpython3.10.so
[25.657s] -- Found ament_lint_auto: 0.12.10 (/home/pi/ros2_humble/install/ament_lint_auto/share/ament_lint_auto/cmake)
[27.850s] -- Added test 'copyright' to check source files copyright and LICENSE
[27.931s] -- Added test 'lint_cmake' to check CMake code style
[28.001s] -- Added test 'xmllint' to check XML markup files
[28.138s] -- Configuring done
[28.345s] -- Generating done
[28.359s] -- Build files have been written to: /home/pi/axior_ws/src/axior_software/build/aruco_msgs
[28.390s] Invoked command in '/home/pi/axior_ws/src/axior_software/build/aruco_msgs' returned '0': CMAKE_PREFIX_PATH=${CMAKE_PREFIX_PATH}:/home/pi/ros2_humble/install/rqt_bag_plugins:/home/pi/ros2_humble/install/rqt_bag:/home/pi/ros2_humble/install/ros2bag:/home/pi/ros2_humble/install/tracetools_test:/home/pi/ros2_humble/install/tracetools_launch:/home/pi/ros2_humble/install/topic_monitor:/home/pi/ros2_humble/install/tf2_tools:/home/pi/ros2_humble/install/examples_tf2_py:/home/pi/ros2_humble/install/tf2_ros_py:/home/pi/ros2_humble/install/sros2:/home/pi/ros2_humble/install/rqt_topic:/home/pi/ros2_humble/install/rqt_srv:/home/pi/ros2_humble/install/rqt_shell:/home/pi/ros2_humble/install/rqt_service_caller:/home/pi/ros2_humble/install/rqt_reconfigure:/home/pi/ros2_humble/install/rqt_py_console:/home/pi/ros2_humble/install/rqt_publisher:/home/pi/ros2_humble/install/rqt_plot:/home/pi/ros2_humble/install/rqt_action:/home/pi/ros2_humble/install/rqt_msg:/home/pi/ros2_humble/install/rqt_console:/home/pi/ros2_humble/install/rqt:/home/pi/ros2_humble/install/rqt_graph:/home/pi/ros2_humble/install/rqt_gui_py:/home/pi/ros2_humble/install/rqt_gui:/home/pi/ros2_humble/install/ros2trace:/home/pi/ros2_humble/install/ros2topic:/home/pi/ros2_humble/install/ros2test:/home/pi/ros2_humble/install/ros2component:/home/pi/ros2_humble/install/ros2param:/home/pi/ros2_humble/install/ros2lifecycle:/home/pi/ros2_humble/install/ros2service:/home/pi/ros2_humble/install/ros2run:/home/pi/ros2_humble/install/ros2launch:/home/pi/ros2_humble/install/ros2pkg:/home/pi/ros2_humble/install/ros2node:/home/pi/ros2_humble/install/ros2multicast:/home/pi/ros2_humble/install/ros2interface:/home/pi/ros2_humble/install/ros2doctor:/home/pi/ros2_humble/install/ros2action:/home/pi/ros2_humble/install/ros2cli:/home/pi/ros2_humble/install/quality_of_service_demo_py:/home/pi/ros2_humble/install/lifecycle_py:/home/pi/ros2_humble/install/launch_testing_ros:/home/pi/ros2_humble/install/launch_ros:/home/pi/ros2_humble/install/examples_rclpy_pointcloud_publisher:/home/pi/ros2_humble/install/examples_rclpy_minimal_subscriber:/home/pi/ros2_humble/install/examples_rclpy_minimal_service:/home/pi/ros2_humble/install/examples_rclpy_minimal_publisher:/home/pi/ros2_humble/install/examples_rclpy_minimal_client:/home/pi/ros2_humble/install/examples_rclpy_minimal_action_server:/home/pi/ros2_humble/install/examples_rclpy_minimal_action_client:/home/pi/ros2_humble/install/examples_rclpy_guard_conditions:/home/pi/ros2_humble/install/examples_rclpy_executors:/home/pi/ros2_humble/install/demo_nodes_py:/home/pi/ros2_humble/install/action_tutorials_py:/home/pi/ros2_humble/install/ament_uncrustify:/home/pi/ros2_humble/install/tracetools_trace:/home/pi/ros2_humble/install/tracetools_read:/home/pi/ros2_humble/install/test_tracetools_launch:/home/pi/ros2_humble/install/test_launch_ros:/home/pi/ros2_humble/install/sensor_msgs_py:/home/pi/ros2_humble/install/rpyutils:/home/pi/ros2_humble/install/rosidl_runtime_py:/home/pi/ros2_humble/install/rosidl_cli:/home/pi/ros2_humble/install/launch_pytest:/home/pi/ros2_humble/install/launch_testing:/home/pi/ros2_humble/install/launch_yaml:/home/pi/ros2_humble/install/launch_xml:/home/pi/ros2_humble/install/launch:/home/pi/ros2_humble/install/osrf_pycommon:/home/pi/ros2_humble/install/launch_testing_examples:/home/pi/ros2_humble/install/domain_coordinator:/home/pi/ros2_humble/install/ament_xmllint:/home/pi/ros2_humble/install/ament_pyflakes:/home/pi/ros2_humble/install/ament_pycodestyle:/home/pi/ros2_humble/install/ament_pep257:/home/pi/ros2_humble/install/ament_pclint:/home/pi/ros2_humble/install/ament_package:/home/pi/ros2_humble/install/ament_mypy:/home/pi/ros2_humble/install/ament_lint_cmake:/home/pi/ros2_humble/install/ament_flake8:/home/pi/ros2_humble/install/ament_copyright:/home/pi/ros2_humble/install/ament_lint:/home/pi/ros2_humble/install/ament_index_python:/home/pi/ros2_humble/install/ament_cpplint:/home/pi/ros2_humble/install/ament_cppcheck:/home/pi/ros2_humble/install/ament_clang_tidy:/home/pi/ros2_humble/install/ament_clang_format:/opt/ros/humble /usr/bin/cmake /home/pi/axior_ws/src/axior_software/packages/aruco_localization/aruco_msgs -DAMENT_CMAKE_SYMLINK_INSTALL=1 -DCMAKE_INSTALL_PREFIX=/home/pi/axior_ws/src/axior_software/install/aruco_msgs
[28.410s] Invoking command in '/home/pi/axior_ws/src/axior_software/build/aruco_msgs': CMAKE_PREFIX_PATH=${CMAKE_PREFIX_PATH}:/home/pi/ros2_humble/install/rqt_bag_plugins:/home/pi/ros2_humble/install/rqt_bag:/home/pi/ros2_humble/install/ros2bag:/home/pi/ros2_humble/install/tracetools_test:/home/pi/ros2_humble/install/tracetools_launch:/home/pi/ros2_humble/install/topic_monitor:/home/pi/ros2_humble/install/tf2_tools:/home/pi/ros2_humble/install/examples_tf2_py:/home/pi/ros2_humble/install/tf2_ros_py:/home/pi/ros2_humble/install/sros2:/home/pi/ros2_humble/install/rqt_topic:/home/pi/ros2_humble/install/rqt_srv:/home/pi/ros2_humble/install/rqt_shell:/home/pi/ros2_humble/install/rqt_service_caller:/home/pi/ros2_humble/install/rqt_reconfigure:/home/pi/ros2_humble/install/rqt_py_console:/home/pi/ros2_humble/install/rqt_publisher:/home/pi/ros2_humble/install/rqt_plot:/home/pi/ros2_humble/install/rqt_action:/home/pi/ros2_humble/install/rqt_msg:/home/pi/ros2_humble/install/rqt_console:/home/pi/ros2_humble/install/rqt:/home/pi/ros2_humble/install/rqt_graph:/home/pi/ros2_humble/install/rqt_gui_py:/home/pi/ros2_humble/install/rqt_gui:/home/pi/ros2_humble/install/ros2trace:/home/pi/ros2_humble/install/ros2topic:/home/pi/ros2_humble/install/ros2test:/home/pi/ros2_humble/install/ros2component:/home/pi/ros2_humble/install/ros2param:/home/pi/ros2_humble/install/ros2lifecycle:/home/pi/ros2_humble/install/ros2service:/home/pi/ros2_humble/install/ros2run:/home/pi/ros2_humble/install/ros2launch:/home/pi/ros2_humble/install/ros2pkg:/home/pi/ros2_humble/install/ros2node:/home/pi/ros2_humble/install/ros2multicast:/home/pi/ros2_humble/install/ros2interface:/home/pi/ros2_humble/install/ros2doctor:/home/pi/ros2_humble/install/ros2action:/home/pi/ros2_humble/install/ros2cli:/home/pi/ros2_humble/install/quality_of_service_demo_py:/home/pi/ros2_humble/install/lifecycle_py:/home/pi/ros2_humble/install/launch_testing_ros:/home/pi/ros2_humble/install/launch_ros:/home/pi/ros2_humble/install/examples_rclpy_pointcloud_publisher:/home/pi/ros2_humble/install/examples_rclpy_minimal_subscriber:/home/pi/ros2_humble/install/examples_rclpy_minimal_service:/home/pi/ros2_humble/install/examples_rclpy_minimal_publisher:/home/pi/ros2_humble/install/examples_rclpy_minimal_client:/home/pi/ros2_humble/install/examples_rclpy_minimal_action_server:/home/pi/ros2_humble/install/examples_rclpy_minimal_action_client:/home/pi/ros2_humble/install/examples_rclpy_guard_conditions:/home/pi/ros2_humble/install/examples_rclpy_executors:/home/pi/ros2_humble/install/demo_nodes_py:/home/pi/ros2_humble/install/action_tutorials_py:/home/pi/ros2_humble/install/ament_uncrustify:/home/pi/ros2_humble/install/tracetools_trace:/home/pi/ros2_humble/install/tracetools_read:/home/pi/ros2_humble/install/test_tracetools_launch:/home/pi/ros2_humble/install/test_launch_ros:/home/pi/ros2_humble/install/sensor_msgs_py:/home/pi/ros2_humble/install/rpyutils:/home/pi/ros2_humble/install/rosidl_runtime_py:/home/pi/ros2_humble/install/rosidl_cli:/home/pi/ros2_humble/install/launch_pytest:/home/pi/ros2_humble/install/launch_testing:/home/pi/ros2_humble/install/launch_yaml:/home/pi/ros2_humble/install/launch_xml:/home/pi/ros2_humble/install/launch:/home/pi/ros2_humble/install/osrf_pycommon:/home/pi/ros2_humble/install/launch_testing_examples:/home/pi/ros2_humble/install/domain_coordinator:/home/pi/ros2_humble/install/ament_xmllint:/home/pi/ros2_humble/install/ament_pyflakes:/home/pi/ros2_humble/install/ament_pycodestyle:/home/pi/ros2_humble/install/ament_pep257:/home/pi/ros2_humble/install/ament_pclint:/home/pi/ros2_humble/install/ament_package:/home/pi/ros2_humble/install/ament_mypy:/home/pi/ros2_humble/install/ament_lint_cmake:/home/pi/ros2_humble/install/ament_flake8:/home/pi/ros2_humble/install/ament_copyright:/home/pi/ros2_humble/install/ament_lint:/home/pi/ros2_humble/install/ament_index_python:/home/pi/ros2_humble/install/ament_cpplint:/home/pi/ros2_humble/install/ament_cppcheck:/home/pi/ros2_humble/install/ament_clang_tidy:/home/pi/ros2_humble/install/ament_clang_format:/opt/ros/humble /usr/bin/cmake --build /home/pi/axior_ws/src/axior_software/build/aruco_msgs -- -j4 -l4
[29.295s] [  2%] [34m[1mGenerating C code for ROS interfaces[0m
[29.521s] [  5%] [34m[1mGenerating C++ code for ROS interfaces[0m
[29.736s] [  5%] Built target ament_cmake_python_symlink_aruco_msgs
[33.165s] [  5%] Built target aruco_msgs__cpp
[33.412s] [  7%] [32mBuilding C object CMakeFiles/aruco_msgs__rosidl_generator_c.dir/rosidl_generator_c/aruco_msgs/msg/detail/marker__functions.c.o[0m
[33.425s] running egg_info
[33.431s] [ 10%] [34m[1mGenerating C++ introspection for ROS interfaces[0m
[33.436s] creating aruco_msgs.egg-info
[33.439s] writing aruco_msgs.egg-info/PKG-INFO
[33.442s] writing dependency_links to aruco_msgs.egg-info/dependency_links.txt
[33.445s] [ 12%] [34m[1mGenerating C++ type support dispatch for ROS interfaces[0m
[33.448s] writing top-level names to aruco_msgs.egg-info/top_level.txt
[33.451s] writing manifest file 'aruco_msgs.egg-info/SOURCES.txt'
[33.464s] reading manifest file 'aruco_msgs.egg-info/SOURCES.txt'
[33.469s] writing manifest file 'aruco_msgs.egg-info/SOURCES.txt'
[33.930s] [ 12%] Built target ament_cmake_python_build_aruco_msgs_egg
[34.206s] [ 15%] [34m[1mGenerating C++ type support for eProsima Fast-RTPS[0m
[34.625s] [ 17%] [32mBuilding C object CMakeFiles/aruco_msgs__rosidl_generator_c.dir/rosidl_generator_c/aruco_msgs/msg/detail/marker_array__functions.c.o[0m
[35.685s] [ 20%] [32m[1mLinking C shared library libaruco_msgs__rosidl_generator_c.so[0m
[36.451s] [ 20%] Built target aruco_msgs__rosidl_generator_c
[36.698s] [ 23%] [34m[1mGenerating C introspection for ROS interfaces[0m
[36.734s] [ 25%] [32mBuilding CXX object CMakeFiles/aruco_msgs__rosidl_typesupport_cpp.dir/rosidl_typesupport_cpp/aruco_msgs/msg/marker__type_support.cpp.o[0m
[37.021s] [ 28%] [32mBuilding CXX object CMakeFiles/aruco_msgs__rosidl_typesupport_introspection_cpp.dir/rosidl_typesupport_introspection_cpp/aruco_msgs/msg/detail/marker__type_support.cpp.o[0m
[38.019s] [ 30%] [32mBuilding CXX object CMakeFiles/aruco_msgs__rosidl_typesupport_fastrtps_cpp.dir/rosidl_typesupport_fastrtps_cpp/aruco_msgs/msg/detail/dds_fastrtps/marker__type_support.cpp.o[0m
[39.328s] [ 33%] [32mBuilding CXX object CMakeFiles/aruco_msgs__rosidl_typesupport_cpp.dir/rosidl_typesupport_cpp/aruco_msgs/msg/marker_array__type_support.cpp.o[0m
[40.244s] [ 35%] [32mBuilding CXX object CMakeFiles/aruco_msgs__rosidl_typesupport_introspection_cpp.dir/rosidl_typesupport_introspection_cpp/aruco_msgs/msg/detail/marker_array__type_support.cpp.o[0m
[40.750s] [ 38%] [32mBuilding C object CMakeFiles/aruco_msgs__rosidl_typesupport_introspection_c.dir/rosidl_typesupport_introspection_c/aruco_msgs/msg/detail/marker__type_support.c.o[0m
[41.424s] [ 41%] [32mBuilding CXX object CMakeFiles/aruco_msgs__rosidl_typesupport_fastrtps_cpp.dir/rosidl_typesupport_fastrtps_cpp/aruco_msgs/msg/detail/dds_fastrtps/marker_array__type_support.cpp.o[0m
[41.736s] [ 43%] [32m[1mLinking CXX shared library libaruco_msgs__rosidl_typesupport_cpp.so[0m
[41.767s] [ 46%] [32mBuilding C object CMakeFiles/aruco_msgs__rosidl_typesupport_introspection_c.dir/rosidl_typesupport_introspection_c/aruco_msgs/msg/detail/marker_array__type_support.c.o[0m
[42.392s] [ 46%] Built target aruco_msgs__rosidl_typesupport_cpp
[42.659s] [ 48%] [34m[1mGenerating C type support dispatch for ROS interfaces[0m
[42.778s] [ 51%] [32m[1mLinking C shared library libaruco_msgs__rosidl_typesupport_introspection_c.so[0m
[43.324s] [ 53%] [32m[1mLinking CXX shared library libaruco_msgs__rosidl_typesupport_introspection_cpp.so[0m
[43.460s] [ 53%] Built target aruco_msgs__rosidl_typesupport_introspection_c
[43.742s] [ 56%] [34m[1mGenerating C type support for eProsima Fast-RTPS[0m
[44.287s] [ 56%] Built target aruco_msgs__rosidl_typesupport_introspection_cpp
[44.798s] [ 58%] [32m[1mLinking CXX shared library libaruco_msgs__rosidl_typesupport_fastrtps_cpp.so[0m
[45.655s] [ 58%] Built target aruco_msgs__rosidl_typesupport_fastrtps_cpp
[45.925s] [ 61%] [32mBuilding CXX object CMakeFiles/aruco_msgs__rosidl_typesupport_c.dir/rosidl_typesupport_c/aruco_msgs/msg/marker__type_support.cpp.o[0m
[45.941s] [ 64%] [32mBuilding CXX object CMakeFiles/aruco_msgs__rosidl_typesupport_c.dir/rosidl_typesupport_c/aruco_msgs/msg/marker_array__type_support.cpp.o[0m
[46.789s] [ 66%] [32m[1mLinking CXX shared library libaruco_msgs__rosidl_typesupport_c.so[0m
[47.125s] [ 69%] [32mBuilding CXX object CMakeFiles/aruco_msgs__rosidl_typesupport_fastrtps_c.dir/rosidl_typesupport_fastrtps_c/aruco_msgs/msg/detail/marker__type_support_c.cpp.o[0m
[47.130s] [ 71%] [32mBuilding CXX object CMakeFiles/aruco_msgs__rosidl_typesupport_fastrtps_c.dir/rosidl_typesupport_fastrtps_c/aruco_msgs/msg/detail/marker_array__type_support_c.cpp.o[0m
[47.391s] [ 71%] Built target aruco_msgs__rosidl_typesupport_c
[49.542s] [ 74%] [32m[1mLinking CXX shared library libaruco_msgs__rosidl_typesupport_fastrtps_c.so[0m
[50.300s] [ 74%] Built target aruco_msgs__rosidl_typesupport_fastrtps_c
[50.787s] [ 74%] Built target aruco_msgs
[51.271s] [ 76%] [34m[1mGenerating Python code for ROS interfaces[0m
[54.503s] [ 76%] Built target aruco_msgs__py
[54.985s] [ 79%] [32mBuilding C object CMakeFiles/aruco_msgs__rosidl_generator_py.dir/rosidl_generator_py/aruco_msgs/msg/_marker_s.c.o[0m
[54.998s] [ 82%] [32mBuilding C object CMakeFiles/aruco_msgs__rosidl_generator_py.dir/rosidl_generator_py/aruco_msgs/msg/_marker_array_s.c.o[0m
[56.285s] [ 84%] [32m[1mLinking C shared library rosidl_generator_py/aruco_msgs/libaruco_msgs__rosidl_generator_py.so[0m
[56.903s] [ 84%] Built target aruco_msgs__rosidl_generator_py
[57.392s] [ 87%] [32mBuilding C object CMakeFiles/aruco_msgs__rosidl_typesupport_introspection_c__pyext.dir/rosidl_generator_py/aruco_msgs/_aruco_msgs_s.ep.rosidl_typesupport_introspection_c.c.o[0m
[57.403s] [ 89%] [32mBuilding C object CMakeFiles/aruco_msgs__rosidl_typesupport_fastrtps_c__pyext.dir/rosidl_generator_py/aruco_msgs/_aruco_msgs_s.ep.rosidl_typesupport_fastrtps_c.c.o[0m
[57.422s] [ 92%] [32mBuilding C object CMakeFiles/aruco_msgs__rosidl_typesupport_c__pyext.dir/rosidl_generator_py/aruco_msgs/_aruco_msgs_s.ep.rosidl_typesupport_c.c.o[0m
[58.644s] [ 94%] [32m[1mLinking C shared library rosidl_generator_py/aruco_msgs/aruco_msgs_s__rosidl_typesupport_introspection_c.cpython-310-aarch64-linux-gnu.so[0m
[58.647s] [ 97%] [32m[1mLinking C shared library rosidl_generator_py/aruco_msgs/aruco_msgs_s__rosidl_typesupport_fastrtps_c.cpython-310-aarch64-linux-gnu.so[0m
[58.679s] [100%] [32m[1mLinking C shared library rosidl_generator_py/aruco_msgs/aruco_msgs_s__rosidl_typesupport_c.cpython-310-aarch64-linux-gnu.so[0m
[59.357s] [100%] Built target aruco_msgs__rosidl_typesupport_fastrtps_c__pyext
[59.360s] [100%] Built target aruco_msgs__rosidl_typesupport_introspection_c__pyext
[59.382s] [100%] Built target aruco_msgs__rosidl_typesupport_c__pyext
[59.565s] Invoked command in '/home/pi/axior_ws/src/axior_software/build/aruco_msgs' returned '0': CMAKE_PREFIX_PATH=${CMAKE_PREFIX_PATH}:/home/pi/ros2_humble/install/rqt_bag_plugins:/home/pi/ros2_humble/install/rqt_bag:/home/pi/ros2_humble/install/ros2bag:/home/pi/ros2_humble/install/tracetools_test:/home/pi/ros2_humble/install/tracetools_launch:/home/pi/ros2_humble/install/topic_monitor:/home/pi/ros2_humble/install/tf2_tools:/home/pi/ros2_humble/install/examples_tf2_py:/home/pi/ros2_humble/install/tf2_ros_py:/home/pi/ros2_humble/install/sros2:/home/pi/ros2_humble/install/rqt_topic:/home/pi/ros2_humble/install/rqt_srv:/home/pi/ros2_humble/install/rqt_shell:/home/pi/ros2_humble/install/rqt_service_caller:/home/pi/ros2_humble/install/rqt_reconfigure:/home/pi/ros2_humble/install/rqt_py_console:/home/pi/ros2_humble/install/rqt_publisher:/home/pi/ros2_humble/install/rqt_plot:/home/pi/ros2_humble/install/rqt_action:/home/pi/ros2_humble/install/rqt_msg:/home/pi/ros2_humble/install/rqt_console:/home/pi/ros2_humble/install/rqt:/home/pi/ros2_humble/install/rqt_graph:/home/pi/ros2_humble/install/rqt_gui_py:/home/pi/ros2_humble/install/rqt_gui:/home/pi/ros2_humble/install/ros2trace:/home/pi/ros2_humble/install/ros2topic:/home/pi/ros2_humble/install/ros2test:/home/pi/ros2_humble/install/ros2component:/home/pi/ros2_humble/install/ros2param:/home/pi/ros2_humble/install/ros2lifecycle:/home/pi/ros2_humble/install/ros2service:/home/pi/ros2_humble/install/ros2run:/home/pi/ros2_humble/install/ros2launch:/home/pi/ros2_humble/install/ros2pkg:/home/pi/ros2_humble/install/ros2node:/home/pi/ros2_humble/install/ros2multicast:/home/pi/ros2_humble/install/ros2interface:/home/pi/ros2_humble/install/ros2doctor:/home/pi/ros2_humble/install/ros2action:/home/pi/ros2_humble/install/ros2cli:/home/pi/ros2_humble/install/quality_of_service_demo_py:/home/pi/ros2_humble/install/lifecycle_py:/home/pi/ros2_humble/install/launch_testing_ros:/home/pi/ros2_humble/install/launch_ros:/home/pi/ros2_humble/install/examples_rclpy_pointcloud_publisher:/home/pi/ros2_humble/install/examples_rclpy_minimal_subscriber:/home/pi/ros2_humble/install/examples_rclpy_minimal_service:/home/pi/ros2_humble/install/examples_rclpy_minimal_publisher:/home/pi/ros2_humble/install/examples_rclpy_minimal_client:/home/pi/ros2_humble/install/examples_rclpy_minimal_action_server:/home/pi/ros2_humble/install/examples_rclpy_minimal_action_client:/home/pi/ros2_humble/install/examples_rclpy_guard_conditions:/home/pi/ros2_humble/install/examples_rclpy_executors:/home/pi/ros2_humble/install/demo_nodes_py:/home/pi/ros2_humble/install/action_tutorials_py:/home/pi/ros2_humble/install/ament_uncrustify:/home/pi/ros2_humble/install/tracetools_trace:/home/pi/ros2_humble/install/tracetools_read:/home/pi/ros2_humble/install/test_tracetools_launch:/home/pi/ros2_humble/install/test_launch_ros:/home/pi/ros2_humble/install/sensor_msgs_py:/home/pi/ros2_humble/install/rpyutils:/home/pi/ros2_humble/install/rosidl_runtime_py:/home/pi/ros2_humble/install/rosidl_cli:/home/pi/ros2_humble/install/launch_pytest:/home/pi/ros2_humble/install/launch_testing:/home/pi/ros2_humble/install/launch_yaml:/home/pi/ros2_humble/install/launch_xml:/home/pi/ros2_humble/install/launch:/home/pi/ros2_humble/install/osrf_pycommon:/home/pi/ros2_humble/install/launch_testing_examples:/home/pi/ros2_humble/install/domain_coordinator:/home/pi/ros2_humble/install/ament_xmllint:/home/pi/ros2_humble/install/ament_pyflakes:/home/pi/ros2_humble/install/ament_pycodestyle:/home/pi/ros2_humble/install/ament_pep257:/home/pi/ros2_humble/install/ament_pclint:/home/pi/ros2_humble/install/ament_package:/home/pi/ros2_humble/install/ament_mypy:/home/pi/ros2_humble/install/ament_lint_cmake:/home/pi/ros2_humble/install/ament_flake8:/home/pi/ros2_humble/install/ament_copyright:/home/pi/ros2_humble/install/ament_lint:/home/pi/ros2_humble/install/ament_index_python:/home/pi/ros2_humble/install/ament_cpplint:/home/pi/ros2_humble/install/ament_cppcheck:/home/pi/ros2_humble/install/ament_clang_tidy:/home/pi/ros2_humble/install/ament_clang_format:/opt/ros/humble /usr/bin/cmake --build /home/pi/axior_ws/src/axior_software/build/aruco_msgs -- -j4 -l4
[62.947s] Invoking command in '/home/pi/axior_ws/src/axior_software/build/aruco_msgs': CMAKE_PREFIX_PATH=${CMAKE_PREFIX_PATH}:/home/pi/ros2_humble/install/rqt_bag_plugins:/home/pi/ros2_humble/install/rqt_bag:/home/pi/ros2_humble/install/ros2bag:/home/pi/ros2_humble/install/tracetools_test:/home/pi/ros2_humble/install/tracetools_launch:/home/pi/ros2_humble/install/topic_monitor:/home/pi/ros2_humble/install/tf2_tools:/home/pi/ros2_humble/install/examples_tf2_py:/home/pi/ros2_humble/install/tf2_ros_py:/home/pi/ros2_humble/install/sros2:/home/pi/ros2_humble/install/rqt_topic:/home/pi/ros2_humble/install/rqt_srv:/home/pi/ros2_humble/install/rqt_shell:/home/pi/ros2_humble/install/rqt_service_caller:/home/pi/ros2_humble/install/rqt_reconfigure:/home/pi/ros2_humble/install/rqt_py_console:/home/pi/ros2_humble/install/rqt_publisher:/home/pi/ros2_humble/install/rqt_plot:/home/pi/ros2_humble/install/rqt_action:/home/pi/ros2_humble/install/rqt_msg:/home/pi/ros2_humble/install/rqt_console:/home/pi/ros2_humble/install/rqt:/home/pi/ros2_humble/install/rqt_graph:/home/pi/ros2_humble/install/rqt_gui_py:/home/pi/ros2_humble/install/rqt_gui:/home/pi/ros2_humble/install/ros2trace:/home/pi/ros2_humble/install/ros2topic:/home/pi/ros2_humble/install/ros2test:/home/pi/ros2_humble/install/ros2component:/home/pi/ros2_humble/install/ros2param:/home/pi/ros2_humble/install/ros2lifecycle:/home/pi/ros2_humble/install/ros2service:/home/pi/ros2_humble/install/ros2run:/home/pi/ros2_humble/install/ros2launch:/home/pi/ros2_humble/install/ros2pkg:/home/pi/ros2_humble/install/ros2node:/home/pi/ros2_humble/install/ros2multicast:/home/pi/ros2_humble/install/ros2interface:/home/pi/ros2_humble/install/ros2doctor:/home/pi/ros2_humble/install/ros2action:/home/pi/ros2_humble/install/ros2cli:/home/pi/ros2_humble/install/quality_of_service_demo_py:/home/pi/ros2_humble/install/lifecycle_py:/home/pi/ros2_humble/install/launch_testing_ros:/home/pi/ros2_humble/install/launch_ros:/home/pi/ros2_humble/install/examples_rclpy_pointcloud_publisher:/home/pi/ros2_humble/install/examples_rclpy_minimal_subscriber:/home/pi/ros2_humble/install/examples_rclpy_minimal_service:/home/pi/ros2_humble/install/examples_rclpy_minimal_publisher:/home/pi/ros2_humble/install/examples_rclpy_minimal_client:/home/pi/ros2_humble/install/examples_rclpy_minimal_action_server:/home/pi/ros2_humble/install/examples_rclpy_minimal_action_client:/home/pi/ros2_humble/install/examples_rclpy_guard_conditions:/home/pi/ros2_humble/install/examples_rclpy_executors:/home/pi/ros2_humble/install/demo_nodes_py:/home/pi/ros2_humble/install/action_tutorials_py:/home/pi/ros2_humble/install/ament_uncrustify:/home/pi/ros2_humble/install/tracetools_trace:/home/pi/ros2_humble/install/tracetools_read:/home/pi/ros2_humble/install/test_tracetools_launch:/home/pi/ros2_humble/install/test_launch_ros:/home/pi/ros2_humble/install/sensor_msgs_py:/home/pi/ros2_humble/install/rpyutils:/home/pi/ros2_humble/install/rosidl_runtime_py:/home/pi/ros2_humble/install/rosidl_cli:/home/pi/ros2_humble/install/launch_pytest:/home/pi/ros2_humble/install/launch_testing:/home/pi/ros2_humble/install/launch_yaml:/home/pi/ros2_humble/install/launch_xml:/home/pi/ros2_humble/install/launch:/home/pi/ros2_humble/install/osrf_pycommon:/home/pi/ros2_humble/install/launch_testing_examples:/home/pi/ros2_humble/install/domain_coordinator:/home/pi/ros2_humble/install/ament_xmllint:/home/pi/ros2_humble/install/ament_pyflakes:/home/pi/ros2_humble/install/ament_pycodestyle:/home/pi/ros2_humble/install/ament_pep257:/home/pi/ros2_humble/install/ament_pclint:/home/pi/ros2_humble/install/ament_package:/home/pi/ros2_humble/install/ament_mypy:/home/pi/ros2_humble/install/ament_lint_cmake:/home/pi/ros2_humble/install/ament_flake8:/home/pi/ros2_humble/install/ament_copyright:/home/pi/ros2_humble/install/ament_lint:/home/pi/ros2_humble/install/ament_index_python:/home/pi/ros2_humble/install/ament_cpplint:/home/pi/ros2_humble/install/ament_cppcheck:/home/pi/ros2_humble/install/ament_clang_tidy:/home/pi/ros2_humble/install/ament_clang_format:/opt/ros/humble /usr/bin/cmake --install /home/pi/axior_ws/src/axior_software/build/aruco_msgs
[63.096s] -- Install configuration: ""
[63.098s] -- Execute custom install script
[63.101s] -- Symlinking: /home/pi/axior_ws/src/axior_software/install/aruco_msgs/share/ament_index/resource_index/rosidl_interfaces/aruco_msgs
[63.270s] -- Symlinking: /home/pi/axior_ws/src/axior_software/install/aruco_msgs/include/aruco_msgs/aruco_msgs/msg/detail/marker__functions.h
[63.437s] -- Symlinking: /home/pi/axior_ws/src/axior_software/install/aruco_msgs/include/aruco_msgs/aruco_msgs/msg/detail/marker__struct.h
[63.600s] -- Symlinking: /home/pi/axior_ws/src/axior_software/install/aruco_msgs/include/aruco_msgs/aruco_msgs/msg/detail/marker__type_support.h
[63.773s] -- Symlinking: /home/pi/axior_ws/src/axior_software/install/aruco_msgs/include/aruco_msgs/aruco_msgs/msg/detail/marker_array__functions.h
[63.939s] -- Symlinking: /home/pi/axior_ws/src/axior_software/install/aruco_msgs/include/aruco_msgs/aruco_msgs/msg/detail/marker_array__struct.h
[64.103s] -- Symlinking: /home/pi/axior_ws/src/axior_software/install/aruco_msgs/include/aruco_msgs/aruco_msgs/msg/detail/marker_array__type_support.h
[64.271s] -- Symlinking: /home/pi/axior_ws/src/axior_software/install/aruco_msgs/include/aruco_msgs/aruco_msgs/msg/marker.h
[64.435s] -- Symlinking: /home/pi/axior_ws/src/axior_software/install/aruco_msgs/include/aruco_msgs/aruco_msgs/msg/marker_array.h
[64.602s] -- Symlinking: /home/pi/axior_ws/src/axior_software/install/aruco_msgs/include/aruco_msgs/aruco_msgs/msg/rosidl_generator_c__visibility_control.h
[64.772s] -- Symlinking: /home/pi/axior_ws/src/axior_software/install/aruco_msgs/share/aruco_msgs/environment/library_path.sh
[64.942s] -- Symlinking: /home/pi/axior_ws/src/axior_software/install/aruco_msgs/share/aruco_msgs/environment/library_path.dsv
[65.114s] -- Symlinking: /home/pi/axior_ws/src/axior_software/install/aruco_msgs/include/aruco_msgs/aruco_msgs/msg/detail/marker__rosidl_typesupport_fastrtps_c.h
[65.280s] -- Symlinking: /home/pi/axior_ws/src/axior_software/install/aruco_msgs/include/aruco_msgs/aruco_msgs/msg/detail/marker_array__rosidl_typesupport_fastrtps_c.h
[65.447s] -- Symlinking: /home/pi/axior_ws/src/axior_software/install/aruco_msgs/include/aruco_msgs/aruco_msgs/msg/rosidl_typesupport_fastrtps_c__visibility_control.h
[65.619s] -- Symlinking: /home/pi/axior_ws/src/axior_software/install/aruco_msgs/include/aruco_msgs/aruco_msgs/msg/detail/marker__builder.hpp
[65.790s] -- Symlinking: /home/pi/axior_ws/src/axior_software/install/aruco_msgs/include/aruco_msgs/aruco_msgs/msg/detail/marker__struct.hpp
[65.954s] -- Symlinking: /home/pi/axior_ws/src/axior_software/install/aruco_msgs/include/aruco_msgs/aruco_msgs/msg/detail/marker__traits.hpp
[66.123s] -- Symlinking: /home/pi/axior_ws/src/axior_software/install/aruco_msgs/include/aruco_msgs/aruco_msgs/msg/detail/marker_array__builder.hpp
[66.288s] -- Symlinking: /home/pi/axior_ws/src/axior_software/install/aruco_msgs/include/aruco_msgs/aruco_msgs/msg/detail/marker_array__struct.hpp
[66.454s] -- Symlinking: /home/pi/axior_ws/src/axior_software/install/aruco_msgs/include/aruco_msgs/aruco_msgs/msg/detail/marker_array__traits.hpp
[66.618s] -- Symlinking: /home/pi/axior_ws/src/axior_software/install/aruco_msgs/include/aruco_msgs/aruco_msgs/msg/marker.hpp
[66.785s] -- Symlinking: /home/pi/axior_ws/src/axior_software/install/aruco_msgs/include/aruco_msgs/aruco_msgs/msg/marker_array.hpp
[66.953s] -- Symlinking: /home/pi/axior_ws/src/axior_software/install/aruco_msgs/include/aruco_msgs/aruco_msgs/msg/detail/marker__rosidl_typesupport_fastrtps_cpp.hpp
[67.125s] -- Symlinking: /home/pi/axior_ws/src/axior_software/install/aruco_msgs/include/aruco_msgs/aruco_msgs/msg/detail/marker_array__rosidl_typesupport_fastrtps_cpp.hpp
[67.292s] -- Symlinking: /home/pi/axior_ws/src/axior_software/install/aruco_msgs/include/aruco_msgs/aruco_msgs/msg/rosidl_typesupport_fastrtps_cpp__visibility_control.h
[67.458s] -- Symlinking: /home/pi/axior_ws/src/axior_software/install/aruco_msgs/include/aruco_msgs/aruco_msgs/msg/detail/marker__rosidl_typesupport_introspection_c.h
[67.625s] -- Symlinking: /home/pi/axior_ws/src/axior_software/install/aruco_msgs/include/aruco_msgs/aruco_msgs/msg/detail/marker_array__rosidl_typesupport_introspection_c.h
[67.792s] -- Symlinking: /home/pi/axior_ws/src/axior_software/install/aruco_msgs/include/aruco_msgs/aruco_msgs/msg/rosidl_typesupport_introspection_c__visibility_control.h
[67.963s] -- Symlinking: /home/pi/axior_ws/src/axior_software/install/aruco_msgs/include/aruco_msgs/aruco_msgs/msg/detail/marker__rosidl_typesupport_introspection_cpp.hpp
[68.131s] -- Symlinking: /home/pi/axior_ws/src/axior_software/install/aruco_msgs/include/aruco_msgs/aruco_msgs/msg/detail/marker_array__rosidl_typesupport_introspection_cpp.hpp
[68.297s] -- Symlinking: /home/pi/axior_ws/src/axior_software/install/aruco_msgs/share/aruco_msgs/environment/pythonpath.sh
[68.465s] -- Symlinking: /home/pi/axior_ws/src/axior_software/install/aruco_msgs/share/aruco_msgs/environment/pythonpath.dsv
[68.633s] -- Symlinking: /home/pi/axior_ws/src/axior_software/install/aruco_msgs/local/lib/python3.10/dist-packages/aruco_msgs-5.0.4-py3.10.egg-info/PKG-INFO
[68.808s] -- Symlinking: /home/pi/axior_ws/src/axior_software/install/aruco_msgs/local/lib/python3.10/dist-packages/aruco_msgs-5.0.4-py3.10.egg-info/SOURCES.txt
[68.988s] -- Symlinking: /home/pi/axior_ws/src/axior_software/install/aruco_msgs/local/lib/python3.10/dist-packages/aruco_msgs-5.0.4-py3.10.egg-info/dependency_links.txt
[69.150s] -- Symlinking: /home/pi/axior_ws/src/axior_software/install/aruco_msgs/local/lib/python3.10/dist-packages/aruco_msgs-5.0.4-py3.10.egg-info/top_level.txt
[69.320s] -- Symlinking: /home/pi/axior_ws/src/axior_software/install/aruco_msgs/local/lib/python3.10/dist-packages/aruco_msgs/__init__.py
[69.489s] -- Symlinking: /home/pi/axior_ws/src/axior_software/install/aruco_msgs/local/lib/python3.10/dist-packages/aruco_msgs/_aruco_msgs_s.ep.rosidl_typesupport_c.c
[69.658s] -- Symlinking: /home/pi/axior_ws/src/axior_software/install/aruco_msgs/local/lib/python3.10/dist-packages/aruco_msgs/_aruco_msgs_s.ep.rosidl_typesupport_fastrtps_c.c
[69.825s] -- Symlinking: /home/pi/axior_ws/src/axior_software/install/aruco_msgs/local/lib/python3.10/dist-packages/aruco_msgs/_aruco_msgs_s.ep.rosidl_typesupport_introspection_c.c
[69.990s] -- Symlinking: /home/pi/axior_ws/src/axior_software/install/aruco_msgs/local/lib/python3.10/dist-packages/aruco_msgs/aruco_msgs_s__rosidl_typesupport_c.cpython-310-aarch64-linux-gnu.so
[70.157s] -- Symlinking: /home/pi/axior_ws/src/axior_software/install/aruco_msgs/local/lib/python3.10/dist-packages/aruco_msgs/aruco_msgs_s__rosidl_typesupport_fastrtps_c.cpython-310-aarch64-linux-gnu.so
[70.321s] -- Symlinking: /home/pi/axior_ws/src/axior_software/install/aruco_msgs/local/lib/python3.10/dist-packages/aruco_msgs/aruco_msgs_s__rosidl_typesupport_introspection_c.cpython-310-aarch64-linux-gnu.so
[70.486s] -- Symlinking: /home/pi/axior_ws/src/axior_software/install/aruco_msgs/local/lib/python3.10/dist-packages/aruco_msgs/libaruco_msgs__rosidl_generator_py.so
[70.656s] -- Symlinking: /home/pi/axior_ws/src/axior_software/install/aruco_msgs/local/lib/python3.10/dist-packages/aruco_msgs/msg/__init__.py
[70.821s] -- Symlinking: /home/pi/axior_ws/src/axior_software/install/aruco_msgs/local/lib/python3.10/dist-packages/aruco_msgs/msg/_marker.py
[70.990s] -- Symlinking: /home/pi/axior_ws/src/axior_software/install/aruco_msgs/local/lib/python3.10/dist-packages/aruco_msgs/msg/_marker_array.py
[71.159s] -- Symlinking: /home/pi/axior_ws/src/axior_software/install/aruco_msgs/local/lib/python3.10/dist-packages/aruco_msgs/msg/_marker_array_s.c
[71.324s] -- Symlinking: /home/pi/axior_ws/src/axior_software/install/aruco_msgs/local/lib/python3.10/dist-packages/aruco_msgs/msg/_marker_s.c
[71.494s] -- Up-to-date symlink: /home/pi/axior_ws/src/axior_software/install/aruco_msgs/local/lib/python3.10/dist-packages/aruco_msgs/aruco_msgs_s__rosidl_typesupport_introspection_c.cpython-310-aarch64-linux-gnu.so
[71.496s] -- Up-to-date symlink: /home/pi/axior_ws/src/axior_software/install/aruco_msgs/local/lib/python3.10/dist-packages/aruco_msgs/aruco_msgs_s__rosidl_typesupport_fastrtps_c.cpython-310-aarch64-linux-gnu.so
[71.498s] -- Up-to-date symlink: /home/pi/axior_ws/src/axior_software/install/aruco_msgs/local/lib/python3.10/dist-packages/aruco_msgs/aruco_msgs_s__rosidl_typesupport_c.cpython-310-aarch64-linux-gnu.so
[71.499s] -- Symlinking: /home/pi/axior_ws/src/axior_software/install/aruco_msgs/share/aruco_msgs/msg/Marker.idl
[71.665s] -- Symlinking: /home/pi/axior_ws/src/axior_software/install/aruco_msgs/share/aruco_msgs/msg/MarkerArray.idl
[71.832s] -- Symlinking: /home/pi/axior_ws/src/axior_software/install/aruco_msgs/share/aruco_msgs/msg/Marker.msg
[72.000s] -- Symlinking: /home/pi/axior_ws/src/axior_software/install/aruco_msgs/share/aruco_msgs/msg/MarkerArray.msg
[72.170s] -- Symlinking: /home/pi/axior_ws/src/axior_software/install/aruco_msgs/share/ament_index/resource_index/package_run_dependencies/aruco_msgs
[72.336s] -- Symlinking: /home/pi/axior_ws/src/axior_software/install/aruco_msgs/share/ament_index/resource_index/parent_prefix_path/aruco_msgs
[72.503s] -- Symlinking: /home/pi/axior_ws/src/axior_software/install/aruco_msgs/share/aruco_msgs/environment/ament_prefix_path.sh
[72.669s] -- Symlinking: /home/pi/axior_ws/src/axior_software/install/aruco_msgs/share/aruco_msgs/environment/ament_prefix_path.dsv
[72.837s] -- Symlinking: /home/pi/axior_ws/src/axior_software/install/aruco_msgs/share/aruco_msgs/environment/path.sh
[73.004s] -- Symlinking: /home/pi/axior_ws/src/axior_software/install/aruco_msgs/share/aruco_msgs/environment/path.dsv
[73.168s] -- Symlinking: /home/pi/axior_ws/src/axior_software/install/aruco_msgs/share/aruco_msgs/local_setup.bash
[73.340s] -- Symlinking: /home/pi/axior_ws/src/axior_software/install/aruco_msgs/share/aruco_msgs/local_setup.sh
[73.504s] -- Symlinking: /home/pi/axior_ws/src/axior_software/install/aruco_msgs/share/aruco_msgs/local_setup.zsh
[73.673s] -- Symlinking: /home/pi/axior_ws/src/axior_software/install/aruco_msgs/share/aruco_msgs/local_setup.dsv
[73.845s] -- Symlinking: /home/pi/axior_ws/src/axior_software/install/aruco_msgs/share/aruco_msgs/package.dsv
[74.011s] -- Symlinking: /home/pi/axior_ws/src/axior_software/install/aruco_msgs/share/ament_index/resource_index/packages/aruco_msgs
[74.175s] -- Symlinking: /home/pi/axior_ws/src/axior_software/install/aruco_msgs/share/aruco_msgs/cmake/rosidl_cmake-extras.cmake
[74.342s] -- Symlinking: /home/pi/axior_ws/src/axior_software/install/aruco_msgs/share/aruco_msgs/cmake/ament_cmake_export_dependencies-extras.cmake
[74.507s] -- Symlinking: /home/pi/axior_ws/src/axior_software/install/aruco_msgs/share/aruco_msgs/cmake/ament_cmake_export_include_directories-extras.cmake
[74.676s] -- Symlinking: /home/pi/axior_ws/src/axior_software/install/aruco_msgs/share/aruco_msgs/cmake/ament_cmake_export_libraries-extras.cmake
[74.847s] -- Symlinking: /home/pi/axior_ws/src/axior_software/install/aruco_msgs/share/aruco_msgs/cmake/ament_cmake_export_targets-extras.cmake
[75.018s] -- Symlinking: /home/pi/axior_ws/src/axior_software/install/aruco_msgs/share/aruco_msgs/cmake/rosidl_cmake_export_typesupport_targets-extras.cmake
[75.185s] -- Symlinking: /home/pi/axior_ws/src/axior_software/install/aruco_msgs/share/aruco_msgs/cmake/rosidl_cmake_export_typesupport_libraries-extras.cmake
[75.353s] -- Symlinking: /home/pi/axior_ws/src/axior_software/install/aruco_msgs/share/aruco_msgs/cmake/aruco_msgsConfig.cmake
[75.522s] -- Symlinking: /home/pi/axior_ws/src/axior_software/install/aruco_msgs/share/aruco_msgs/cmake/aruco_msgsConfig-version.cmake
[75.688s] -- Symlinking: /home/pi/axior_ws/src/axior_software/install/aruco_msgs/share/aruco_msgs/package.xml
[75.855s] -- Installing: /home/pi/axior_ws/src/axior_software/install/aruco_msgs/lib/libaruco_msgs__rosidl_generator_c.so
[75.858s] -- Set runtime path of "/home/pi/axior_ws/src/axior_software/install/aruco_msgs/lib/libaruco_msgs__rosidl_generator_c.so" to ""
[75.859s] -- Installing: /home/pi/axior_ws/src/axior_software/install/aruco_msgs/lib/libaruco_msgs__rosidl_typesupport_fastrtps_c.so
[75.862s] -- Set runtime path of "/home/pi/axior_ws/src/axior_software/install/aruco_msgs/lib/libaruco_msgs__rosidl_typesupport_fastrtps_c.so" to ""
[75.862s] -- Installing: /home/pi/axior_ws/src/axior_software/install/aruco_msgs/lib/libaruco_msgs__rosidl_typesupport_fastrtps_cpp.so
[75.868s] -- Set runtime path of "/home/pi/axior_ws/src/axior_software/install/aruco_msgs/lib/libaruco_msgs__rosidl_typesupport_fastrtps_cpp.so" to ""
[75.868s] -- Installing: /home/pi/axior_ws/src/axior_software/install/aruco_msgs/lib/libaruco_msgs__rosidl_typesupport_introspection_c.so
[75.871s] -- Set runtime path of "/home/pi/axior_ws/src/axior_software/install/aruco_msgs/lib/libaruco_msgs__rosidl_typesupport_introspection_c.so" to ""
[75.872s] -- Installing: /home/pi/axior_ws/src/axior_software/install/aruco_msgs/lib/libaruco_msgs__rosidl_typesupport_c.so
[75.875s] -- Set runtime path of "/home/pi/axior_ws/src/axior_software/install/aruco_msgs/lib/libaruco_msgs__rosidl_typesupport_c.so" to ""
[75.876s] -- Installing: /home/pi/axior_ws/src/axior_software/install/aruco_msgs/lib/libaruco_msgs__rosidl_typesupport_introspection_cpp.so
[75.882s] -- Set runtime path of "/home/pi/axior_ws/src/axior_software/install/aruco_msgs/lib/libaruco_msgs__rosidl_typesupport_introspection_cpp.so" to ""
[75.882s] -- Installing: /home/pi/axior_ws/src/axior_software/install/aruco_msgs/lib/libaruco_msgs__rosidl_typesupport_cpp.so
[75.883s] -- Set runtime path of "/home/pi/axior_ws/src/axior_software/install/aruco_msgs/lib/libaruco_msgs__rosidl_typesupport_cpp.so" to ""
[76.817s] Listing '/home/pi/axior_ws/src/axior_software/install/aruco_msgs/local/lib/python3.10/dist-packages/aruco_msgs'...
[76.819s] Compiling '/home/pi/axior_ws/src/axior_software/install/aruco_msgs/local/lib/python3.10/dist-packages/aruco_msgs/__init__.py'...
[76.820s] Listing '/home/pi/axior_ws/src/axior_software/install/aruco_msgs/local/lib/python3.10/dist-packages/aruco_msgs/msg'...
[76.822s] Compiling '/home/pi/axior_ws/src/axior_software/install/aruco_msgs/local/lib/python3.10/dist-packages/aruco_msgs/msg/__init__.py'...
[76.823s] Compiling '/home/pi/axior_ws/src/axior_software/install/aruco_msgs/local/lib/python3.10/dist-packages/aruco_msgs/msg/_marker.py'...
[76.824s] Compiling '/home/pi/axior_ws/src/axior_software/install/aruco_msgs/local/lib/python3.10/dist-packages/aruco_msgs/msg/_marker_array.py'...
[76.845s] -- Installing: /home/pi/axior_ws/src/axior_software/install/aruco_msgs/lib/libaruco_msgs__rosidl_generator_py.so
[76.848s] -- Set runtime path of "/home/pi/axior_ws/src/axior_software/install/aruco_msgs/lib/libaruco_msgs__rosidl_generator_py.so" to ""
[76.848s] -- Installing: /home/pi/axior_ws/src/axior_software/install/aruco_msgs/share/aruco_msgs/cmake/export_aruco_msgs__rosidl_generator_cExport.cmake
[76.850s] -- Installing: /home/pi/axior_ws/src/axior_software/install/aruco_msgs/share/aruco_msgs/cmake/export_aruco_msgs__rosidl_generator_cExport-noconfig.cmake
[76.852s] -- Installing: /home/pi/axior_ws/src/axior_software/install/aruco_msgs/share/aruco_msgs/cmake/export_aruco_msgs__rosidl_typesupport_fastrtps_cExport.cmake
[76.853s] -- Installing: /home/pi/axior_ws/src/axior_software/install/aruco_msgs/share/aruco_msgs/cmake/export_aruco_msgs__rosidl_typesupport_fastrtps_cExport-noconfig.cmake
[76.855s] -- Installing: /home/pi/axior_ws/src/axior_software/install/aruco_msgs/share/aruco_msgs/cmake/export_aruco_msgs__rosidl_generator_cppExport.cmake
[76.857s] -- Installing: /home/pi/axior_ws/src/axior_software/install/aruco_msgs/share/aruco_msgs/cmake/export_aruco_msgs__rosidl_typesupport_fastrtps_cppExport.cmake
[76.859s] -- Installing: /home/pi/axior_ws/src/axior_software/install/aruco_msgs/share/aruco_msgs/cmake/export_aruco_msgs__rosidl_typesupport_fastrtps_cppExport-noconfig.cmake
[76.860s] -- Installing: /home/pi/axior_ws/src/axior_software/install/aruco_msgs/share/aruco_msgs/cmake/aruco_msgs__rosidl_typesupport_introspection_cExport.cmake
[76.862s] -- Installing: /home/pi/axior_ws/src/axior_software/install/aruco_msgs/share/aruco_msgs/cmake/aruco_msgs__rosidl_typesupport_introspection_cExport-noconfig.cmake
[76.864s] -- Installing: /home/pi/axior_ws/src/axior_software/install/aruco_msgs/share/aruco_msgs/cmake/aruco_msgs__rosidl_typesupport_cExport.cmake
[76.866s] -- Installing: /home/pi/axior_ws/src/axior_software/install/aruco_msgs/share/aruco_msgs/cmake/aruco_msgs__rosidl_typesupport_cExport-noconfig.cmake
[76.868s] -- Installing: /home/pi/axior_ws/src/axior_software/install/aruco_msgs/share/aruco_msgs/cmake/aruco_msgs__rosidl_typesupport_introspection_cppExport.cmake
[76.870s] -- Installing: /home/pi/axior_ws/src/axior_software/install/aruco_msgs/share/aruco_msgs/cmake/aruco_msgs__rosidl_typesupport_introspection_cppExport-noconfig.cmake
[76.872s] -- Installing: /home/pi/axior_ws/src/axior_software/install/aruco_msgs/share/aruco_msgs/cmake/aruco_msgs__rosidl_typesupport_cppExport.cmake
[76.873s] -- Installing: /home/pi/axior_ws/src/axior_software/install/aruco_msgs/share/aruco_msgs/cmake/aruco_msgs__rosidl_typesupport_cppExport-noconfig.cmake
[76.879s] -- Installing: /home/pi/axior_ws/src/axior_software/install/aruco_msgs/share/aruco_msgs/cmake/export_aruco_msgs__rosidl_generator_pyExport.cmake
[76.879s] -- Installing: /home/pi/axior_ws/src/axior_software/install/aruco_msgs/share/aruco_msgs/cmake/export_aruco_msgs__rosidl_generator_pyExport-noconfig.cmake
[76.888s] Invoked command in '/home/pi/axior_ws/src/axior_software/build/aruco_msgs' returned '0': CMAKE_PREFIX_PATH=${CMAKE_PREFIX_PATH}:/home/pi/ros2_humble/install/rqt_bag_plugins:/home/pi/ros2_humble/install/rqt_bag:/home/pi/ros2_humble/install/ros2bag:/home/pi/ros2_humble/install/tracetools_test:/home/pi/ros2_humble/install/tracetools_launch:/home/pi/ros2_humble/install/topic_monitor:/home/pi/ros2_humble/install/tf2_tools:/home/pi/ros2_humble/install/examples_tf2_py:/home/pi/ros2_humble/install/tf2_ros_py:/home/pi/ros2_humble/install/sros2:/home/pi/ros2_humble/install/rqt_topic:/home/pi/ros2_humble/install/rqt_srv:/home/pi/ros2_humble/install/rqt_shell:/home/pi/ros2_humble/install/rqt_service_caller:/home/pi/ros2_humble/install/rqt_reconfigure:/home/pi/ros2_humble/install/rqt_py_console:/home/pi/ros2_humble/install/rqt_publisher:/home/pi/ros2_humble/install/rqt_plot:/home/pi/ros2_humble/install/rqt_action:/home/pi/ros2_humble/install/rqt_msg:/home/pi/ros2_humble/install/rqt_console:/home/pi/ros2_humble/install/rqt:/home/pi/ros2_humble/install/rqt_graph:/home/pi/ros2_humble/install/rqt_gui_py:/home/pi/ros2_humble/install/rqt_gui:/home/pi/ros2_humble/install/ros2trace:/home/pi/ros2_humble/install/ros2topic:/home/pi/ros2_humble/install/ros2test:/home/pi/ros2_humble/install/ros2component:/home/pi/ros2_humble/install/ros2param:/home/pi/ros2_humble/install/ros2lifecycle:/home/pi/ros2_humble/install/ros2service:/home/pi/ros2_humble/install/ros2run:/home/pi/ros2_humble/install/ros2launch:/home/pi/ros2_humble/install/ros2pkg:/home/pi/ros2_humble/install/ros2node:/home/pi/ros2_humble/install/ros2multicast:/home/pi/ros2_humble/install/ros2interface:/home/pi/ros2_humble/install/ros2doctor:/home/pi/ros2_humble/install/ros2action:/home/pi/ros2_humble/install/ros2cli:/home/pi/ros2_humble/install/quality_of_service_demo_py:/home/pi/ros2_humble/install/lifecycle_py:/home/pi/ros2_humble/install/launch_testing_ros:/home/pi/ros2_humble/install/launch_ros:/home/pi/ros2_humble/install/examples_rclpy_pointcloud_publisher:/home/pi/ros2_humble/install/examples_rclpy_minimal_subscriber:/home/pi/ros2_humble/install/examples_rclpy_minimal_service:/home/pi/ros2_humble/install/examples_rclpy_minimal_publisher:/home/pi/ros2_humble/install/examples_rclpy_minimal_client:/home/pi/ros2_humble/install/examples_rclpy_minimal_action_server:/home/pi/ros2_humble/install/examples_rclpy_minimal_action_client:/home/pi/ros2_humble/install/examples_rclpy_guard_conditions:/home/pi/ros2_humble/install/examples_rclpy_executors:/home/pi/ros2_humble/install/demo_nodes_py:/home/pi/ros2_humble/install/action_tutorials_py:/home/pi/ros2_humble/install/ament_uncrustify:/home/pi/ros2_humble/install/tracetools_trace:/home/pi/ros2_humble/install/tracetools_read:/home/pi/ros2_humble/install/test_tracetools_launch:/home/pi/ros2_humble/install/test_launch_ros:/home/pi/ros2_humble/install/sensor_msgs_py:/home/pi/ros2_humble/install/rpyutils:/home/pi/ros2_humble/install/rosidl_runtime_py:/home/pi/ros2_humble/install/rosidl_cli:/home/pi/ros2_humble/install/launch_pytest:/home/pi/ros2_humble/install/launch_testing:/home/pi/ros2_humble/install/launch_yaml:/home/pi/ros2_humble/install/launch_xml:/home/pi/ros2_humble/install/launch:/home/pi/ros2_humble/install/osrf_pycommon:/home/pi/ros2_humble/install/launch_testing_examples:/home/pi/ros2_humble/install/domain_coordinator:/home/pi/ros2_humble/install/ament_xmllint:/home/pi/ros2_humble/install/ament_pyflakes:/home/pi/ros2_humble/install/ament_pycodestyle:/home/pi/ros2_humble/install/ament_pep257:/home/pi/ros2_humble/install/ament_pclint:/home/pi/ros2_humble/install/ament_package:/home/pi/ros2_humble/install/ament_mypy:/home/pi/ros2_humble/install/ament_lint_cmake:/home/pi/ros2_humble/install/ament_flake8:/home/pi/ros2_humble/install/ament_copyright:/home/pi/ros2_humble/install/ament_lint:/home/pi/ros2_humble/install/ament_index_python:/home/pi/ros2_humble/install/ament_cpplint:/home/pi/ros2_humble/install/ament_cppcheck:/home/pi/ros2_humble/install/ament_clang_tidy:/home/pi/ros2_humble/install/ament_clang_format:/opt/ros/humble /usr/bin/cmake --install /home/pi/axior_ws/src/axior_software/build/aruco_msgs
