[0.293s] Invoking command in '/home/pi/axior_ws/src/axior_software/build/aruco_msgs': CMAKE_PREFIX_PATH=${CMAKE_PREFIX_PATH}:/home/pi/ros2_humble/install/rqt_bag_plugins:/home/pi/ros2_humble/install/rqt_bag:/home/pi/ros2_humble/install/ros2bag:/home/pi/ros2_humble/install/tracetools_test:/home/pi/ros2_humble/install/tracetools_launch:/home/pi/ros2_humble/install/topic_monitor:/home/pi/ros2_humble/install/tf2_tools:/home/pi/ros2_humble/install/examples_tf2_py:/home/pi/ros2_humble/install/tf2_ros_py:/home/pi/ros2_humble/install/sros2:/home/pi/ros2_humble/install/rqt_topic:/home/pi/ros2_humble/install/rqt_srv:/home/pi/ros2_humble/install/rqt_shell:/home/pi/ros2_humble/install/rqt_service_caller:/home/pi/ros2_humble/install/rqt_reconfigure:/home/pi/ros2_humble/install/rqt_py_console:/home/pi/ros2_humble/install/rqt_publisher:/home/pi/ros2_humble/install/rqt_plot:/home/pi/ros2_humble/install/rqt_action:/home/pi/ros2_humble/install/rqt_msg:/home/pi/ros2_humble/install/rqt_console:/home/pi/ros2_humble/install/rqt:/home/pi/ros2_humble/install/rqt_graph:/home/pi/ros2_humble/install/rqt_gui_py:/home/pi/ros2_humble/install/rqt_gui:/home/pi/ros2_humble/install/ros2trace:/home/pi/ros2_humble/install/ros2topic:/home/pi/ros2_humble/install/ros2test:/home/pi/ros2_humble/install/ros2component:/home/pi/ros2_humble/install/ros2param:/home/pi/ros2_humble/install/ros2lifecycle:/home/pi/ros2_humble/install/ros2service:/home/pi/ros2_humble/install/ros2run:/home/pi/ros2_humble/install/ros2launch:/home/pi/ros2_humble/install/ros2pkg:/home/pi/ros2_humble/install/ros2node:/home/pi/ros2_humble/install/ros2multicast:/home/pi/ros2_humble/install/ros2interface:/home/pi/ros2_humble/install/ros2doctor:/home/pi/ros2_humble/install/ros2action:/home/pi/ros2_humble/install/ros2cli:/home/pi/ros2_humble/install/quality_of_service_demo_py:/home/pi/ros2_humble/install/lifecycle_py:/home/pi/ros2_humble/install/launch_testing_ros:/home/pi/ros2_humble/install/launch_ros:/home/pi/ros2_humble/install/examples_rclpy_pointcloud_publisher:/home/pi/ros2_humble/install/examples_rclpy_minimal_subscriber:/home/pi/ros2_humble/install/examples_rclpy_minimal_service:/home/pi/ros2_humble/install/examples_rclpy_minimal_publisher:/home/pi/ros2_humble/install/examples_rclpy_minimal_client:/home/pi/ros2_humble/install/examples_rclpy_minimal_action_server:/home/pi/ros2_humble/install/examples_rclpy_minimal_action_client:/home/pi/ros2_humble/install/examples_rclpy_guard_conditions:/home/pi/ros2_humble/install/examples_rclpy_executors:/home/pi/ros2_humble/install/demo_nodes_py:/home/pi/ros2_humble/install/action_tutorials_py:/home/pi/ros2_humble/install/ament_uncrustify:/home/pi/ros2_humble/install/tracetools_trace:/home/pi/ros2_humble/install/tracetools_read:/home/pi/ros2_humble/install/test_tracetools_launch:/home/pi/ros2_humble/install/test_launch_ros:/home/pi/ros2_humble/install/sensor_msgs_py:/home/pi/ros2_humble/install/rpyutils:/home/pi/ros2_humble/install/rosidl_runtime_py:/home/pi/ros2_humble/install/rosidl_cli:/home/pi/ros2_humble/install/launch_pytest:/home/pi/ros2_humble/install/launch_testing:/home/pi/ros2_humble/install/launch_yaml:/home/pi/ros2_humble/install/launch_xml:/home/pi/ros2_humble/install/launch:/home/pi/ros2_humble/install/osrf_pycommon:/home/pi/ros2_humble/install/launch_testing_examples:/home/pi/ros2_humble/install/domain_coordinator:/home/pi/ros2_humble/install/ament_xmllint:/home/pi/ros2_humble/install/ament_pyflakes:/home/pi/ros2_humble/install/ament_pycodestyle:/home/pi/ros2_humble/install/ament_pep257:/home/pi/ros2_humble/install/ament_pclint:/home/pi/ros2_humble/install/ament_package:/home/pi/ros2_humble/install/ament_mypy:/home/pi/ros2_humble/install/ament_lint_cmake:/home/pi/ros2_humble/install/ament_flake8:/home/pi/ros2_humble/install/ament_copyright:/home/pi/ros2_humble/install/ament_lint:/home/pi/ros2_humble/install/ament_index_python:/home/pi/ros2_humble/install/ament_cpplint:/home/pi/ros2_humble/install/ament_cppcheck:/home/pi/ros2_humble/install/ament_clang_tidy:/home/pi/ros2_humble/install/ament_clang_format:/opt/ros/humble /usr/bin/cmake /home/pi/axior_ws/src/axior_software/packages/aruco_localization/aruco_msgs -DCMAKE_INSTALL_PREFIX=/home/pi/axior_ws/src/axior_software/install/aruco_msgs
[0.459s] -- Found ament_cmake: 1.3.8 (/opt/ros/humble/share/ament_cmake/cmake)
[3.337s] -- Override CMake install command with custom implementation using symlinks instead of copying resources
[3.368s] -- Found std_msgs: 4.2.3 (/opt/ros/humble/share/std_msgs/cmake)
[3.611s] -- Found rosidl_generator_c: 3.1.5 (/opt/ros/humble/share/rosidl_generator_c/cmake)
[3.621s] -- Found rosidl_adapter: 3.1.5 (/opt/ros/humble/share/rosidl_adapter/cmake)
[3.649s] -- Found rosidl_generator_cpp: 3.1.5 (/opt/ros/humble/share/rosidl_generator_cpp/cmake)
[3.797s] -- Using all available rosidl_typesupport_c: rosidl_typesupport_introspection_c;rosidl_typesupport_fastrtps_c
[3.964s] -- Using all available rosidl_typesupport_cpp: rosidl_typesupport_introspection_cpp;rosidl_typesupport_fastrtps_cpp
[4.296s] -- Found geometry_msgs: 4.2.3 (/opt/ros/humble/share/geometry_msgs/cmake)
[4.469s] -- Found rosidl_default_generators: 1.2.0 (/opt/ros/humble/share/rosidl_default_generators/cmake)
[10.453s] -- Found ament_cmake_ros: 0.10.0 (/opt/ros/humble/share/ament_cmake_ros/cmake)
[18.773s] -- Using all available rosidl_typesupport_c: rosidl_typesupport_introspection_c;rosidl_typesupport_fastrtps_c
[22.134s] -- Using all available rosidl_typesupport_cpp: rosidl_typesupport_introspection_cpp;rosidl_typesupport_fastrtps_cpp
[22.628s] -- Found python_cmake_module: 0.10.0 (/opt/ros/humble/share/python_cmake_module/cmake)
[23.118s] -- Using PYTHON_EXECUTABLE: /usr/bin/python3
[23.119s] -- Using PYTHON_INCLUDE_DIRS: /usr/include/python3.10
[23.119s] -- Using PYTHON_LIBRARIES: /usr/lib/aarch64-linux-gnu/libpython3.10.so
[25.195s] -- Found ament_lint_auto: 0.12.10 (/home/pi/ros2_humble/install/ament_lint_auto/share/ament_lint_auto/cmake)
[25.258s] -- Added test 'copyright' to check source files copyright and LICENSE
[25.272s] -- Added test 'lint_cmake' to check CMake code style
[25.279s] -- Added test 'xmllint' to check XML markup files
[25.295s] -- Configuring done
[25.502s] -- Generating done
[25.524s] -- Build files have been written to: /home/pi/axior_ws/src/axior_software/build/aruco_msgs
[25.561s] Invoked command in '/home/pi/axior_ws/src/axior_software/build/aruco_msgs' returned '0': CMAKE_PREFIX_PATH=${CMAKE_PREFIX_PATH}:/home/pi/ros2_humble/install/rqt_bag_plugins:/home/pi/ros2_humble/install/rqt_bag:/home/pi/ros2_humble/install/ros2bag:/home/pi/ros2_humble/install/tracetools_test:/home/pi/ros2_humble/install/tracetools_launch:/home/pi/ros2_humble/install/topic_monitor:/home/pi/ros2_humble/install/tf2_tools:/home/pi/ros2_humble/install/examples_tf2_py:/home/pi/ros2_humble/install/tf2_ros_py:/home/pi/ros2_humble/install/sros2:/home/pi/ros2_humble/install/rqt_topic:/home/pi/ros2_humble/install/rqt_srv:/home/pi/ros2_humble/install/rqt_shell:/home/pi/ros2_humble/install/rqt_service_caller:/home/pi/ros2_humble/install/rqt_reconfigure:/home/pi/ros2_humble/install/rqt_py_console:/home/pi/ros2_humble/install/rqt_publisher:/home/pi/ros2_humble/install/rqt_plot:/home/pi/ros2_humble/install/rqt_action:/home/pi/ros2_humble/install/rqt_msg:/home/pi/ros2_humble/install/rqt_console:/home/pi/ros2_humble/install/rqt:/home/pi/ros2_humble/install/rqt_graph:/home/pi/ros2_humble/install/rqt_gui_py:/home/pi/ros2_humble/install/rqt_gui:/home/pi/ros2_humble/install/ros2trace:/home/pi/ros2_humble/install/ros2topic:/home/pi/ros2_humble/install/ros2test:/home/pi/ros2_humble/install/ros2component:/home/pi/ros2_humble/install/ros2param:/home/pi/ros2_humble/install/ros2lifecycle:/home/pi/ros2_humble/install/ros2service:/home/pi/ros2_humble/install/ros2run:/home/pi/ros2_humble/install/ros2launch:/home/pi/ros2_humble/install/ros2pkg:/home/pi/ros2_humble/install/ros2node:/home/pi/ros2_humble/install/ros2multicast:/home/pi/ros2_humble/install/ros2interface:/home/pi/ros2_humble/install/ros2doctor:/home/pi/ros2_humble/install/ros2action:/home/pi/ros2_humble/install/ros2cli:/home/pi/ros2_humble/install/quality_of_service_demo_py:/home/pi/ros2_humble/install/lifecycle_py:/home/pi/ros2_humble/install/launch_testing_ros:/home/pi/ros2_humble/install/launch_ros:/home/pi/ros2_humble/install/examples_rclpy_pointcloud_publisher:/home/pi/ros2_humble/install/examples_rclpy_minimal_subscriber:/home/pi/ros2_humble/install/examples_rclpy_minimal_service:/home/pi/ros2_humble/install/examples_rclpy_minimal_publisher:/home/pi/ros2_humble/install/examples_rclpy_minimal_client:/home/pi/ros2_humble/install/examples_rclpy_minimal_action_server:/home/pi/ros2_humble/install/examples_rclpy_minimal_action_client:/home/pi/ros2_humble/install/examples_rclpy_guard_conditions:/home/pi/ros2_humble/install/examples_rclpy_executors:/home/pi/ros2_humble/install/demo_nodes_py:/home/pi/ros2_humble/install/action_tutorials_py:/home/pi/ros2_humble/install/ament_uncrustify:/home/pi/ros2_humble/install/tracetools_trace:/home/pi/ros2_humble/install/tracetools_read:/home/pi/ros2_humble/install/test_tracetools_launch:/home/pi/ros2_humble/install/test_launch_ros:/home/pi/ros2_humble/install/sensor_msgs_py:/home/pi/ros2_humble/install/rpyutils:/home/pi/ros2_humble/install/rosidl_runtime_py:/home/pi/ros2_humble/install/rosidl_cli:/home/pi/ros2_humble/install/launch_pytest:/home/pi/ros2_humble/install/launch_testing:/home/pi/ros2_humble/install/launch_yaml:/home/pi/ros2_humble/install/launch_xml:/home/pi/ros2_humble/install/launch:/home/pi/ros2_humble/install/osrf_pycommon:/home/pi/ros2_humble/install/launch_testing_examples:/home/pi/ros2_humble/install/domain_coordinator:/home/pi/ros2_humble/install/ament_xmllint:/home/pi/ros2_humble/install/ament_pyflakes:/home/pi/ros2_humble/install/ament_pycodestyle:/home/pi/ros2_humble/install/ament_pep257:/home/pi/ros2_humble/install/ament_pclint:/home/pi/ros2_humble/install/ament_package:/home/pi/ros2_humble/install/ament_mypy:/home/pi/ros2_humble/install/ament_lint_cmake:/home/pi/ros2_humble/install/ament_flake8:/home/pi/ros2_humble/install/ament_copyright:/home/pi/ros2_humble/install/ament_lint:/home/pi/ros2_humble/install/ament_index_python:/home/pi/ros2_humble/install/ament_cpplint:/home/pi/ros2_humble/install/ament_cppcheck:/home/pi/ros2_humble/install/ament_clang_tidy:/home/pi/ros2_humble/install/ament_clang_format:/opt/ros/humble /usr/bin/cmake /home/pi/axior_ws/src/axior_software/packages/aruco_localization/aruco_msgs -DCMAKE_INSTALL_PREFIX=/home/pi/axior_ws/src/axior_software/install/aruco_msgs
[25.580s] Invoking command in '/home/pi/axior_ws/src/axior_software/build/aruco_msgs': CMAKE_PREFIX_PATH=${CMAKE_PREFIX_PATH}:/home/pi/ros2_humble/install/rqt_bag_plugins:/home/pi/ros2_humble/install/rqt_bag:/home/pi/ros2_humble/install/ros2bag:/home/pi/ros2_humble/install/tracetools_test:/home/pi/ros2_humble/install/tracetools_launch:/home/pi/ros2_humble/install/topic_monitor:/home/pi/ros2_humble/install/tf2_tools:/home/pi/ros2_humble/install/examples_tf2_py:/home/pi/ros2_humble/install/tf2_ros_py:/home/pi/ros2_humble/install/sros2:/home/pi/ros2_humble/install/rqt_topic:/home/pi/ros2_humble/install/rqt_srv:/home/pi/ros2_humble/install/rqt_shell:/home/pi/ros2_humble/install/rqt_service_caller:/home/pi/ros2_humble/install/rqt_reconfigure:/home/pi/ros2_humble/install/rqt_py_console:/home/pi/ros2_humble/install/rqt_publisher:/home/pi/ros2_humble/install/rqt_plot:/home/pi/ros2_humble/install/rqt_action:/home/pi/ros2_humble/install/rqt_msg:/home/pi/ros2_humble/install/rqt_console:/home/pi/ros2_humble/install/rqt:/home/pi/ros2_humble/install/rqt_graph:/home/pi/ros2_humble/install/rqt_gui_py:/home/pi/ros2_humble/install/rqt_gui:/home/pi/ros2_humble/install/ros2trace:/home/pi/ros2_humble/install/ros2topic:/home/pi/ros2_humble/install/ros2test:/home/pi/ros2_humble/install/ros2component:/home/pi/ros2_humble/install/ros2param:/home/pi/ros2_humble/install/ros2lifecycle:/home/pi/ros2_humble/install/ros2service:/home/pi/ros2_humble/install/ros2run:/home/pi/ros2_humble/install/ros2launch:/home/pi/ros2_humble/install/ros2pkg:/home/pi/ros2_humble/install/ros2node:/home/pi/ros2_humble/install/ros2multicast:/home/pi/ros2_humble/install/ros2interface:/home/pi/ros2_humble/install/ros2doctor:/home/pi/ros2_humble/install/ros2action:/home/pi/ros2_humble/install/ros2cli:/home/pi/ros2_humble/install/quality_of_service_demo_py:/home/pi/ros2_humble/install/lifecycle_py:/home/pi/ros2_humble/install/launch_testing_ros:/home/pi/ros2_humble/install/launch_ros:/home/pi/ros2_humble/install/examples_rclpy_pointcloud_publisher:/home/pi/ros2_humble/install/examples_rclpy_minimal_subscriber:/home/pi/ros2_humble/install/examples_rclpy_minimal_service:/home/pi/ros2_humble/install/examples_rclpy_minimal_publisher:/home/pi/ros2_humble/install/examples_rclpy_minimal_client:/home/pi/ros2_humble/install/examples_rclpy_minimal_action_server:/home/pi/ros2_humble/install/examples_rclpy_minimal_action_client:/home/pi/ros2_humble/install/examples_rclpy_guard_conditions:/home/pi/ros2_humble/install/examples_rclpy_executors:/home/pi/ros2_humble/install/demo_nodes_py:/home/pi/ros2_humble/install/action_tutorials_py:/home/pi/ros2_humble/install/ament_uncrustify:/home/pi/ros2_humble/install/tracetools_trace:/home/pi/ros2_humble/install/tracetools_read:/home/pi/ros2_humble/install/test_tracetools_launch:/home/pi/ros2_humble/install/test_launch_ros:/home/pi/ros2_humble/install/sensor_msgs_py:/home/pi/ros2_humble/install/rpyutils:/home/pi/ros2_humble/install/rosidl_runtime_py:/home/pi/ros2_humble/install/rosidl_cli:/home/pi/ros2_humble/install/launch_pytest:/home/pi/ros2_humble/install/launch_testing:/home/pi/ros2_humble/install/launch_yaml:/home/pi/ros2_humble/install/launch_xml:/home/pi/ros2_humble/install/launch:/home/pi/ros2_humble/install/osrf_pycommon:/home/pi/ros2_humble/install/launch_testing_examples:/home/pi/ros2_humble/install/domain_coordinator:/home/pi/ros2_humble/install/ament_xmllint:/home/pi/ros2_humble/install/ament_pyflakes:/home/pi/ros2_humble/install/ament_pycodestyle:/home/pi/ros2_humble/install/ament_pep257:/home/pi/ros2_humble/install/ament_pclint:/home/pi/ros2_humble/install/ament_package:/home/pi/ros2_humble/install/ament_mypy:/home/pi/ros2_humble/install/ament_lint_cmake:/home/pi/ros2_humble/install/ament_flake8:/home/pi/ros2_humble/install/ament_copyright:/home/pi/ros2_humble/install/ament_lint:/home/pi/ros2_humble/install/ament_index_python:/home/pi/ros2_humble/install/ament_cpplint:/home/pi/ros2_humble/install/ament_cppcheck:/home/pi/ros2_humble/install/ament_clang_tidy:/home/pi/ros2_humble/install/ament_clang_format:/opt/ros/humble /usr/bin/cmake --build /home/pi/axior_ws/src/axior_software/build/aruco_msgs -- -j4 -l4
[26.456s] [35m[1mConsolidate compiler generated dependencies of target aruco_msgs__rosidl_generator_c[0m
[26.683s] [  2%] Built target aruco_msgs__cpp
[26.725s] [ 12%] Built target aruco_msgs__rosidl_generator_c
[26.874s] [ 12%] Built target ament_cmake_python_symlink_aruco_msgs
[26.950s] [35m[1mConsolidate compiler generated dependencies of target aruco_msgs__rosidl_typesupport_cpp[0m
[26.976s] [35m[1mConsolidate compiler generated dependencies of target aruco_msgs__rosidl_typesupport_fastrtps_cpp[0m
[26.992s] [35m[1mConsolidate compiler generated dependencies of target aruco_msgs__rosidl_typesupport_introspection_cpp[0m
[27.172s] [35m[1mConsolidate compiler generated dependencies of target aruco_msgs__rosidl_typesupport_fastrtps_c[0m
[27.452s] [ 23%] Built target aruco_msgs__rosidl_typesupport_fastrtps_cpp
[27.500s] [ 33%] Built target aruco_msgs__rosidl_typesupport_cpp
[27.563s] [ 43%] Built target aruco_msgs__rosidl_typesupport_introspection_cpp
[27.884s] [ 53%] Built target aruco_msgs__rosidl_typesupport_fastrtps_c
[27.964s] [35m[1mConsolidate compiler generated dependencies of target aruco_msgs__rosidl_typesupport_introspection_c[0m
[27.988s] [35m[1mConsolidate compiler generated dependencies of target aruco_msgs__rosidl_typesupport_c[0m
[28.288s] [ 64%] Built target aruco_msgs__rosidl_typesupport_introspection_c
[28.301s] [ 74%] Built target aruco_msgs__rosidl_typesupport_c
[28.797s] [ 74%] Built target aruco_msgs
[29.309s] [ 76%] Built target aruco_msgs__py
[29.559s] [35m[1mConsolidate compiler generated dependencies of target aruco_msgs__rosidl_generator_py[0m
[29.838s] [ 84%] Built target aruco_msgs__rosidl_generator_py
[30.124s] [35m[1mConsolidate compiler generated dependencies of target aruco_msgs__rosidl_typesupport_fastrtps_c__pyext[0m
[30.126s] [35m[1mConsolidate compiler generated dependencies of target aruco_msgs__rosidl_typesupport_c__pyext[0m
[30.131s] [35m[1mConsolidate compiler generated dependencies of target aruco_msgs__rosidl_typesupport_introspection_c__pyext[0m
[30.558s] [ 89%] Built target aruco_msgs__rosidl_typesupport_fastrtps_c__pyext
[30.617s] [ 94%] Built target aruco_msgs__rosidl_typesupport_c__pyext
[30.662s] [100%] Built target aruco_msgs__rosidl_typesupport_introspection_c__pyext
[31.215s] running egg_info
[31.219s] writing aruco_msgs.egg-info/PKG-INFO
[31.220s] writing dependency_links to aruco_msgs.egg-info/dependency_links.txt
[31.221s] writing top-level names to aruco_msgs.egg-info/top_level.txt
[31.233s] reading manifest file 'aruco_msgs.egg-info/SOURCES.txt'
[31.236s] writing manifest file 'aruco_msgs.egg-info/SOURCES.txt'
[31.537s] [100%] Built target ament_cmake_python_build_aruco_msgs_egg
[31.720s] Invoked command in '/home/pi/axior_ws/src/axior_software/build/aruco_msgs' returned '0': CMAKE_PREFIX_PATH=${CMAKE_PREFIX_PATH}:/home/pi/ros2_humble/install/rqt_bag_plugins:/home/pi/ros2_humble/install/rqt_bag:/home/pi/ros2_humble/install/ros2bag:/home/pi/ros2_humble/install/tracetools_test:/home/pi/ros2_humble/install/tracetools_launch:/home/pi/ros2_humble/install/topic_monitor:/home/pi/ros2_humble/install/tf2_tools:/home/pi/ros2_humble/install/examples_tf2_py:/home/pi/ros2_humble/install/tf2_ros_py:/home/pi/ros2_humble/install/sros2:/home/pi/ros2_humble/install/rqt_topic:/home/pi/ros2_humble/install/rqt_srv:/home/pi/ros2_humble/install/rqt_shell:/home/pi/ros2_humble/install/rqt_service_caller:/home/pi/ros2_humble/install/rqt_reconfigure:/home/pi/ros2_humble/install/rqt_py_console:/home/pi/ros2_humble/install/rqt_publisher:/home/pi/ros2_humble/install/rqt_plot:/home/pi/ros2_humble/install/rqt_action:/home/pi/ros2_humble/install/rqt_msg:/home/pi/ros2_humble/install/rqt_console:/home/pi/ros2_humble/install/rqt:/home/pi/ros2_humble/install/rqt_graph:/home/pi/ros2_humble/install/rqt_gui_py:/home/pi/ros2_humble/install/rqt_gui:/home/pi/ros2_humble/install/ros2trace:/home/pi/ros2_humble/install/ros2topic:/home/pi/ros2_humble/install/ros2test:/home/pi/ros2_humble/install/ros2component:/home/pi/ros2_humble/install/ros2param:/home/pi/ros2_humble/install/ros2lifecycle:/home/pi/ros2_humble/install/ros2service:/home/pi/ros2_humble/install/ros2run:/home/pi/ros2_humble/install/ros2launch:/home/pi/ros2_humble/install/ros2pkg:/home/pi/ros2_humble/install/ros2node:/home/pi/ros2_humble/install/ros2multicast:/home/pi/ros2_humble/install/ros2interface:/home/pi/ros2_humble/install/ros2doctor:/home/pi/ros2_humble/install/ros2action:/home/pi/ros2_humble/install/ros2cli:/home/pi/ros2_humble/install/quality_of_service_demo_py:/home/pi/ros2_humble/install/lifecycle_py:/home/pi/ros2_humble/install/launch_testing_ros:/home/pi/ros2_humble/install/launch_ros:/home/pi/ros2_humble/install/examples_rclpy_pointcloud_publisher:/home/pi/ros2_humble/install/examples_rclpy_minimal_subscriber:/home/pi/ros2_humble/install/examples_rclpy_minimal_service:/home/pi/ros2_humble/install/examples_rclpy_minimal_publisher:/home/pi/ros2_humble/install/examples_rclpy_minimal_client:/home/pi/ros2_humble/install/examples_rclpy_minimal_action_server:/home/pi/ros2_humble/install/examples_rclpy_minimal_action_client:/home/pi/ros2_humble/install/examples_rclpy_guard_conditions:/home/pi/ros2_humble/install/examples_rclpy_executors:/home/pi/ros2_humble/install/demo_nodes_py:/home/pi/ros2_humble/install/action_tutorials_py:/home/pi/ros2_humble/install/ament_uncrustify:/home/pi/ros2_humble/install/tracetools_trace:/home/pi/ros2_humble/install/tracetools_read:/home/pi/ros2_humble/install/test_tracetools_launch:/home/pi/ros2_humble/install/test_launch_ros:/home/pi/ros2_humble/install/sensor_msgs_py:/home/pi/ros2_humble/install/rpyutils:/home/pi/ros2_humble/install/rosidl_runtime_py:/home/pi/ros2_humble/install/rosidl_cli:/home/pi/ros2_humble/install/launch_pytest:/home/pi/ros2_humble/install/launch_testing:/home/pi/ros2_humble/install/launch_yaml:/home/pi/ros2_humble/install/launch_xml:/home/pi/ros2_humble/install/launch:/home/pi/ros2_humble/install/osrf_pycommon:/home/pi/ros2_humble/install/launch_testing_examples:/home/pi/ros2_humble/install/domain_coordinator:/home/pi/ros2_humble/install/ament_xmllint:/home/pi/ros2_humble/install/ament_pyflakes:/home/pi/ros2_humble/install/ament_pycodestyle:/home/pi/ros2_humble/install/ament_pep257:/home/pi/ros2_humble/install/ament_pclint:/home/pi/ros2_humble/install/ament_package:/home/pi/ros2_humble/install/ament_mypy:/home/pi/ros2_humble/install/ament_lint_cmake:/home/pi/ros2_humble/install/ament_flake8:/home/pi/ros2_humble/install/ament_copyright:/home/pi/ros2_humble/install/ament_lint:/home/pi/ros2_humble/install/ament_index_python:/home/pi/ros2_humble/install/ament_cpplint:/home/pi/ros2_humble/install/ament_cppcheck:/home/pi/ros2_humble/install/ament_clang_tidy:/home/pi/ros2_humble/install/ament_clang_format:/opt/ros/humble /usr/bin/cmake --build /home/pi/axior_ws/src/axior_software/build/aruco_msgs -- -j4 -l4
[35.087s] Invoking command in '/home/pi/axior_ws/src/axior_software/build/aruco_msgs': CMAKE_PREFIX_PATH=${CMAKE_PREFIX_PATH}:/home/pi/ros2_humble/install/rqt_bag_plugins:/home/pi/ros2_humble/install/rqt_bag:/home/pi/ros2_humble/install/ros2bag:/home/pi/ros2_humble/install/tracetools_test:/home/pi/ros2_humble/install/tracetools_launch:/home/pi/ros2_humble/install/topic_monitor:/home/pi/ros2_humble/install/tf2_tools:/home/pi/ros2_humble/install/examples_tf2_py:/home/pi/ros2_humble/install/tf2_ros_py:/home/pi/ros2_humble/install/sros2:/home/pi/ros2_humble/install/rqt_topic:/home/pi/ros2_humble/install/rqt_srv:/home/pi/ros2_humble/install/rqt_shell:/home/pi/ros2_humble/install/rqt_service_caller:/home/pi/ros2_humble/install/rqt_reconfigure:/home/pi/ros2_humble/install/rqt_py_console:/home/pi/ros2_humble/install/rqt_publisher:/home/pi/ros2_humble/install/rqt_plot:/home/pi/ros2_humble/install/rqt_action:/home/pi/ros2_humble/install/rqt_msg:/home/pi/ros2_humble/install/rqt_console:/home/pi/ros2_humble/install/rqt:/home/pi/ros2_humble/install/rqt_graph:/home/pi/ros2_humble/install/rqt_gui_py:/home/pi/ros2_humble/install/rqt_gui:/home/pi/ros2_humble/install/ros2trace:/home/pi/ros2_humble/install/ros2topic:/home/pi/ros2_humble/install/ros2test:/home/pi/ros2_humble/install/ros2component:/home/pi/ros2_humble/install/ros2param:/home/pi/ros2_humble/install/ros2lifecycle:/home/pi/ros2_humble/install/ros2service:/home/pi/ros2_humble/install/ros2run:/home/pi/ros2_humble/install/ros2launch:/home/pi/ros2_humble/install/ros2pkg:/home/pi/ros2_humble/install/ros2node:/home/pi/ros2_humble/install/ros2multicast:/home/pi/ros2_humble/install/ros2interface:/home/pi/ros2_humble/install/ros2doctor:/home/pi/ros2_humble/install/ros2action:/home/pi/ros2_humble/install/ros2cli:/home/pi/ros2_humble/install/quality_of_service_demo_py:/home/pi/ros2_humble/install/lifecycle_py:/home/pi/ros2_humble/install/launch_testing_ros:/home/pi/ros2_humble/install/launch_ros:/home/pi/ros2_humble/install/examples_rclpy_pointcloud_publisher:/home/pi/ros2_humble/install/examples_rclpy_minimal_subscriber:/home/pi/ros2_humble/install/examples_rclpy_minimal_service:/home/pi/ros2_humble/install/examples_rclpy_minimal_publisher:/home/pi/ros2_humble/install/examples_rclpy_minimal_client:/home/pi/ros2_humble/install/examples_rclpy_minimal_action_server:/home/pi/ros2_humble/install/examples_rclpy_minimal_action_client:/home/pi/ros2_humble/install/examples_rclpy_guard_conditions:/home/pi/ros2_humble/install/examples_rclpy_executors:/home/pi/ros2_humble/install/demo_nodes_py:/home/pi/ros2_humble/install/action_tutorials_py:/home/pi/ros2_humble/install/ament_uncrustify:/home/pi/ros2_humble/install/tracetools_trace:/home/pi/ros2_humble/install/tracetools_read:/home/pi/ros2_humble/install/test_tracetools_launch:/home/pi/ros2_humble/install/test_launch_ros:/home/pi/ros2_humble/install/sensor_msgs_py:/home/pi/ros2_humble/install/rpyutils:/home/pi/ros2_humble/install/rosidl_runtime_py:/home/pi/ros2_humble/install/rosidl_cli:/home/pi/ros2_humble/install/launch_pytest:/home/pi/ros2_humble/install/launch_testing:/home/pi/ros2_humble/install/launch_yaml:/home/pi/ros2_humble/install/launch_xml:/home/pi/ros2_humble/install/launch:/home/pi/ros2_humble/install/osrf_pycommon:/home/pi/ros2_humble/install/launch_testing_examples:/home/pi/ros2_humble/install/domain_coordinator:/home/pi/ros2_humble/install/ament_xmllint:/home/pi/ros2_humble/install/ament_pyflakes:/home/pi/ros2_humble/install/ament_pycodestyle:/home/pi/ros2_humble/install/ament_pep257:/home/pi/ros2_humble/install/ament_pclint:/home/pi/ros2_humble/install/ament_package:/home/pi/ros2_humble/install/ament_mypy:/home/pi/ros2_humble/install/ament_lint_cmake:/home/pi/ros2_humble/install/ament_flake8:/home/pi/ros2_humble/install/ament_copyright:/home/pi/ros2_humble/install/ament_lint:/home/pi/ros2_humble/install/ament_index_python:/home/pi/ros2_humble/install/ament_cpplint:/home/pi/ros2_humble/install/ament_cppcheck:/home/pi/ros2_humble/install/ament_clang_tidy:/home/pi/ros2_humble/install/ament_clang_format:/opt/ros/humble /usr/bin/cmake --install /home/pi/axior_ws/src/axior_software/build/aruco_msgs
[35.237s] -- Install configuration: ""
[35.243s] -- Execute custom install script
[35.243s] -- Up-to-date symlink: /home/pi/axior_ws/src/axior_software/install/aruco_msgs/share/ament_index/resource_index/rosidl_interfaces/aruco_msgs
[35.248s] -- Up-to-date symlink: /home/pi/axior_ws/src/axior_software/install/aruco_msgs/include/aruco_msgs/aruco_msgs/msg/detail/marker__functions.h
[35.248s] -- Up-to-date symlink: /home/pi/axior_ws/src/axior_software/install/aruco_msgs/include/aruco_msgs/aruco_msgs/msg/detail/marker__struct.h
[35.251s] -- Up-to-date symlink: /home/pi/axior_ws/src/axior_software/install/aruco_msgs/include/aruco_msgs/aruco_msgs/msg/detail/marker__type_support.h
[35.253s] -- Up-to-date symlink: /home/pi/axior_ws/src/axior_software/install/aruco_msgs/include/aruco_msgs/aruco_msgs/msg/detail/marker_array__functions.h
[35.253s] -- Up-to-date symlink: /home/pi/axior_ws/src/axior_software/install/aruco_msgs/include/aruco_msgs/aruco_msgs/msg/detail/marker_array__struct.h
[35.257s] -- Up-to-date symlink: /home/pi/axior_ws/src/axior_software/install/aruco_msgs/include/aruco_msgs/aruco_msgs/msg/detail/marker_array__type_support.h
[35.258s] -- Up-to-date symlink: /home/pi/axior_ws/src/axior_software/install/aruco_msgs/include/aruco_msgs/aruco_msgs/msg/marker.h
[35.258s] -- Up-to-date symlink: /home/pi/axior_ws/src/axior_software/install/aruco_msgs/include/aruco_msgs/aruco_msgs/msg/marker_array.h
[35.259s] -- Up-to-date symlink: /home/pi/axior_ws/src/axior_software/install/aruco_msgs/include/aruco_msgs/aruco_msgs/msg/rosidl_generator_c__visibility_control.h
[35.259s] -- Up-to-date symlink: /home/pi/axior_ws/src/axior_software/install/aruco_msgs/share/aruco_msgs/environment/library_path.sh
[35.260s] -- Up-to-date symlink: /home/pi/axior_ws/src/axior_software/install/aruco_msgs/share/aruco_msgs/environment/library_path.dsv
[35.260s] -- Up-to-date symlink: /home/pi/axior_ws/src/axior_software/install/aruco_msgs/include/aruco_msgs/aruco_msgs/msg/detail/marker__rosidl_typesupport_fastrtps_c.h
[35.261s] -- Up-to-date symlink: /home/pi/axior_ws/src/axior_software/install/aruco_msgs/include/aruco_msgs/aruco_msgs/msg/detail/marker_array__rosidl_typesupport_fastrtps_c.h
[35.262s] -- Up-to-date symlink: /home/pi/axior_ws/src/axior_software/install/aruco_msgs/include/aruco_msgs/aruco_msgs/msg/rosidl_typesupport_fastrtps_c__visibility_control.h
[35.265s] -- Up-to-date symlink: /home/pi/axior_ws/src/axior_software/install/aruco_msgs/include/aruco_msgs/aruco_msgs/msg/detail/marker__builder.hpp
[35.266s] -- Up-to-date symlink: /home/pi/axior_ws/src/axior_software/install/aruco_msgs/include/aruco_msgs/aruco_msgs/msg/detail/marker__struct.hpp
[35.268s] -- Up-to-date symlink: /home/pi/axior_ws/src/axior_software/install/aruco_msgs/include/aruco_msgs/aruco_msgs/msg/detail/marker__traits.hpp
[35.269s] -- Up-to-date symlink: /home/pi/axior_ws/src/axior_software/install/aruco_msgs/include/aruco_msgs/aruco_msgs/msg/detail/marker_array__builder.hpp
[35.270s] -- Up-to-date symlink: /home/pi/axior_ws/src/axior_software/install/aruco_msgs/include/aruco_msgs/aruco_msgs/msg/detail/marker_array__struct.hpp
[35.272s] -- Up-to-date symlink: /home/pi/axior_ws/src/axior_software/install/aruco_msgs/include/aruco_msgs/aruco_msgs/msg/detail/marker_array__traits.hpp
[35.273s] -- Up-to-date symlink: /home/pi/axior_ws/src/axior_software/install/aruco_msgs/include/aruco_msgs/aruco_msgs/msg/marker.hpp
[35.273s] -- Up-to-date symlink: /home/pi/axior_ws/src/axior_software/install/aruco_msgs/include/aruco_msgs/aruco_msgs/msg/marker_array.hpp
[35.278s] -- Up-to-date symlink: /home/pi/axior_ws/src/axior_software/install/aruco_msgs/include/aruco_msgs/aruco_msgs/msg/detail/marker__rosidl_typesupport_fastrtps_cpp.hpp
[35.279s] -- Up-to-date symlink: /home/pi/axior_ws/src/axior_software/install/aruco_msgs/include/aruco_msgs/aruco_msgs/msg/detail/marker_array__rosidl_typesupport_fastrtps_cpp.hpp
[35.281s] -- Up-to-date symlink: /home/pi/axior_ws/src/axior_software/install/aruco_msgs/include/aruco_msgs/aruco_msgs/msg/rosidl_typesupport_fastrtps_cpp__visibility_control.h
[35.284s] -- Up-to-date symlink: /home/pi/axior_ws/src/axior_software/install/aruco_msgs/include/aruco_msgs/aruco_msgs/msg/detail/marker__rosidl_typesupport_introspection_c.h
[35.285s] -- Up-to-date symlink: /home/pi/axior_ws/src/axior_software/install/aruco_msgs/include/aruco_msgs/aruco_msgs/msg/detail/marker_array__rosidl_typesupport_introspection_c.h
[35.286s] -- Up-to-date symlink: /home/pi/axior_ws/src/axior_software/install/aruco_msgs/include/aruco_msgs/aruco_msgs/msg/rosidl_typesupport_introspection_c__visibility_control.h
[35.288s] -- Up-to-date symlink: /home/pi/axior_ws/src/axior_software/install/aruco_msgs/include/aruco_msgs/aruco_msgs/msg/detail/marker__rosidl_typesupport_introspection_cpp.hpp
[35.289s] -- Up-to-date symlink: /home/pi/axior_ws/src/axior_software/install/aruco_msgs/include/aruco_msgs/aruco_msgs/msg/detail/marker_array__rosidl_typesupport_introspection_cpp.hpp
[35.290s] -- Up-to-date symlink: /home/pi/axior_ws/src/axior_software/install/aruco_msgs/share/aruco_msgs/environment/pythonpath.sh
[35.291s] -- Up-to-date symlink: /home/pi/axior_ws/src/axior_software/install/aruco_msgs/share/aruco_msgs/environment/pythonpath.dsv
[35.293s] -- Up-to-date symlink: /home/pi/axior_ws/src/axior_software/install/aruco_msgs/local/lib/python3.10/dist-packages/aruco_msgs-5.0.4-py3.10.egg-info/PKG-INFO
[35.294s] -- Up-to-date symlink: /home/pi/axior_ws/src/axior_software/install/aruco_msgs/local/lib/python3.10/dist-packages/aruco_msgs-5.0.4-py3.10.egg-info/SOURCES.txt
[35.295s] -- Up-to-date symlink: /home/pi/axior_ws/src/axior_software/install/aruco_msgs/local/lib/python3.10/dist-packages/aruco_msgs-5.0.4-py3.10.egg-info/dependency_links.txt
[35.297s] -- Up-to-date symlink: /home/pi/axior_ws/src/axior_software/install/aruco_msgs/local/lib/python3.10/dist-packages/aruco_msgs-5.0.4-py3.10.egg-info/top_level.txt
[35.301s] -- Up-to-date symlink: /home/pi/axior_ws/src/axior_software/install/aruco_msgs/local/lib/python3.10/dist-packages/aruco_msgs/__init__.py
[35.302s] -- Up-to-date symlink: /home/pi/axior_ws/src/axior_software/install/aruco_msgs/local/lib/python3.10/dist-packages/aruco_msgs/_aruco_msgs_s.ep.rosidl_typesupport_c.c
[35.303s] -- Up-to-date symlink: /home/pi/axior_ws/src/axior_software/install/aruco_msgs/local/lib/python3.10/dist-packages/aruco_msgs/_aruco_msgs_s.ep.rosidl_typesupport_fastrtps_c.c
[35.304s] -- Up-to-date symlink: /home/pi/axior_ws/src/axior_software/install/aruco_msgs/local/lib/python3.10/dist-packages/aruco_msgs/_aruco_msgs_s.ep.rosidl_typesupport_introspection_c.c
[35.305s] -- Up-to-date symlink: /home/pi/axior_ws/src/axior_software/install/aruco_msgs/local/lib/python3.10/dist-packages/aruco_msgs/aruco_msgs_s__rosidl_typesupport_c.cpython-310-aarch64-linux-gnu.so
[35.306s] -- Up-to-date symlink: /home/pi/axior_ws/src/axior_software/install/aruco_msgs/local/lib/python3.10/dist-packages/aruco_msgs/aruco_msgs_s__rosidl_typesupport_fastrtps_c.cpython-310-aarch64-linux-gnu.so
[35.307s] -- Up-to-date symlink: /home/pi/axior_ws/src/axior_software/install/aruco_msgs/local/lib/python3.10/dist-packages/aruco_msgs/aruco_msgs_s__rosidl_typesupport_introspection_c.cpython-310-aarch64-linux-gnu.so
[35.308s] -- Up-to-date symlink: /home/pi/axior_ws/src/axior_software/install/aruco_msgs/local/lib/python3.10/dist-packages/aruco_msgs/libaruco_msgs__rosidl_generator_py.so
[35.309s] -- Up-to-date symlink: /home/pi/axior_ws/src/axior_software/install/aruco_msgs/local/lib/python3.10/dist-packages/aruco_msgs/msg/__init__.py
[35.310s] -- Up-to-date symlink: /home/pi/axior_ws/src/axior_software/install/aruco_msgs/local/lib/python3.10/dist-packages/aruco_msgs/msg/_marker.py
[35.311s] -- Up-to-date symlink: /home/pi/axior_ws/src/axior_software/install/aruco_msgs/local/lib/python3.10/dist-packages/aruco_msgs/msg/_marker_array.py
[35.312s] -- Up-to-date symlink: /home/pi/axior_ws/src/axior_software/install/aruco_msgs/local/lib/python3.10/dist-packages/aruco_msgs/msg/_marker_array_s.c
[35.313s] -- Up-to-date symlink: /home/pi/axior_ws/src/axior_software/install/aruco_msgs/local/lib/python3.10/dist-packages/aruco_msgs/msg/_marker_s.c
[35.315s] -- Up-to-date symlink: /home/pi/axior_ws/src/axior_software/install/aruco_msgs/local/lib/python3.10/dist-packages/aruco_msgs/aruco_msgs_s__rosidl_typesupport_introspection_c.cpython-310-aarch64-linux-gnu.so
[35.317s] -- Up-to-date symlink: /home/pi/axior_ws/src/axior_software/install/aruco_msgs/local/lib/python3.10/dist-packages/aruco_msgs/aruco_msgs_s__rosidl_typesupport_fastrtps_c.cpython-310-aarch64-linux-gnu.so
[35.318s] -- Up-to-date symlink: /home/pi/axior_ws/src/axior_software/install/aruco_msgs/local/lib/python3.10/dist-packages/aruco_msgs/aruco_msgs_s__rosidl_typesupport_c.cpython-310-aarch64-linux-gnu.so
[35.319s] -- Up-to-date symlink: /home/pi/axior_ws/src/axior_software/install/aruco_msgs/share/aruco_msgs/msg/Marker.idl
[35.321s] -- Up-to-date symlink: /home/pi/axior_ws/src/axior_software/install/aruco_msgs/share/aruco_msgs/msg/MarkerArray.idl
[35.322s] -- Up-to-date symlink: /home/pi/axior_ws/src/axior_software/install/aruco_msgs/share/aruco_msgs/msg/Marker.msg
[35.323s] -- Up-to-date symlink: /home/pi/axior_ws/src/axior_software/install/aruco_msgs/share/aruco_msgs/msg/MarkerArray.msg
[35.324s] -- Up-to-date symlink: /home/pi/axior_ws/src/axior_software/install/aruco_msgs/share/ament_index/resource_index/package_run_dependencies/aruco_msgs
[35.326s] -- Up-to-date symlink: /home/pi/axior_ws/src/axior_software/install/aruco_msgs/share/ament_index/resource_index/parent_prefix_path/aruco_msgs
[35.327s] -- Up-to-date symlink: /home/pi/axior_ws/src/axior_software/install/aruco_msgs/share/aruco_msgs/environment/ament_prefix_path.sh
[35.328s] -- Up-to-date symlink: /home/pi/axior_ws/src/axior_software/install/aruco_msgs/share/aruco_msgs/environment/ament_prefix_path.dsv
[35.329s] -- Up-to-date symlink: /home/pi/axior_ws/src/axior_software/install/aruco_msgs/share/aruco_msgs/environment/path.sh
[35.330s] -- Up-to-date symlink: /home/pi/axior_ws/src/axior_software/install/aruco_msgs/share/aruco_msgs/environment/path.dsv
[35.331s] -- Up-to-date symlink: /home/pi/axior_ws/src/axior_software/install/aruco_msgs/share/aruco_msgs/local_setup.bash
[35.332s] -- Up-to-date symlink: /home/pi/axior_ws/src/axior_software/install/aruco_msgs/share/aruco_msgs/local_setup.sh
[35.333s] -- Up-to-date symlink: /home/pi/axior_ws/src/axior_software/install/aruco_msgs/share/aruco_msgs/local_setup.zsh
[35.334s] -- Up-to-date symlink: /home/pi/axior_ws/src/axior_software/install/aruco_msgs/share/aruco_msgs/local_setup.dsv
[35.335s] -- Symlinking: /home/pi/axior_ws/src/axior_software/install/aruco_msgs/share/aruco_msgs/package.dsv
[35.501s] -- Up-to-date symlink: /home/pi/axior_ws/src/axior_software/install/aruco_msgs/share/ament_index/resource_index/packages/aruco_msgs
[35.502s] -- Up-to-date symlink: /home/pi/axior_ws/src/axior_software/install/aruco_msgs/share/aruco_msgs/cmake/rosidl_cmake-extras.cmake
[35.503s] -- Up-to-date symlink: /home/pi/axior_ws/src/axior_software/install/aruco_msgs/share/aruco_msgs/cmake/ament_cmake_export_dependencies-extras.cmake
[35.507s] -- Up-to-date symlink: /home/pi/axior_ws/src/axior_software/install/aruco_msgs/share/aruco_msgs/cmake/ament_cmake_export_include_directories-extras.cmake
[35.508s] -- Up-to-date symlink: /home/pi/axior_ws/src/axior_software/install/aruco_msgs/share/aruco_msgs/cmake/ament_cmake_export_libraries-extras.cmake
[35.509s] -- Up-to-date symlink: /home/pi/axior_ws/src/axior_software/install/aruco_msgs/share/aruco_msgs/cmake/ament_cmake_export_targets-extras.cmake
[35.511s] -- Up-to-date symlink: /home/pi/axior_ws/src/axior_software/install/aruco_msgs/share/aruco_msgs/cmake/rosidl_cmake_export_typesupport_targets-extras.cmake
[35.511s] -- Up-to-date symlink: /home/pi/axior_ws/src/axior_software/install/aruco_msgs/share/aruco_msgs/cmake/rosidl_cmake_export_typesupport_libraries-extras.cmake
[35.513s] -- Up-to-date symlink: /home/pi/axior_ws/src/axior_software/install/aruco_msgs/share/aruco_msgs/cmake/aruco_msgsConfig.cmake
[35.515s] -- Up-to-date symlink: /home/pi/axior_ws/src/axior_software/install/aruco_msgs/share/aruco_msgs/cmake/aruco_msgsConfig-version.cmake
[35.516s] -- Up-to-date symlink: /home/pi/axior_ws/src/axior_software/install/aruco_msgs/share/aruco_msgs/package.xml
[35.517s] -- Up-to-date: /home/pi/axior_ws/src/axior_software/install/aruco_msgs/lib/libaruco_msgs__rosidl_generator_c.so
[35.519s] -- Up-to-date: /home/pi/axior_ws/src/axior_software/install/aruco_msgs/lib/libaruco_msgs__rosidl_typesupport_fastrtps_c.so
[35.522s] -- Up-to-date: /home/pi/axior_ws/src/axior_software/install/aruco_msgs/lib/libaruco_msgs__rosidl_typesupport_fastrtps_cpp.so
[35.524s] -- Up-to-date: /home/pi/axior_ws/src/axior_software/install/aruco_msgs/lib/libaruco_msgs__rosidl_typesupport_introspection_c.so
[35.526s] -- Up-to-date: /home/pi/axior_ws/src/axior_software/install/aruco_msgs/lib/libaruco_msgs__rosidl_typesupport_c.so
[35.528s] -- Up-to-date: /home/pi/axior_ws/src/axior_software/install/aruco_msgs/lib/libaruco_msgs__rosidl_typesupport_introspection_cpp.so
[35.530s] -- Up-to-date: /home/pi/axior_ws/src/axior_software/install/aruco_msgs/lib/libaruco_msgs__rosidl_typesupport_cpp.so
[36.457s] Listing '/home/pi/axior_ws/src/axior_software/install/aruco_msgs/local/lib/python3.10/dist-packages/aruco_msgs'...
[36.459s] Compiling '/home/pi/axior_ws/src/axior_software/install/aruco_msgs/local/lib/python3.10/dist-packages/aruco_msgs/__init__.py'...
[36.460s] Listing '/home/pi/axior_ws/src/axior_software/install/aruco_msgs/local/lib/python3.10/dist-packages/aruco_msgs/msg'...
[36.493s] -- Up-to-date: /home/pi/axior_ws/src/axior_software/install/aruco_msgs/lib/libaruco_msgs__rosidl_generator_py.so
[36.495s] -- Up-to-date: /home/pi/axior_ws/src/axior_software/install/aruco_msgs/share/aruco_msgs/cmake/export_aruco_msgs__rosidl_generator_cExport.cmake
[36.496s] -- Up-to-date: /home/pi/axior_ws/src/axior_software/install/aruco_msgs/share/aruco_msgs/cmake/export_aruco_msgs__rosidl_generator_cExport-noconfig.cmake
[36.497s] -- Up-to-date: /home/pi/axior_ws/src/axior_software/install/aruco_msgs/share/aruco_msgs/cmake/export_aruco_msgs__rosidl_typesupport_fastrtps_cExport.cmake
[36.498s] -- Up-to-date: /home/pi/axior_ws/src/axior_software/install/aruco_msgs/share/aruco_msgs/cmake/export_aruco_msgs__rosidl_typesupport_fastrtps_cExport-noconfig.cmake
[36.499s] -- Up-to-date: /home/pi/axior_ws/src/axior_software/install/aruco_msgs/share/aruco_msgs/cmake/export_aruco_msgs__rosidl_generator_cppExport.cmake
[36.500s] -- Up-to-date: /home/pi/axior_ws/src/axior_software/install/aruco_msgs/share/aruco_msgs/cmake/export_aruco_msgs__rosidl_typesupport_fastrtps_cppExport.cmake
[36.501s] -- Up-to-date: /home/pi/axior_ws/src/axior_software/install/aruco_msgs/share/aruco_msgs/cmake/export_aruco_msgs__rosidl_typesupport_fastrtps_cppExport-noconfig.cmake
[36.502s] -- Up-to-date: /home/pi/axior_ws/src/axior_software/install/aruco_msgs/share/aruco_msgs/cmake/aruco_msgs__rosidl_typesupport_introspection_cExport.cmake
[36.503s] -- Up-to-date: /home/pi/axior_ws/src/axior_software/install/aruco_msgs/share/aruco_msgs/cmake/aruco_msgs__rosidl_typesupport_introspection_cExport-noconfig.cmake
[36.505s] -- Up-to-date: /home/pi/axior_ws/src/axior_software/install/aruco_msgs/share/aruco_msgs/cmake/aruco_msgs__rosidl_typesupport_cExport.cmake
[36.506s] -- Up-to-date: /home/pi/axior_ws/src/axior_software/install/aruco_msgs/share/aruco_msgs/cmake/aruco_msgs__rosidl_typesupport_cExport-noconfig.cmake
[36.507s] -- Up-to-date: /home/pi/axior_ws/src/axior_software/install/aruco_msgs/share/aruco_msgs/cmake/aruco_msgs__rosidl_typesupport_introspection_cppExport.cmake
[36.508s] -- Up-to-date: /home/pi/axior_ws/src/axior_software/install/aruco_msgs/share/aruco_msgs/cmake/aruco_msgs__rosidl_typesupport_introspection_cppExport-noconfig.cmake
[36.509s] -- Up-to-date: /home/pi/axior_ws/src/axior_software/install/aruco_msgs/share/aruco_msgs/cmake/aruco_msgs__rosidl_typesupport_cppExport.cmake
[36.510s] -- Up-to-date: /home/pi/axior_ws/src/axior_software/install/aruco_msgs/share/aruco_msgs/cmake/aruco_msgs__rosidl_typesupport_cppExport-noconfig.cmake
[36.511s] -- Up-to-date: /home/pi/axior_ws/src/axior_software/install/aruco_msgs/share/aruco_msgs/cmake/export_aruco_msgs__rosidl_generator_pyExport.cmake
[36.511s] -- Up-to-date: /home/pi/axior_ws/src/axior_software/install/aruco_msgs/share/aruco_msgs/cmake/export_aruco_msgs__rosidl_generator_pyExport-noconfig.cmake
[36.520s] Invoked command in '/home/pi/axior_ws/src/axior_software/build/aruco_msgs' returned '0': CMAKE_PREFIX_PATH=${CMAKE_PREFIX_PATH}:/home/pi/ros2_humble/install/rqt_bag_plugins:/home/pi/ros2_humble/install/rqt_bag:/home/pi/ros2_humble/install/ros2bag:/home/pi/ros2_humble/install/tracetools_test:/home/pi/ros2_humble/install/tracetools_launch:/home/pi/ros2_humble/install/topic_monitor:/home/pi/ros2_humble/install/tf2_tools:/home/pi/ros2_humble/install/examples_tf2_py:/home/pi/ros2_humble/install/tf2_ros_py:/home/pi/ros2_humble/install/sros2:/home/pi/ros2_humble/install/rqt_topic:/home/pi/ros2_humble/install/rqt_srv:/home/pi/ros2_humble/install/rqt_shell:/home/pi/ros2_humble/install/rqt_service_caller:/home/pi/ros2_humble/install/rqt_reconfigure:/home/pi/ros2_humble/install/rqt_py_console:/home/pi/ros2_humble/install/rqt_publisher:/home/pi/ros2_humble/install/rqt_plot:/home/pi/ros2_humble/install/rqt_action:/home/pi/ros2_humble/install/rqt_msg:/home/pi/ros2_humble/install/rqt_console:/home/pi/ros2_humble/install/rqt:/home/pi/ros2_humble/install/rqt_graph:/home/pi/ros2_humble/install/rqt_gui_py:/home/pi/ros2_humble/install/rqt_gui:/home/pi/ros2_humble/install/ros2trace:/home/pi/ros2_humble/install/ros2topic:/home/pi/ros2_humble/install/ros2test:/home/pi/ros2_humble/install/ros2component:/home/pi/ros2_humble/install/ros2param:/home/pi/ros2_humble/install/ros2lifecycle:/home/pi/ros2_humble/install/ros2service:/home/pi/ros2_humble/install/ros2run:/home/pi/ros2_humble/install/ros2launch:/home/pi/ros2_humble/install/ros2pkg:/home/pi/ros2_humble/install/ros2node:/home/pi/ros2_humble/install/ros2multicast:/home/pi/ros2_humble/install/ros2interface:/home/pi/ros2_humble/install/ros2doctor:/home/pi/ros2_humble/install/ros2action:/home/pi/ros2_humble/install/ros2cli:/home/pi/ros2_humble/install/quality_of_service_demo_py:/home/pi/ros2_humble/install/lifecycle_py:/home/pi/ros2_humble/install/launch_testing_ros:/home/pi/ros2_humble/install/launch_ros:/home/pi/ros2_humble/install/examples_rclpy_pointcloud_publisher:/home/pi/ros2_humble/install/examples_rclpy_minimal_subscriber:/home/pi/ros2_humble/install/examples_rclpy_minimal_service:/home/pi/ros2_humble/install/examples_rclpy_minimal_publisher:/home/pi/ros2_humble/install/examples_rclpy_minimal_client:/home/pi/ros2_humble/install/examples_rclpy_minimal_action_server:/home/pi/ros2_humble/install/examples_rclpy_minimal_action_client:/home/pi/ros2_humble/install/examples_rclpy_guard_conditions:/home/pi/ros2_humble/install/examples_rclpy_executors:/home/pi/ros2_humble/install/demo_nodes_py:/home/pi/ros2_humble/install/action_tutorials_py:/home/pi/ros2_humble/install/ament_uncrustify:/home/pi/ros2_humble/install/tracetools_trace:/home/pi/ros2_humble/install/tracetools_read:/home/pi/ros2_humble/install/test_tracetools_launch:/home/pi/ros2_humble/install/test_launch_ros:/home/pi/ros2_humble/install/sensor_msgs_py:/home/pi/ros2_humble/install/rpyutils:/home/pi/ros2_humble/install/rosidl_runtime_py:/home/pi/ros2_humble/install/rosidl_cli:/home/pi/ros2_humble/install/launch_pytest:/home/pi/ros2_humble/install/launch_testing:/home/pi/ros2_humble/install/launch_yaml:/home/pi/ros2_humble/install/launch_xml:/home/pi/ros2_humble/install/launch:/home/pi/ros2_humble/install/osrf_pycommon:/home/pi/ros2_humble/install/launch_testing_examples:/home/pi/ros2_humble/install/domain_coordinator:/home/pi/ros2_humble/install/ament_xmllint:/home/pi/ros2_humble/install/ament_pyflakes:/home/pi/ros2_humble/install/ament_pycodestyle:/home/pi/ros2_humble/install/ament_pep257:/home/pi/ros2_humble/install/ament_pclint:/home/pi/ros2_humble/install/ament_package:/home/pi/ros2_humble/install/ament_mypy:/home/pi/ros2_humble/install/ament_lint_cmake:/home/pi/ros2_humble/install/ament_flake8:/home/pi/ros2_humble/install/ament_copyright:/home/pi/ros2_humble/install/ament_lint:/home/pi/ros2_humble/install/ament_index_python:/home/pi/ros2_humble/install/ament_cpplint:/home/pi/ros2_humble/install/ament_cppcheck:/home/pi/ros2_humble/install/ament_clang_tidy:/home/pi/ros2_humble/install/ament_clang_format:/opt/ros/humble /usr/bin/cmake --install /home/pi/axior_ws/src/axior_software/build/aruco_msgs
